<?xml version="1.0" encoding="UTF-8"?>
<testsuite xmlns:xsi="http://www.w3.org/2001/XMLSchema-instance" xsi:noNamespaceSchemaLocation="https://maven.apache.org/surefire/maven-surefire-plugin/xsd/surefire-test-report-3.0.xsd" version="3.0" name="com.taskscheduler.WorkerTest" time="1.374" tests="1" errors="0" skipped="0" failures="0">
  <properties>
[...]
</properties>
  <testcase name="testWorkerProcessing" classname="com.taskscheduler.WorkerTest" time="1.374">
    <system-out><![CDATA[Processed Task 50 (HIGH) | Wait: 1ms, Turnaround: 66ms, Thread: Thread-1
Processed Task 49 (HIGH) | Wait: 1ms, Turnaround: 66ms, Thread: Thread-2
Processed Task 47 (HIGH) | Wait: 66ms, Turnaround: 117ms, Thread: Thread-1
Processed Task 48 (HIGH) | Wait: 66ms, Turnaround: 117ms, Thread: Thread-2
Processed Task 46 (HIGH) | Wait: 117ms, Turnaround: 175ms, Thread: Thread-2
Processed Task 45 (HIGH) | Wait: 117ms, Turnaround: 175ms, Thread: Thread-1
Processed Task 44 (HIGH) | Wait: 175ms, Turnaround: 228ms, Thread: Thread-2
Processed Task 43 (HIGH) | Wait: 175ms, Turnaround: 228ms, Thread: Thread-1
Processed Task 42 (HIGH) | Wait: 228ms, Turnaround: 289ms, Thread: Thread-2
Processed Task 41 (HIGH) | Wait: 228ms, Turnaround: 289ms, Thread: Thread-1
Processed Task 40 (HIGH) | Wait: 289ms, Turnaround: 340ms, Thread: Thread-2
Processed Task 39 (HIGH) | Wait: 289ms, Turnaround: 340ms, Thread: Thread-1
Processed Task 37 (HIGH) | Wait: 340ms, Turnaround: 394ms, Thread: Thread-1
Processed Task 38 (HIGH) | Wait: 340ms, Turnaround: 394ms, Thread: Thread-2
Processed Task 35 (HIGH) | Wait: 394ms, Turnaround: 450ms, Thread: Thread-1
Processed Task 36 (HIGH) | Wait: 394ms, Turnaround: 450ms, Thread: Thread-2
Processed Task 33 (HIGH) | Wait: 450ms, Turnaround: 506ms, Thread: Thread-2
Processed Task 34 (HIGH) | Wait: 450ms, Turnaround: 506ms, Thread: Thread-1
Processed Task 32 (HIGH) | Wait: 506ms, Turnaround: 560ms, Thread: Thread-2
Processed Task 31 (HIGH) | Wait: 506ms, Turnaround: 560ms, Thread: Thread-1
Processed Task 30 (HIGH) | Wait: 560ms, Turnaround: 613ms, Thread: Thread-1
Processed Task 29 (HIGH) | Wait: 560ms, Turnaround: 613ms, Thread: Thread-2
Processed Task 28 (HIGH) | Wait: 613ms, Turnaround: 663ms, Thread: Thread-1
Processed Task 27 (HIGH) | Wait: 613ms, Turnaround: 663ms, Thread: Thread-2
Processed Task 25 (HIGH) | Wait: 663ms, Turnaround: 720ms, Thread: Thread-2
Processed Task 26 (HIGH) | Wait: 663ms, Turnaround: 720ms, Thread: Thread-1
Processed Task 24 (HIGH) | Wait: 720ms, Turnaround: 771ms, Thread: Thread-2
Processed Task 23 (HIGH) | Wait: 720ms, Turnaround: 771ms, Thread: Thread-1
Processed Task 21 (HIGH) | Wait: 771ms, Turnaround: 829ms, Thread: Thread-1
Processed Task 22 (HIGH) | Wait: 771ms, Turnaround: 829ms, Thread: Thread-2
Processed Task 19 (HIGH) | Wait: 829ms, Turnaround: 880ms, Thread: Thread-2
Processed Task 20 (HIGH) | Wait: 829ms, Turnaround: 880ms, Thread: Thread-1
Processed Task 18 (HIGH) | Wait: 880ms, Turnaround: 936ms, Thread: Thread-2
Processed Task 17 (HIGH) | Wait: 880ms, Turnaround: 936ms, Thread: Thread-1
Processed Task 15 (HIGH) | Wait: 936ms, Turnaround: 991ms, Thread: Thread-1
Processed Task 16 (HIGH) | Wait: 936ms, Turnaround: 991ms, Thread: Thread-2
Processed Task 13 (HIGH) | Wait: 991ms, Turnaround: 1057ms, Thread: Thread-1
Processed Task 14 (HIGH) | Wait: 991ms, Turnaround: 1057ms, Thread: Thread-2
Processed Task 11 (HIGH) | Wait: 1057ms, Turnaround: 1110ms, Thread: Thread-1
Processed Task 12 (HIGH) | Wait: 1057ms, Turnaround: 1110ms, Thread: Thread-2
Processed Task 10 (HIGH) | Wait: 1110ms, Turnaround: 1164ms, Thread: Thread-2
Processed Task 9 (HIGH) | Wait: 1110ms, Turnaround: 1164ms, Thread: Thread-1
Processed Task 7 (HIGH) | Wait: 1164ms, Turnaround: 1219ms, Thread: Thread-1
Processed Task 8 (HIGH) | Wait: 1164ms, Turnaround: 1219ms, Thread: Thread-2
Processed Task 6 (HIGH) | Wait: 1219ms, Turnaround: 1272ms, Thread: Thread-1
Processed Task 5 (HIGH) | Wait: 1219ms, Turnaround: 1272ms, Thread: Thread-2
Processed Task 3 (HIGH) | Wait: 1272ms, Turnaround: 1326ms, Thread: Thread-2
Processed Task 4 (HIGH) | Wait: 1272ms, Turnaround: 1326ms, Thread: Thread-1
Processed Task 2 (HIGH) | Wait: 1326ms, Turnaround: 1380ms, Thread: Thread-2
Processed Task 1 (HIGH) | Wait: 1326ms, Turnaround: 1380ms, Thread: Thread-1
]]></system-out>
  </testcase>
</testsuite>