<?xml version="1.0" encoding="UTF-8"?>
<testsuite xmlns:xsi="http://www.w3.org/2001/XMLSchema-instance" xsi:noNamespaceSchemaLocation="https://maven.apache.org/surefire/maven-surefire-plugin/xsd/surefire-test-report-3.0.xsd" version="3.0" name="com.taskscheduler.WorkerTest" time="1.398" tests="1" errors="0" skipped="0" failures="0">
  <properties>
[...]
</properties>
  <testcase name="testWorkerProcessing" classname="com.taskscheduler.WorkerTest" time="1.398">
    <system-out><![CDATA[Processed Task 49 (HIGH) | Wait: 0ms, Turnaround: 58ms, Thread: Thread-2
Processed Task 50 (HIGH) | Wait: 0ms, Turnaround: 58ms, Thread: Thread-1
Processed Task 48 (HIGH) | Wait: 58ms, Turnaround: 116ms, Thread: Thread-1
Processed Task 47 (HIGH) | Wait: 58ms, Turnaround: 116ms, Thread: Thread-2
Processed Task 46 (HIGH) | Wait: 116ms, Turnaround: 166ms, Thread: Thread-1
Processed Task 45 (HIGH) | Wait: 116ms, Turnaround: 169ms, Thread: Thread-2
Processed Task 44 (HIGH) | Wait: 166ms, Turnaround: 231ms, Thread: Thread-1
Processed Task 43 (HIGH) | Wait: 169ms, Turnaround: 231ms, Thread: Thread-2
Processed Task 42 (HIGH) | Wait: 231ms, Turnaround: 285ms, Thread: Thread-2
Processed Task 41 (HIGH) | Wait: 231ms, Turnaround: 285ms, Thread: Thread-1
Processed Task 40 (HIGH) | Wait: 285ms, Turnaround: 339ms, Thread: Thread-2
Processed Task 39 (HIGH) | Wait: 285ms, Turnaround: 339ms, Thread: Thread-1
Processed Task 38 (HIGH) | Wait: 339ms, Turnaround: 391ms, Thread: Thread-2
Processed Task 37 (HIGH) | Wait: 339ms, Turnaround: 391ms, Thread: Thread-1
Processed Task 35 (HIGH) | Wait: 391ms, Turnaround: 445ms, Thread: Thread-2
Processed Task 36 (HIGH) | Wait: 391ms, Turnaround: 445ms, Thread: Thread-1
Processed Task 33 (HIGH) | Wait: 445ms, Turnaround: 501ms, Thread: Thread-2
Processed Task 34 (HIGH) | Wait: 445ms, Turnaround: 501ms, Thread: Thread-1
Processed Task 31 (HIGH) | Wait: 501ms, Turnaround: 557ms, Thread: Thread-2
Processed Task 32 (HIGH) | Wait: 501ms, Turnaround: 557ms, Thread: Thread-1
Processed Task 29 (HIGH) | Wait: 557ms, Turnaround: 631ms, Thread: Thread-2
Processed Task 30 (HIGH) | Wait: 557ms, Turnaround: 631ms, Thread: Thread-1
Processed Task 28 (HIGH) | Wait: 631ms, Turnaround: 682ms, Thread: Thread-2
Processed Task 27 (HIGH) | Wait: 631ms, Turnaround: 682ms, Thread: Thread-1
Processed Task 26 (HIGH) | Wait: 682ms, Turnaround: 739ms, Thread: Thread-1
Processed Task 25 (HIGH) | Wait: 682ms, Turnaround: 739ms, Thread: Thread-2
Processed Task 23 (HIGH) | Wait: 739ms, Turnaround: 796ms, Thread: Thread-2
Processed Task 24 (HIGH) | Wait: 739ms, Turnaround: 796ms, Thread: Thread-1
Processed Task 22 (HIGH) | Wait: 796ms, Turnaround: 855ms, Thread: Thread-2
Processed Task 21 (HIGH) | Wait: 796ms, Turnaround: 855ms, Thread: Thread-1
Processed Task 19 (HIGH) | Wait: 855ms, Turnaround: 911ms, Thread: Thread-2
Processed Task 20 (HIGH) | Wait: 855ms, Turnaround: 911ms, Thread: Thread-1
Processed Task 17 (HIGH) | Wait: 911ms, Turnaround: 961ms, Thread: Thread-2
Processed Task 18 (HIGH) | Wait: 911ms, Turnaround: 961ms, Thread: Thread-1
Processed Task 16 (HIGH) | Wait: 961ms, Turnaround: 1011ms, Thread: Thread-1
Processed Task 15 (HIGH) | Wait: 961ms, Turnaround: 1011ms, Thread: Thread-2
Processed Task 13 (HIGH) | Wait: 1011ms, Turnaround: 1068ms, Thread: Thread-1
Processed Task 14 (HIGH) | Wait: 1011ms, Turnaround: 1068ms, Thread: Thread-2
Processed Task 11 (HIGH) | Wait: 1068ms, Turnaround: 1122ms, Thread: Thread-2
Processed Task 12 (HIGH) | Wait: 1068ms, Turnaround: 1122ms, Thread: Thread-1
Processed Task 10 (HIGH) | Wait: 1122ms, Turnaround: 1173ms, Thread: Thread-2
Processed Task 9 (HIGH) | Wait: 1122ms, Turnaround: 1173ms, Thread: Thread-1
Processed Task 7 (HIGH) | Wait: 1173ms, Turnaround: 1232ms, Thread: Thread-2
Processed Task 8 (HIGH) | Wait: 1173ms, Turnaround: 1232ms, Thread: Thread-1
Processed Task 5 (HIGH) | Wait: 1232ms, Turnaround: 1291ms, Thread: Thread-1
Processed Task 6 (HIGH) | Wait: 1232ms, Turnaround: 1291ms, Thread: Thread-2
Processed Task 3 (HIGH) | Wait: 1291ms, Turnaround: 1342ms, Thread: Thread-1
Processed Task 4 (HIGH) | Wait: 1291ms, Turnaround: 1342ms, Thread: Thread-2
Processed Task 1 (HIGH) | Wait: 1342ms, Turnaround: 1398ms, Thread: Thread-2
Processed Task 2 (HIGH) | Wait: 1342ms, Turnaround: 1398ms, Thread: Thread-1
]]></system-out>
  </testcase>
</testsuite>