<?xml version="1.0" encoding="UTF-8"?>
<testsuite xmlns:xsi="http://www.w3.org/2001/XMLSchema-instance" xsi:noNamespaceSchemaLocation="https://maven.apache.org/surefire/maven-surefire-plugin/xsd/surefire-test-report-3.0.xsd" version="3.0" name="com.taskscheduler.SystemTest" time="11.055" tests="1" errors="0" skipped="0" failures="0">
  <properties>
[...]
</properties>
  <testcase name="testFullExperimentRun" classname="com.taskscheduler.SystemTest" time="11.015">
    <system-out><![CDATA[
=============================
Starting run 1 of 5
=============================
Processed Task 3 (LOW) | Wait: 0ms, Turnaround: 54ms, Thread: pool-2-thread-3
Processed Task 2 (MEDIUM) | Wait: 0ms, Turnaround: 54ms, Thread: pool-2-thread-2
Processed Task 98 (HIGH) | Wait: 0ms, Turnaround: 54ms, Thread: pool-2-thread-1
Processed Task 5 (LOW) | Wait: 54ms, Turnaround: 116ms, Thread: pool-2-thread-3
Processed Task 97 (HIGH) | Wait: 54ms, Turnaround: 116ms, Thread: pool-2-thread-1
Processed Task 6 (MEDIUM) | Wait: 54ms, Turnaround: 116ms, Thread: pool-2-thread-2
Processed Task 95 (HIGH) | Wait: 116ms, Turnaround: 168ms, Thread: pool-2-thread-1
Processed Task 11 (MEDIUM) | Wait: 116ms, Turnaround: 168ms, Thread: pool-2-thread-2
Processed Task 7 (LOW) | Wait: 116ms, Turnaround: 168ms, Thread: pool-2-thread-3
Processed Task 88 (HIGH) | Wait: 168ms, Turnaround: 218ms, Thread: pool-2-thread-1
Processed Task 12 (MEDIUM) | Wait: 168ms, Turnaround: 219ms, Thread: pool-2-thread-2
Processed Task 9 (LOW) | Wait: 168ms, Turnaround: 219ms, Thread: pool-2-thread-3
Processed Task 16 (MEDIUM) | Wait: 219ms, Turnaround: 274ms, Thread: pool-2-thread-2
Processed Task 82 (HIGH) | Wait: 218ms, Turnaround: 274ms, Thread: pool-2-thread-1
Processed Task 15 (LOW) | Wait: 219ms, Turnaround: 274ms, Thread: pool-2-thread-3
Processed Task 18 (LOW) | Wait: 274ms, Turnaround: 325ms, Thread: pool-2-thread-3
Processed Task 81 (HIGH) | Wait: 274ms, Turnaround: 325ms, Thread: pool-2-thread-1
Processed Task 19 (MEDIUM) | Wait: 274ms, Turnaround: 325ms, Thread: pool-2-thread-2
Processed Task 20 (MEDIUM) | Wait: 325ms, Turnaround: 382ms, Thread: pool-2-thread-2
Processed Task 80 (HIGH) | Wait: 325ms, Turnaround: 382ms, Thread: pool-2-thread-1
Processed Task 21 (LOW) | Wait: 325ms, Turnaround: 382ms, Thread: pool-2-thread-3
Processed Task 23 (MEDIUM) | Wait: 382ms, Turnaround: 433ms, Thread: pool-2-thread-2
Processed Task 69 (HIGH) | Wait: 382ms, Turnaround: 433ms, Thread: pool-2-thread-1
Processed Task 22 (LOW) | Wait: 382ms, Turnaround: 433ms, Thread: pool-2-thread-3
Processed Task 24 (LOW) | Wait: 433ms, Turnaround: 489ms, Thread: pool-2-thread-3
Processed Task 31 (MEDIUM) | Wait: 433ms, Turnaround: 489ms, Thread: pool-2-thread-2
Processed Task 67 (HIGH) | Wait: 433ms, Turnaround: 489ms, Thread: pool-2-thread-1
Processed Task 66 (HIGH) | Wait: 489ms, Turnaround: 540ms, Thread: pool-2-thread-1
Processed Task 25 (LOW) | Wait: 489ms, Turnaround: 540ms, Thread: pool-2-thread-3
Processed Task 33 (MEDIUM) | Wait: 489ms, Turnaround: 540ms, Thread: pool-2-thread-2
Processed Task 38 (MEDIUM) | Wait: 540ms, Turnaround: 590ms, Thread: pool-2-thread-2
Processed Task 27 (LOW) | Wait: 540ms, Turnaround: 590ms, Thread: pool-2-thread-3
Processed Task 64 (HIGH) | Wait: 540ms, Turnaround: 590ms, Thread: pool-2-thread-1
Processed Task 39 (MEDIUM) | Wait: 590ms, Turnaround: 646ms, Thread: pool-2-thread-2
Processed Task 53 (HIGH) | Wait: 590ms, Turnaround: 646ms, Thread: pool-2-thread-1
Processed Task 29 (LOW) | Wait: 590ms, Turnaround: 646ms, Thread: pool-2-thread-3
Processed Task 52 (HIGH) | Wait: 646ms, Turnaround: 699ms, Thread: pool-2-thread-1
Processed Task 30 (LOW) | Wait: 646ms, Turnaround: 701ms, Thread: pool-2-thread-3
Processed Task 49 (MEDIUM) | Wait: 646ms, Turnaround: 701ms, Thread: pool-2-thread-2
Processed Task 35 (LOW) | Wait: 701ms, Turnaround: 757ms, Thread: pool-2-thread-3
Processed Task 51 (HIGH) | Wait: 699ms, Turnaround: 757ms, Thread: pool-2-thread-1
Processed Task 54 (MEDIUM) | Wait: 701ms, Turnaround: 757ms, Thread: pool-2-thread-2
Processed Task 50 (HIGH) | Wait: 757ms, Turnaround: 813ms, Thread: pool-2-thread-1
Processed Task 55 (MEDIUM) | Wait: 757ms, Turnaround: 813ms, Thread: pool-2-thread-2
Processed Task 37 (LOW) | Wait: 757ms, Turnaround: 813ms, Thread: pool-2-thread-3
Processed Task 56 (MEDIUM) | Wait: 813ms, Turnaround: 864ms, Thread: pool-2-thread-2
Processed Task 42 (LOW) | Wait: 813ms, Turnaround: 864ms, Thread: pool-2-thread-3
Processed Task 46 (HIGH) | Wait: 813ms, Turnaround: 864ms, Thread: pool-2-thread-1
Processed Task 43 (LOW) | Wait: 864ms, Turnaround: 921ms, Thread: pool-2-thread-3
Processed Task 59 (MEDIUM) | Wait: 864ms, Turnaround: 921ms, Thread: pool-2-thread-2
Processed Task 45 (HIGH) | Wait: 864ms, Turnaround: 921ms, Thread: pool-2-thread-1
Processed Task 61 (MEDIUM) | Wait: 921ms, Turnaround: 972ms, Thread: pool-2-thread-2
Processed Task 47 (LOW) | Wait: 921ms, Turnaround: 972ms, Thread: pool-2-thread-3
Processed Task 44 (HIGH) | Wait: 921ms, Turnaround: 972ms, Thread: pool-2-thread-1
Processed Task 41 (HIGH) | Wait: 972ms, Turnaround: 1029ms, Thread: pool-2-thread-1
Processed Task 63 (MEDIUM) | Wait: 972ms, Turnaround: 1029ms, Thread: pool-2-thread-2
Processed Task 48 (LOW) | Wait: 972ms, Turnaround: 1029ms, Thread: pool-2-thread-3
Processed Task 68 (MEDIUM) | Wait: 1029ms, Turnaround: 1080ms, Thread: pool-2-thread-2
Processed Task 40 (HIGH) | Wait: 1029ms, Turnaround: 1080ms, Thread: pool-2-thread-1
Processed Task 57 (LOW) | Wait: 1029ms, Turnaround: 1080ms, Thread: pool-2-thread-3
Processed Task 36 (HIGH) | Wait: 1080ms, Turnaround: 1137ms, Thread: pool-2-thread-1
Processed Task 70 (MEDIUM) | Wait: 1080ms, Turnaround: 1137ms, Thread: pool-2-thread-2
Processed Task 58 (LOW) | Wait: 1080ms, Turnaround: 1137ms, Thread: pool-2-thread-3
Processed Task 34 (HIGH) | Wait: 1137ms, Turnaround: 1187ms, Thread: pool-2-thread-1
Processed Task 73 (MEDIUM) | Wait: 1137ms, Turnaround: 1187ms, Thread: pool-2-thread-2
Processed Task 60 (LOW) | Wait: 1137ms, Turnaround: 1187ms, Thread: pool-2-thread-3
Processed Task 62 (LOW) | Wait: 1187ms, Turnaround: 1244ms, Thread: pool-2-thread-3
Processed Task 32 (HIGH) | Wait: 1187ms, Turnaround: 1244ms, Thread: pool-2-thread-1
Processed Task 74 (MEDIUM) | Wait: 1187ms, Turnaround: 1244ms, Thread: pool-2-thread-2
Processed Task 75 (MEDIUM) | Wait: 1244ms, Turnaround: 1295ms, Thread: pool-2-thread-2
Processed Task 65 (LOW) | Wait: 1244ms, Turnaround: 1295ms, Thread: pool-2-thread-3
Processed Task 28 (HIGH) | Wait: 1244ms, Turnaround: 1295ms, Thread: pool-2-thread-1
Processed Task 26 (HIGH) | Wait: 1295ms, Turnaround: 1352ms, Thread: pool-2-thread-1
Processed Task 71 (LOW) | Wait: 1295ms, Turnaround: 1352ms, Thread: pool-2-thread-3
Processed Task 76 (MEDIUM) | Wait: 1295ms, Turnaround: 1352ms, Thread: pool-2-thread-2
Processed Task 72 (LOW) | Wait: 1352ms, Turnaround: 1403ms, Thread: pool-2-thread-3
Processed Task 17 (HIGH) | Wait: 1352ms, Turnaround: 1403ms, Thread: pool-2-thread-1
Processed Task 78 (MEDIUM) | Wait: 1352ms, Turnaround: 1403ms, Thread: pool-2-thread-2
Processed Task 79 (MEDIUM) | Wait: 1403ms, Turnaround: 1461ms, Thread: pool-2-thread-2
Processed Task 14 (HIGH) | Wait: 1403ms, Turnaround: 1461ms, Thread: pool-2-thread-1
Processed Task 77 (LOW) | Wait: 1403ms, Turnaround: 1461ms, Thread: pool-2-thread-3
Processed Task 13 (HIGH) | Wait: 1461ms, Turnaround: 1511ms, Thread: pool-2-thread-1
Processed Task 83 (MEDIUM) | Wait: 1461ms, Turnaround: 1511ms, Thread: pool-2-thread-2
Processed Task 85 (LOW) | Wait: 1461ms, Turnaround: 1511ms, Thread: pool-2-thread-3
Processed Task 87 (LOW) | Wait: 1511ms, Turnaround: 1577ms, Thread: pool-2-thread-3
Processed Task 10 (HIGH) | Wait: 1511ms, Turnaround: 1577ms, Thread: pool-2-thread-1
Processed Task 84 (MEDIUM) | Wait: 1511ms, Turnaround: 1577ms, Thread: pool-2-thread-2
Processed Task 90 (LOW) | Wait: 1577ms, Turnaround: 1628ms, Thread: pool-2-thread-3
Processed Task 8 (HIGH) | Wait: 1577ms, Turnaround: 1628ms, Thread: pool-2-thread-1
Processed Task 86 (MEDIUM) | Wait: 1577ms, Turnaround: 1628ms, Thread: pool-2-thread-2
Processed Task 89 (MEDIUM) | Wait: 1628ms, Turnaround: 1686ms, Thread: pool-2-thread-2
Processed Task 4 (HIGH) | Wait: 1628ms, Turnaround: 1686ms, Thread: pool-2-thread-1
Processed Task 91 (LOW) | Wait: 1628ms, Turnaround: 1686ms, Thread: pool-2-thread-3
Processed Task 1 (HIGH) | Wait: 1686ms, Turnaround: 1736ms, Thread: pool-2-thread-1
Processed Task 92 (LOW) | Wait: 1686ms, Turnaround: 1736ms, Thread: pool-2-thread-3
Processed Task 99 (MEDIUM) | Wait: 1686ms, Turnaround: 1736ms, Thread: pool-2-thread-2
Processed Task 100 (MEDIUM) | Wait: 1736ms, Turnaround: 1794ms, Thread: pool-2-thread-2
Processed Task 93 (LOW) | Wait: 1736ms, Turnaround: 1794ms, Thread: pool-2-thread-3
Processed Task 94 (LOW) | Wait: 1794ms, Turnaround: 1844ms, Thread: pool-2-thread-3
Processed Task 96 (LOW) | Wait: 1844ms, Turnaround: 1900ms, Thread: pool-2-thread-3

----- RESULTS FOR THIS RUN -----
Tasks processed: 100
Total elapsed: 1.90 s
Throughput: 52.60 tasks/s

Wait Time (ms):
  Min = 0
  Max = 1844
  Avg = 876.69
  StdDev = 522.72

Turnaround Time (ms):
  Min = 54
  Max = 1900
  Avg = 930.99
  StdDev = 522.97
------------------------------


=============================
Starting run 2 of 5
=============================
Processed Task 1 (LOW) | Wait: 0ms, Turnaround: 56ms, Thread: pool-3-thread-3
Processed Task 3 (MEDIUM) | Wait: 0ms, Turnaround: 56ms, Thread: pool-3-thread-2
Processed Task 94 (HIGH) | Wait: 0ms, Turnaround: 56ms, Thread: pool-3-thread-1
Processed Task 92 (HIGH) | Wait: 56ms, Turnaround: 107ms, Thread: pool-3-thread-1
Processed Task 4 (MEDIUM) | Wait: 56ms, Turnaround: 107ms, Thread: pool-3-thread-2
Processed Task 7 (LOW) | Wait: 56ms, Turnaround: 107ms, Thread: pool-3-thread-3
Processed Task 5 (MEDIUM) | Wait: 107ms, Turnaround: 158ms, Thread: pool-3-thread-2
Processed Task 90 (HIGH) | Wait: 107ms, Turnaround: 159ms, Thread: pool-3-thread-1
Processed Task 12 (LOW) | Wait: 107ms, Turnaround: 159ms, Thread: pool-3-thread-3
Processed Task 15 (LOW) | Wait: 159ms, Turnaround: 214ms, Thread: pool-3-thread-3
Processed Task 86 (HIGH) | Wait: 159ms, Turnaround: 214ms, Thread: pool-3-thread-1
Processed Task 6 (MEDIUM) | Wait: 158ms, Turnaround: 214ms, Thread: pool-3-thread-2
Processed Task 11 (MEDIUM) | Wait: 214ms, Turnaround: 264ms, Thread: pool-3-thread-2
Processed Task 19 (LOW) | Wait: 214ms, Turnaround: 264ms, Thread: pool-3-thread-3
Processed Task 85 (HIGH) | Wait: 214ms, Turnaround: 264ms, Thread: pool-3-thread-1
Processed Task 84 (HIGH) | Wait: 264ms, Turnaround: 320ms, Thread: pool-3-thread-1
Processed Task 22 (LOW) | Wait: 264ms, Turnaround: 320ms, Thread: pool-3-thread-3
Processed Task 13 (MEDIUM) | Wait: 264ms, Turnaround: 320ms, Thread: pool-3-thread-2
Processed Task 75 (HIGH) | Wait: 320ms, Turnaround: 371ms, Thread: pool-3-thread-1
Processed Task 26 (LOW) | Wait: 320ms, Turnaround: 371ms, Thread: pool-3-thread-3
Processed Task 14 (MEDIUM) | Wait: 320ms, Turnaround: 377ms, Thread: pool-3-thread-2
Processed Task 73 (HIGH) | Wait: 371ms, Turnaround: 427ms, Thread: pool-3-thread-1
Processed Task 28 (LOW) | Wait: 371ms, Turnaround: 427ms, Thread: pool-3-thread-3
Processed Task 16 (MEDIUM) | Wait: 377ms, Turnaround: 427ms, Thread: pool-3-thread-2
Processed Task 42 (LOW) | Wait: 427ms, Turnaround: 481ms, Thread: pool-3-thread-3
Processed Task 17 (MEDIUM) | Wait: 427ms, Turnaround: 481ms, Thread: pool-3-thread-2
Processed Task 67 (HIGH) | Wait: 427ms, Turnaround: 481ms, Thread: pool-3-thread-1
Processed Task 23 (MEDIUM) | Wait: 481ms, Turnaround: 533ms, Thread: pool-3-thread-2
Processed Task 58 (HIGH) | Wait: 481ms, Turnaround: 533ms, Thread: pool-3-thread-1
Processed Task 43 (LOW) | Wait: 481ms, Turnaround: 533ms, Thread: pool-3-thread-3
Processed Task 55 (HIGH) | Wait: 533ms, Turnaround: 583ms, Thread: pool-3-thread-1
Processed Task 24 (MEDIUM) | Wait: 533ms, Turnaround: 583ms, Thread: pool-3-thread-2
Processed Task 44 (LOW) | Wait: 533ms, Turnaround: 583ms, Thread: pool-3-thread-3
Processed Task 33 (MEDIUM) | Wait: 583ms, Turnaround: 637ms, Thread: pool-3-thread-2
Processed Task 48 (HIGH) | Wait: 583ms, Turnaround: 637ms, Thread: pool-3-thread-1
Processed Task 45 (LOW) | Wait: 583ms, Turnaround: 637ms, Thread: pool-3-thread-3
Processed Task 35 (MEDIUM) | Wait: 637ms, Turnaround: 694ms, Thread: pool-3-thread-2
Processed Task 47 (LOW) | Wait: 637ms, Turnaround: 694ms, Thread: pool-3-thread-3
Processed Task 46 (HIGH) | Wait: 637ms, Turnaround: 694ms, Thread: pool-3-thread-1
Processed Task 40 (HIGH) | Wait: 694ms, Turnaround: 749ms, Thread: pool-3-thread-1
Processed Task 37 (MEDIUM) | Wait: 694ms, Turnaround: 749ms, Thread: pool-3-thread-2
Processed Task 49 (LOW) | Wait: 694ms, Turnaround: 749ms, Thread: pool-3-thread-3
Processed Task 38 (MEDIUM) | Wait: 749ms, Turnaround: 805ms, Thread: pool-3-thread-2
Processed Task 50 (LOW) | Wait: 749ms, Turnaround: 805ms, Thread: pool-3-thread-3
Processed Task 36 (HIGH) | Wait: 749ms, Turnaround: 805ms, Thread: pool-3-thread-1
Processed Task 39 (MEDIUM) | Wait: 805ms, Turnaround: 865ms, Thread: pool-3-thread-2
Processed Task 34 (HIGH) | Wait: 805ms, Turnaround: 865ms, Thread: pool-3-thread-1
Processed Task 51 (LOW) | Wait: 805ms, Turnaround: 865ms, Thread: pool-3-thread-3
Processed Task 53 (LOW) | Wait: 865ms, Turnaround: 921ms, Thread: pool-3-thread-3
Processed Task 41 (MEDIUM) | Wait: 865ms, Turnaround: 921ms, Thread: pool-3-thread-2
Processed Task 32 (HIGH) | Wait: 865ms, Turnaround: 921ms, Thread: pool-3-thread-1
Processed Task 52 (MEDIUM) | Wait: 921ms, Turnaround: 973ms, Thread: pool-3-thread-2
Processed Task 31 (HIGH) | Wait: 921ms, Turnaround: 973ms, Thread: pool-3-thread-1
Processed Task 57 (LOW) | Wait: 921ms, Turnaround: 973ms, Thread: pool-3-thread-3
Processed Task 30 (HIGH) | Wait: 973ms, Turnaround: 1024ms, Thread: pool-3-thread-1
Processed Task 54 (MEDIUM) | Wait: 973ms, Turnaround: 1025ms, Thread: pool-3-thread-2
Processed Task 60 (LOW) | Wait: 973ms, Turnaround: 1025ms, Thread: pool-3-thread-3
Processed Task 29 (HIGH) | Wait: 1024ms, Turnaround: 1079ms, Thread: pool-3-thread-1
Processed Task 61 (LOW) | Wait: 1025ms, Turnaround: 1079ms, Thread: pool-3-thread-3
Processed Task 56 (MEDIUM) | Wait: 1025ms, Turnaround: 1079ms, Thread: pool-3-thread-2
Processed Task 27 (HIGH) | Wait: 1079ms, Turnaround: 1133ms, Thread: pool-3-thread-1
Processed Task 62 (LOW) | Wait: 1079ms, Turnaround: 1133ms, Thread: pool-3-thread-3
Processed Task 59 (MEDIUM) | Wait: 1079ms, Turnaround: 1134ms, Thread: pool-3-thread-2
Processed Task 64 (MEDIUM) | Wait: 1134ms, Turnaround: 1186ms, Thread: pool-3-thread-2
Processed Task 25 (HIGH) | Wait: 1133ms, Turnaround: 1186ms, Thread: pool-3-thread-1
Processed Task 63 (LOW) | Wait: 1133ms, Turnaround: 1186ms, Thread: pool-3-thread-3
Processed Task 68 (LOW) | Wait: 1186ms, Turnaround: 1238ms, Thread: pool-3-thread-3
Processed Task 65 (MEDIUM) | Wait: 1186ms, Turnaround: 1238ms, Thread: pool-3-thread-2
Processed Task 21 (HIGH) | Wait: 1186ms, Turnaround: 1238ms, Thread: pool-3-thread-1
Processed Task 69 (LOW) | Wait: 1238ms, Turnaround: 1295ms, Thread: pool-3-thread-3
Processed Task 20 (HIGH) | Wait: 1238ms, Turnaround: 1295ms, Thread: pool-3-thread-1
Processed Task 66 (MEDIUM) | Wait: 1238ms, Turnaround: 1295ms, Thread: pool-3-thread-2
Processed Task 70 (LOW) | Wait: 1295ms, Turnaround: 1348ms, Thread: pool-3-thread-3
Processed Task 18 (HIGH) | Wait: 1295ms, Turnaround: 1348ms, Thread: pool-3-thread-1
Processed Task 76 (MEDIUM) | Wait: 1295ms, Turnaround: 1358ms, Thread: pool-3-thread-2
Processed Task 10 (HIGH) | Wait: 1348ms, Turnaround: 1402ms, Thread: pool-3-thread-1
Processed Task 71 (LOW) | Wait: 1348ms, Turnaround: 1402ms, Thread: pool-3-thread-3
Processed Task 77 (MEDIUM) | Wait: 1358ms, Turnaround: 1419ms, Thread: pool-3-thread-2
Processed Task 9 (HIGH) | Wait: 1402ms, Turnaround: 1458ms, Thread: pool-3-thread-1
Processed Task 72 (LOW) | Wait: 1402ms, Turnaround: 1458ms, Thread: pool-3-thread-3
Processed Task 78 (MEDIUM) | Wait: 1419ms, Turnaround: 1474ms, Thread: pool-3-thread-2
Processed Task 74 (LOW) | Wait: 1458ms, Turnaround: 1511ms, Thread: pool-3-thread-3
Processed Task 8 (HIGH) | Wait: 1458ms, Turnaround: 1511ms, Thread: pool-3-thread-1
Processed Task 81 (MEDIUM) | Wait: 1474ms, Turnaround: 1527ms, Thread: pool-3-thread-2
Processed Task 79 (LOW) | Wait: 1511ms, Turnaround: 1563ms, Thread: pool-3-thread-3
Processed Task 2 (HIGH) | Wait: 1511ms, Turnaround: 1563ms, Thread: pool-3-thread-1
Processed Task 83 (MEDIUM) | Wait: 1527ms, Turnaround: 1599ms, Thread: pool-3-thread-2
Processed Task 80 (LOW) | Wait: 1563ms, Turnaround: 1615ms, Thread: pool-3-thread-3
Processed Task 89 (MEDIUM) | Wait: 1599ms, Turnaround: 1650ms, Thread: pool-3-thread-2
Processed Task 82 (LOW) | Wait: 1615ms, Turnaround: 1670ms, Thread: pool-3-thread-3
Processed Task 95 (MEDIUM) | Wait: 1650ms, Turnaround: 1707ms, Thread: pool-3-thread-2
Processed Task 87 (LOW) | Wait: 1670ms, Turnaround: 1723ms, Thread: pool-3-thread-3
Processed Task 100 (MEDIUM) | Wait: 1707ms, Turnaround: 1758ms, Thread: pool-3-thread-2
Processed Task 88 (LOW) | Wait: 1723ms, Turnaround: 1778ms, Thread: pool-3-thread-3
Processed Task 91 (LOW) | Wait: 1778ms, Turnaround: 1829ms, Thread: pool-3-thread-3
Processed Task 93 (LOW) | Wait: 1829ms, Turnaround: 1885ms, Thread: pool-3-thread-3
Processed Task 96 (LOW) | Wait: 1885ms, Turnaround: 1944ms, Thread: pool-3-thread-3
Processed Task 97 (LOW) | Wait: 1944ms, Turnaround: 1999ms, Thread: pool-3-thread-3
Processed Task 98 (LOW) | Wait: 1999ms, Turnaround: 2055ms, Thread: pool-3-thread-3
Processed Task 99 (LOW) | Wait: 2055ms, Turnaround: 2110ms, Thread: pool-3-thread-3

----- RESULTS FOR THIS RUN -----
Tasks processed: 100
Total elapsed: 2.11 s
Throughput: 47.39 tasks/s

Wait Time (ms):
  Min = 0
  Max = 2055
  Avg = 885.83
  StdDev = 546.83

Turnaround Time (ms):
  Min = 56
  Max = 2110
  Avg = 940.14
  StdDev = 547.46
------------------------------


=============================
Starting run 3 of 5
=============================
Processed Task 1 (MEDIUM) | Wait: 1ms, Turnaround: 57ms, Thread: pool-4-thread-2
Processed Task 100 (HIGH) | Wait: 1ms, Turnaround: 57ms, Thread: pool-4-thread-1
Processed Task 6 (LOW) | Wait: 1ms, Turnaround: 57ms, Thread: pool-4-thread-3
Processed Task 8 (LOW) | Wait: 57ms, Turnaround: 112ms, Thread: pool-4-thread-3
Processed Task 2 (MEDIUM) | Wait: 57ms, Turnaround: 112ms, Thread: pool-4-thread-2
Processed Task 92 (HIGH) | Wait: 57ms, Turnaround: 112ms, Thread: pool-4-thread-1
Processed Task 89 (HIGH) | Wait: 112ms, Turnaround: 169ms, Thread: pool-4-thread-1
Processed Task 3 (MEDIUM) | Wait: 112ms, Turnaround: 169ms, Thread: pool-4-thread-2
Processed Task 9 (LOW) | Wait: 112ms, Turnaround: 169ms, Thread: pool-4-thread-3
Processed Task 5 (MEDIUM) | Wait: 169ms, Turnaround: 223ms, Thread: pool-4-thread-2
Processed Task 88 (HIGH) | Wait: 169ms, Turnaround: 223ms, Thread: pool-4-thread-1
Processed Task 16 (LOW) | Wait: 169ms, Turnaround: 223ms, Thread: pool-4-thread-3
Processed Task 87 (HIGH) | Wait: 223ms, Turnaround: 274ms, Thread: pool-4-thread-1
Processed Task 7 (MEDIUM) | Wait: 223ms, Turnaround: 274ms, Thread: pool-4-thread-2
Processed Task 21 (LOW) | Wait: 223ms, Turnaround: 274ms, Thread: pool-4-thread-3
Processed Task 23 (LOW) | Wait: 274ms, Turnaround: 327ms, Thread: pool-4-thread-3
Processed Task 10 (MEDIUM) | Wait: 274ms, Turnaround: 327ms, Thread: pool-4-thread-2
Processed Task 86 (HIGH) | Wait: 274ms, Turnaround: 327ms, Thread: pool-4-thread-1
Processed Task 11 (MEDIUM) | Wait: 327ms, Turnaround: 377ms, Thread: pool-4-thread-2
Processed Task 26 (LOW) | Wait: 327ms, Turnaround: 377ms, Thread: pool-4-thread-3
Processed Task 79 (HIGH) | Wait: 327ms, Turnaround: 377ms, Thread: pool-4-thread-1
Processed Task 12 (MEDIUM) | Wait: 377ms, Turnaround: 432ms, Thread: pool-4-thread-2
Processed Task 74 (HIGH) | Wait: 377ms, Turnaround: 432ms, Thread: pool-4-thread-1
Processed Task 28 (LOW) | Wait: 377ms, Turnaround: 432ms, Thread: pool-4-thread-3
Processed Task 73 (HIGH) | Wait: 432ms, Turnaround: 486ms, Thread: pool-4-thread-1
Processed Task 29 (LOW) | Wait: 432ms, Turnaround: 486ms, Thread: pool-4-thread-3
Processed Task 13 (MEDIUM) | Wait: 432ms, Turnaround: 486ms, Thread: pool-4-thread-2
Processed Task 64 (HIGH) | Wait: 486ms, Turnaround: 543ms, Thread: pool-4-thread-1
Processed Task 14 (MEDIUM) | Wait: 486ms, Turnaround: 543ms, Thread: pool-4-thread-2
Processed Task 31 (LOW) | Wait: 486ms, Turnaround: 543ms, Thread: pool-4-thread-3
Processed Task 15 (MEDIUM) | Wait: 543ms, Turnaround: 599ms, Thread: pool-4-thread-2
Processed Task 37 (LOW) | Wait: 543ms, Turnaround: 599ms, Thread: pool-4-thread-3
Processed Task 53 (HIGH) | Wait: 543ms, Turnaround: 599ms, Thread: pool-4-thread-1
Processed Task 52 (HIGH) | Wait: 599ms, Turnaround: 658ms, Thread: pool-4-thread-1
Processed Task 39 (LOW) | Wait: 599ms, Turnaround: 658ms, Thread: pool-4-thread-3
Processed Task 17 (MEDIUM) | Wait: 599ms, Turnaround: 658ms, Thread: pool-4-thread-2
Processed Task 19 (MEDIUM) | Wait: 658ms, Turnaround: 709ms, Thread: pool-4-thread-2
Processed Task 40 (LOW) | Wait: 658ms, Turnaround: 709ms, Thread: pool-4-thread-3
Processed Task 47 (HIGH) | Wait: 658ms, Turnaround: 709ms, Thread: pool-4-thread-1
Processed Task 20 (MEDIUM) | Wait: 709ms, Turnaround: 771ms, Thread: pool-4-thread-2
Processed Task 45 (HIGH) | Wait: 709ms, Turnaround: 771ms, Thread: pool-4-thread-1
Processed Task 44 (LOW) | Wait: 709ms, Turnaround: 771ms, Thread: pool-4-thread-3
Processed Task 49 (LOW) | Wait: 771ms, Turnaround: 830ms, Thread: pool-4-thread-3
Processed Task 24 (MEDIUM) | Wait: 771ms, Turnaround: 830ms, Thread: pool-4-thread-2
Processed Task 43 (HIGH) | Wait: 771ms, Turnaround: 830ms, Thread: pool-4-thread-1
Processed Task 41 (HIGH) | Wait: 830ms, Turnaround: 886ms, Thread: pool-4-thread-1
Processed Task 50 (LOW) | Wait: 830ms, Turnaround: 886ms, Thread: pool-4-thread-3
Processed Task 27 (MEDIUM) | Wait: 830ms, Turnaround: 886ms, Thread: pool-4-thread-2
Processed Task 38 (HIGH) | Wait: 886ms, Turnaround: 961ms, Thread: pool-4-thread-1
Processed Task 55 (LOW) | Wait: 886ms, Turnaround: 961ms, Thread: pool-4-thread-3
Processed Task 30 (MEDIUM) | Wait: 886ms, Turnaround: 961ms, Thread: pool-4-thread-2
Processed Task 56 (LOW) | Wait: 961ms, Turnaround: 1015ms, Thread: pool-4-thread-3
Processed Task 36 (MEDIUM) | Wait: 961ms, Turnaround: 1015ms, Thread: pool-4-thread-2
Processed Task 35 (HIGH) | Wait: 961ms, Turnaround: 1015ms, Thread: pool-4-thread-1
Processed Task 42 (MEDIUM) | Wait: 1015ms, Turnaround: 1066ms, Thread: pool-4-thread-2
Processed Task 34 (HIGH) | Wait: 1015ms, Turnaround: 1066ms, Thread: pool-4-thread-1
Processed Task 57 (LOW) | Wait: 1015ms, Turnaround: 1066ms, Thread: pool-4-thread-3
Processed Task 46 (MEDIUM) | Wait: 1066ms, Turnaround: 1117ms, Thread: pool-4-thread-2
Processed Task 65 (LOW) | Wait: 1066ms, Turnaround: 1117ms, Thread: pool-4-thread-3
Processed Task 33 (HIGH) | Wait: 1066ms, Turnaround: 1117ms, Thread: pool-4-thread-1
Processed Task 32 (HIGH) | Wait: 1117ms, Turnaround: 1175ms, Thread: pool-4-thread-1
Processed Task 71 (LOW) | Wait: 1117ms, Turnaround: 1175ms, Thread: pool-4-thread-3
Processed Task 48 (MEDIUM) | Wait: 1117ms, Turnaround: 1175ms, Thread: pool-4-thread-2
Processed Task 51 (MEDIUM) | Wait: 1175ms, Turnaround: 1226ms, Thread: pool-4-thread-2
Processed Task 25 (HIGH) | Wait: 1175ms, Turnaround: 1226ms, Thread: pool-4-thread-1
Processed Task 78 (LOW) | Wait: 1175ms, Turnaround: 1226ms, Thread: pool-4-thread-3
Processed Task 54 (MEDIUM) | Wait: 1226ms, Turnaround: 1283ms, Thread: pool-4-thread-2
Processed Task 22 (HIGH) | Wait: 1226ms, Turnaround: 1283ms, Thread: pool-4-thread-1
Processed Task 83 (LOW) | Wait: 1226ms, Turnaround: 1283ms, Thread: pool-4-thread-3
Processed Task 58 (MEDIUM) | Wait: 1283ms, Turnaround: 1334ms, Thread: pool-4-thread-2
Processed Task 91 (LOW) | Wait: 1283ms, Turnaround: 1334ms, Thread: pool-4-thread-3
Processed Task 18 (HIGH) | Wait: 1283ms, Turnaround: 1334ms, Thread: pool-4-thread-1
Processed Task 59 (MEDIUM) | Wait: 1334ms, Turnaround: 1391ms, Thread: pool-4-thread-2
Processed Task 94 (LOW) | Wait: 1334ms, Turnaround: 1391ms, Thread: pool-4-thread-3
Processed Task 4 (HIGH) | Wait: 1334ms, Turnaround: 1391ms, Thread: pool-4-thread-1
Processed Task 60 (MEDIUM) | Wait: 1391ms, Turnaround: 1442ms, Thread: pool-4-thread-2
Processed Task 95 (LOW) | Wait: 1391ms, Turnaround: 1442ms, Thread: pool-4-thread-3
Processed Task 61 (MEDIUM) | Wait: 1442ms, Turnaround: 1499ms, Thread: pool-4-thread-2
Processed Task 96 (LOW) | Wait: 1442ms, Turnaround: 1499ms, Thread: pool-4-thread-3
Processed Task 62 (MEDIUM) | Wait: 1499ms, Turnaround: 1553ms, Thread: pool-4-thread-2
Processed Task 63 (MEDIUM) | Wait: 1553ms, Turnaround: 1603ms, Thread: pool-4-thread-2
Processed Task 66 (MEDIUM) | Wait: 1603ms, Turnaround: 1658ms, Thread: pool-4-thread-2
Processed Task 67 (MEDIUM) | Wait: 1658ms, Turnaround: 1717ms, Thread: pool-4-thread-2
Processed Task 68 (MEDIUM) | Wait: 1717ms, Turnaround: 1772ms, Thread: pool-4-thread-2
Processed Task 69 (MEDIUM) | Wait: 1772ms, Turnaround: 1826ms, Thread: pool-4-thread-2
Processed Task 70 (MEDIUM) | Wait: 1826ms, Turnaround: 1882ms, Thread: pool-4-thread-2
Processed Task 72 (MEDIUM) | Wait: 1882ms, Turnaround: 1942ms, Thread: pool-4-thread-2
Processed Task 75 (MEDIUM) | Wait: 1942ms, Turnaround: 1997ms, Thread: pool-4-thread-2
Processed Task 76 (MEDIUM) | Wait: 1997ms, Turnaround: 2050ms, Thread: pool-4-thread-2
Processed Task 77 (MEDIUM) | Wait: 2050ms, Turnaround: 2107ms, Thread: pool-4-thread-2
Processed Task 80 (MEDIUM) | Wait: 2107ms, Turnaround: 2169ms, Thread: pool-4-thread-2
Processed Task 81 (MEDIUM) | Wait: 2169ms, Turnaround: 2242ms, Thread: pool-4-thread-2
Processed Task 82 (MEDIUM) | Wait: 2242ms, Turnaround: 2293ms, Thread: pool-4-thread-2
Processed Task 84 (MEDIUM) | Wait: 2293ms, Turnaround: 2350ms, Thread: pool-4-thread-2
Processed Task 85 (MEDIUM) | Wait: 2350ms, Turnaround: 2401ms, Thread: pool-4-thread-2
Processed Task 90 (MEDIUM) | Wait: 2401ms, Turnaround: 2458ms, Thread: pool-4-thread-2
Processed Task 93 (MEDIUM) | Wait: 2458ms, Turnaround: 2509ms, Thread: pool-4-thread-2
Processed Task 97 (MEDIUM) | Wait: 2509ms, Turnaround: 2566ms, Thread: pool-4-thread-2
Processed Task 98 (MEDIUM) | Wait: 2566ms, Turnaround: 2620ms, Thread: pool-4-thread-2
Processed Task 99 (MEDIUM) | Wait: 2620ms, Turnaround: 2671ms, Thread: pool-4-thread-2

----- RESULTS FOR THIS RUN -----
Tasks processed: 100
Total elapsed: 2.67 s
Throughput: 37.44 tasks/s

Wait Time (ms):
  Min = 1
  Max = 2620
  Avg = 987.73
  StdDev = 687.82

Turnaround Time (ms):
  Min = 57
  Max = 2671
  Avg = 1043.31
  StdDev = 688.02
------------------------------


=============================
Starting run 4 of 5
=============================
Processed Task 2 (MEDIUM) | Wait: 0ms, Turnaround: 53ms, Thread: pool-5-thread-2
Processed Task 100 (HIGH) | Wait: 0ms, Turnaround: 53ms, Thread: pool-5-thread-1
Processed Task 1 (LOW) | Wait: 0ms, Turnaround: 55ms, Thread: pool-5-thread-3
Processed Task 98 (HIGH) | Wait: 53ms, Turnaround: 119ms, Thread: pool-5-thread-1
Processed Task 6 (MEDIUM) | Wait: 53ms, Turnaround: 119ms, Thread: pool-5-thread-2
Processed Task 3 (LOW) | Wait: 55ms, Turnaround: 119ms, Thread: pool-5-thread-3
Processed Task 13 (MEDIUM) | Wait: 119ms, Turnaround: 173ms, Thread: pool-5-thread-2
Processed Task 91 (HIGH) | Wait: 119ms, Turnaround: 173ms, Thread: pool-5-thread-1
Processed Task 4 (LOW) | Wait: 119ms, Turnaround: 173ms, Thread: pool-5-thread-3
Processed Task 7 (LOW) | Wait: 173ms, Turnaround: 226ms, Thread: pool-5-thread-3
Processed Task 15 (MEDIUM) | Wait: 173ms, Turnaround: 226ms, Thread: pool-5-thread-2
Processed Task 90 (HIGH) | Wait: 173ms, Turnaround: 226ms, Thread: pool-5-thread-1
Processed Task 89 (HIGH) | Wait: 226ms, Turnaround: 280ms, Thread: pool-5-thread-1
Processed Task 8 (LOW) | Wait: 226ms, Turnaround: 280ms, Thread: pool-5-thread-3
Processed Task 19 (MEDIUM) | Wait: 226ms, Turnaround: 280ms, Thread: pool-5-thread-2
Processed Task 22 (MEDIUM) | Wait: 280ms, Turnaround: 334ms, Thread: pool-5-thread-2
Processed Task 12 (LOW) | Wait: 280ms, Turnaround: 334ms, Thread: pool-5-thread-3
Processed Task 86 (HIGH) | Wait: 280ms, Turnaround: 334ms, Thread: pool-5-thread-1
Processed Task 85 (HIGH) | Wait: 334ms, Turnaround: 389ms, Thread: pool-5-thread-1
Processed Task 26 (MEDIUM) | Wait: 334ms, Turnaround: 389ms, Thread: pool-5-thread-2
Processed Task 18 (LOW) | Wait: 334ms, Turnaround: 389ms, Thread: pool-5-thread-3
Processed Task 21 (LOW) | Wait: 389ms, Turnaround: 441ms, Thread: pool-5-thread-3
Processed Task 33 (MEDIUM) | Wait: 389ms, Turnaround: 441ms, Thread: pool-5-thread-2
Processed Task 84 (HIGH) | Wait: 389ms, Turnaround: 441ms, Thread: pool-5-thread-1
Processed Task 35 (MEDIUM) | Wait: 441ms, Turnaround: 498ms, Thread: pool-5-thread-2
Processed Task 24 (LOW) | Wait: 441ms, Turnaround: 498ms, Thread: pool-5-thread-3
Processed Task 82 (HIGH) | Wait: 441ms, Turnaround: 498ms, Thread: pool-5-thread-1
Processed Task 81 (HIGH) | Wait: 498ms, Turnaround: 560ms, Thread: pool-5-thread-1
Processed Task 27 (LOW) | Wait: 498ms, Turnaround: 560ms, Thread: pool-5-thread-3
Processed Task 36 (MEDIUM) | Wait: 498ms, Turnaround: 560ms, Thread: pool-5-thread-2
Processed Task 79 (HIGH) | Wait: 560ms, Turnaround: 615ms, Thread: pool-5-thread-1
Processed Task 37 (MEDIUM) | Wait: 560ms, Turnaround: 615ms, Thread: pool-5-thread-2
Processed Task 31 (LOW) | Wait: 560ms, Turnaround: 615ms, Thread: pool-5-thread-3
Processed Task 73 (HIGH) | Wait: 615ms, Turnaround: 668ms, Thread: pool-5-thread-1
Processed Task 40 (MEDIUM) | Wait: 615ms, Turnaround: 668ms, Thread: pool-5-thread-2
Processed Task 32 (LOW) | Wait: 615ms, Turnaround: 668ms, Thread: pool-5-thread-3
Processed Task 69 (HIGH) | Wait: 668ms, Turnaround: 723ms, Thread: pool-5-thread-1
Processed Task 45 (MEDIUM) | Wait: 668ms, Turnaround: 723ms, Thread: pool-5-thread-2
Processed Task 34 (LOW) | Wait: 668ms, Turnaround: 723ms, Thread: pool-5-thread-3
Processed Task 65 (HIGH) | Wait: 723ms, Turnaround: 775ms, Thread: pool-5-thread-1
Processed Task 38 (LOW) | Wait: 723ms, Turnaround: 775ms, Thread: pool-5-thread-3
Processed Task 49 (MEDIUM) | Wait: 723ms, Turnaround: 775ms, Thread: pool-5-thread-2
Processed Task 63 (HIGH) | Wait: 775ms, Turnaround: 831ms, Thread: pool-5-thread-1
Processed Task 51 (MEDIUM) | Wait: 775ms, Turnaround: 831ms, Thread: pool-5-thread-2
Processed Task 41 (LOW) | Wait: 775ms, Turnaround: 831ms, Thread: pool-5-thread-3
Processed Task 58 (HIGH) | Wait: 831ms, Turnaround: 883ms, Thread: pool-5-thread-1
Processed Task 53 (MEDIUM) | Wait: 831ms, Turnaround: 883ms, Thread: pool-5-thread-2
Processed Task 42 (LOW) | Wait: 831ms, Turnaround: 883ms, Thread: pool-5-thread-3
Processed Task 44 (LOW) | Wait: 883ms, Turnaround: 938ms, Thread: pool-5-thread-3
Processed Task 50 (HIGH) | Wait: 883ms, Turnaround: 938ms, Thread: pool-5-thread-1
Processed Task 55 (MEDIUM) | Wait: 883ms, Turnaround: 938ms, Thread: pool-5-thread-2
Processed Task 46 (LOW) | Wait: 938ms, Turnaround: 1002ms, Thread: pool-5-thread-3
Processed Task 56 (MEDIUM) | Wait: 938ms, Turnaround: 1002ms, Thread: pool-5-thread-2
Processed Task 47 (HIGH) | Wait: 938ms, Turnaround: 1002ms, Thread: pool-5-thread-1
Processed Task 48 (LOW) | Wait: 1002ms, Turnaround: 1066ms, Thread: pool-5-thread-3
Processed Task 57 (MEDIUM) | Wait: 1002ms, Turnaround: 1066ms, Thread: pool-5-thread-2
Processed Task 43 (HIGH) | Wait: 1002ms, Turnaround: 1066ms, Thread: pool-5-thread-1
Processed Task 60 (MEDIUM) | Wait: 1066ms, Turnaround: 1132ms, Thread: pool-5-thread-2
Processed Task 39 (HIGH) | Wait: 1066ms, Turnaround: 1132ms, Thread: pool-5-thread-1
Processed Task 52 (LOW) | Wait: 1066ms, Turnaround: 1132ms, Thread: pool-5-thread-3
Processed Task 30 (HIGH) | Wait: 1132ms, Turnaround: 1191ms, Thread: pool-5-thread-1
Processed Task 54 (LOW) | Wait: 1132ms, Turnaround: 1191ms, Thread: pool-5-thread-3
Processed Task 64 (MEDIUM) | Wait: 1132ms, Turnaround: 1191ms, Thread: pool-5-thread-2
Processed Task 59 (LOW) | Wait: 1191ms, Turnaround: 1242ms, Thread: pool-5-thread-3
Processed Task 29 (HIGH) | Wait: 1191ms, Turnaround: 1242ms, Thread: pool-5-thread-1
Processed Task 66 (MEDIUM) | Wait: 1191ms, Turnaround: 1242ms, Thread: pool-5-thread-2
Processed Task 70 (MEDIUM) | Wait: 1242ms, Turnaround: 1299ms, Thread: pool-5-thread-2
Processed Task 61 (LOW) | Wait: 1242ms, Turnaround: 1299ms, Thread: pool-5-thread-3
Processed Task 28 (HIGH) | Wait: 1242ms, Turnaround: 1299ms, Thread: pool-5-thread-1
Processed Task 88 (MEDIUM) | Wait: 1299ms, Turnaround: 1350ms, Thread: pool-5-thread-2
Processed Task 25 (HIGH) | Wait: 1299ms, Turnaround: 1350ms, Thread: pool-5-thread-1
Processed Task 62 (LOW) | Wait: 1299ms, Turnaround: 1350ms, Thread: pool-5-thread-3
Processed Task 67 (LOW) | Wait: 1350ms, Turnaround: 1407ms, Thread: pool-5-thread-3
Processed Task 23 (HIGH) | Wait: 1350ms, Turnaround: 1407ms, Thread: pool-5-thread-1
Processed Task 95 (MEDIUM) | Wait: 1350ms, Turnaround: 1407ms, Thread: pool-5-thread-2
Processed Task 20 (HIGH) | Wait: 1407ms, Turnaround: 1458ms, Thread: pool-5-thread-1
Processed Task 68 (LOW) | Wait: 1407ms, Turnaround: 1458ms, Thread: pool-5-thread-3
Processed Task 96 (MEDIUM) | Wait: 1407ms, Turnaround: 1458ms, Thread: pool-5-thread-2
Processed Task 71 (LOW) | Wait: 1458ms, Turnaround: 1514ms, Thread: pool-5-thread-3
Processed Task 17 (HIGH) | Wait: 1458ms, Turnaround: 1514ms, Thread: pool-5-thread-1
Processed Task 16 (HIGH) | Wait: 1514ms, Turnaround: 1569ms, Thread: pool-5-thread-1
Processed Task 72 (LOW) | Wait: 1514ms, Turnaround: 1569ms, Thread: pool-5-thread-3
Processed Task 14 (HIGH) | Wait: 1569ms, Turnaround: 1619ms, Thread: pool-5-thread-1
Processed Task 74 (LOW) | Wait: 1569ms, Turnaround: 1619ms, Thread: pool-5-thread-3
Processed Task 75 (LOW) | Wait: 1619ms, Turnaround: 1670ms, Thread: pool-5-thread-3
Processed Task 11 (HIGH) | Wait: 1619ms, Turnaround: 1670ms, Thread: pool-5-thread-1
Processed Task 76 (LOW) | Wait: 1670ms, Turnaround: 1727ms, Thread: pool-5-thread-3
Processed Task 10 (HIGH) | Wait: 1670ms, Turnaround: 1727ms, Thread: pool-5-thread-1
Processed Task 77 (LOW) | Wait: 1727ms, Turnaround: 1778ms, Thread: pool-5-thread-3
Processed Task 9 (HIGH) | Wait: 1727ms, Turnaround: 1778ms, Thread: pool-5-thread-1
Processed Task 78 (LOW) | Wait: 1778ms, Turnaround: 1835ms, Thread: pool-5-thread-3
Processed Task 5 (HIGH) | Wait: 1778ms, Turnaround: 1835ms, Thread: pool-5-thread-1
Processed Task 80 (LOW) | Wait: 1835ms, Turnaround: 1886ms, Thread: pool-5-thread-3
Processed Task 83 (LOW) | Wait: 1886ms, Turnaround: 1943ms, Thread: pool-5-thread-3
Processed Task 87 (LOW) | Wait: 1943ms, Turnaround: 1994ms, Thread: pool-5-thread-3
Processed Task 92 (LOW) | Wait: 1994ms, Turnaround: 2048ms, Thread: pool-5-thread-3
Processed Task 93 (LOW) | Wait: 2048ms, Turnaround: 2105ms, Thread: pool-5-thread-3
Processed Task 94 (LOW) | Wait: 2105ms, Turnaround: 2160ms, Thread: pool-5-thread-3
Processed Task 97 (LOW) | Wait: 2160ms, Turnaround: 2211ms, Thread: pool-5-thread-3
Processed Task 99 (LOW) | Wait: 2211ms, Turnaround: 2268ms, Thread: pool-5-thread-3

----- RESULTS FOR THIS RUN -----
Tasks processed: 100
Total elapsed: 2.27 s
Throughput: 44.09 tasks/s

Wait Time (ms):
  Min = 0
  Max = 2211
  Avg = 934.39
  StdDev = 587.46

Turnaround Time (ms):
  Min = 53
  Max = 2268
  Avg = 990.00
  StdDev = 586.91
------------------------------


=============================
Starting run 5 of 5
=============================
Processed Task 11 (LOW) | Wait: 0ms, Turnaround: 52ms, Thread: pool-6-thread-3
Processed Task 99 (HIGH) | Wait: 0ms, Turnaround: 52ms, Thread: pool-6-thread-1
Processed Task 1 (MEDIUM) | Wait: 0ms, Turnaround: 52ms, Thread: pool-6-thread-2
Processed Task 19 (LOW) | Wait: 52ms, Turnaround: 118ms, Thread: pool-6-thread-3
Processed Task 95 (HIGH) | Wait: 52ms, Turnaround: 118ms, Thread: pool-6-thread-1
Processed Task 2 (MEDIUM) | Wait: 52ms, Turnaround: 118ms, Thread: pool-6-thread-2
Processed Task 20 (LOW) | Wait: 118ms, Turnaround: 172ms, Thread: pool-6-thread-3
Processed Task 94 (HIGH) | Wait: 118ms, Turnaround: 172ms, Thread: pool-6-thread-1
Processed Task 3 (MEDIUM) | Wait: 118ms, Turnaround: 172ms, Thread: pool-6-thread-2
Processed Task 30 (LOW) | Wait: 172ms, Turnaround: 226ms, Thread: pool-6-thread-3
Processed Task 93 (HIGH) | Wait: 172ms, Turnaround: 226ms, Thread: pool-6-thread-1
Processed Task 5 (MEDIUM) | Wait: 172ms, Turnaround: 226ms, Thread: pool-6-thread-2
Processed Task 32 (LOW) | Wait: 226ms, Turnaround: 281ms, Thread: pool-6-thread-3
Processed Task 92 (HIGH) | Wait: 226ms, Turnaround: 281ms, Thread: pool-6-thread-1
Processed Task 8 (MEDIUM) | Wait: 226ms, Turnaround: 281ms, Thread: pool-6-thread-2
Processed Task 35 (LOW) | Wait: 281ms, Turnaround: 333ms, Thread: pool-6-thread-3
Processed Task 9 (MEDIUM) | Wait: 281ms, Turnaround: 333ms, Thread: pool-6-thread-2
Processed Task 80 (HIGH) | Wait: 281ms, Turnaround: 333ms, Thread: pool-6-thread-1
Processed Task 41 (LOW) | Wait: 333ms, Turnaround: 387ms, Thread: pool-6-thread-3
Processed Task 73 (HIGH) | Wait: 333ms, Turnaround: 387ms, Thread: pool-6-thread-1
Processed Task 12 (MEDIUM) | Wait: 333ms, Turnaround: 387ms, Thread: pool-6-thread-2
Processed Task 45 (LOW) | Wait: 387ms, Turnaround: 439ms, Thread: pool-6-thread-3
Processed Task 67 (HIGH) | Wait: 387ms, Turnaround: 439ms, Thread: pool-6-thread-1
Processed Task 13 (MEDIUM) | Wait: 387ms, Turnaround: 439ms, Thread: pool-6-thread-2
Processed Task 46 (LOW) | Wait: 439ms, Turnaround: 493ms, Thread: pool-6-thread-3
Processed Task 21 (MEDIUM) | Wait: 439ms, Turnaround: 493ms, Thread: pool-6-thread-2
Processed Task 66 (HIGH) | Wait: 439ms, Turnaround: 493ms, Thread: pool-6-thread-1
Processed Task 47 (LOW) | Wait: 493ms, Turnaround: 545ms, Thread: pool-6-thread-3
Processed Task 62 (HIGH) | Wait: 493ms, Turnaround: 545ms, Thread: pool-6-thread-1
Processed Task 22 (MEDIUM) | Wait: 493ms, Turnaround: 545ms, Thread: pool-6-thread-2
Processed Task 60 (HIGH) | Wait: 545ms, Turnaround: 600ms, Thread: pool-6-thread-1
Processed Task 24 (MEDIUM) | Wait: 545ms, Turnaround: 600ms, Thread: pool-6-thread-2
Processed Task 55 (LOW) | Wait: 545ms, Turnaround: 600ms, Thread: pool-6-thread-3
Processed Task 56 (LOW) | Wait: 600ms, Turnaround: 653ms, Thread: pool-6-thread-3
Processed Task 53 (HIGH) | Wait: 600ms, Turnaround: 653ms, Thread: pool-6-thread-1
Processed Task 26 (MEDIUM) | Wait: 600ms, Turnaround: 653ms, Thread: pool-6-thread-2
Processed Task 52 (HIGH) | Wait: 653ms, Turnaround: 707ms, Thread: pool-6-thread-1
Processed Task 27 (MEDIUM) | Wait: 653ms, Turnaround: 707ms, Thread: pool-6-thread-2
Processed Task 58 (LOW) | Wait: 653ms, Turnaround: 707ms, Thread: pool-6-thread-3
Processed Task 50 (HIGH) | Wait: 707ms, Turnaround: 757ms, Thread: pool-6-thread-1
Processed Task 28 (MEDIUM) | Wait: 707ms, Turnaround: 757ms, Thread: pool-6-thread-2
Processed Task 59 (LOW) | Wait: 707ms, Turnaround: 757ms, Thread: pool-6-thread-3
Processed Task 61 (LOW) | Wait: 757ms, Turnaround: 812ms, Thread: pool-6-thread-3
Processed Task 29 (MEDIUM) | Wait: 757ms, Turnaround: 812ms, Thread: pool-6-thread-2
Processed Task 49 (HIGH) | Wait: 757ms, Turnaround: 812ms, Thread: pool-6-thread-1
Processed Task 44 (HIGH) | Wait: 812ms, Turnaround: 864ms, Thread: pool-6-thread-1
Processed Task 63 (LOW) | Wait: 812ms, Turnaround: 864ms, Thread: pool-6-thread-3
Processed Task 31 (MEDIUM) | Wait: 812ms, Turnaround: 864ms, Thread: pool-6-thread-2
Processed Task 65 (LOW) | Wait: 864ms, Turnaround: 919ms, Thread: pool-6-thread-3
Processed Task 33 (MEDIUM) | Wait: 864ms, Turnaround: 919ms, Thread: pool-6-thread-2
Processed Task 42 (HIGH) | Wait: 864ms, Turnaround: 919ms, Thread: pool-6-thread-1
Processed Task 37 (HIGH) | Wait: 919ms, Turnaround: 972ms, Thread: pool-6-thread-1
Processed Task 69 (LOW) | Wait: 919ms, Turnaround: 972ms, Thread: pool-6-thread-3
Processed Task 36 (MEDIUM) | Wait: 919ms, Turnaround: 972ms, Thread: pool-6-thread-2
Processed Task 71 (LOW) | Wait: 972ms, Turnaround: 1023ms, Thread: pool-6-thread-3
Processed Task 38 (MEDIUM) | Wait: 972ms, Turnaround: 1023ms, Thread: pool-6-thread-2
Processed Task 34 (HIGH) | Wait: 972ms, Turnaround: 1023ms, Thread: pool-6-thread-1
Processed Task 74 (LOW) | Wait: 1023ms, Turnaround: 1076ms, Thread: pool-6-thread-3
Processed Task 25 (HIGH) | Wait: 1023ms, Turnaround: 1076ms, Thread: pool-6-thread-1
Processed Task 39 (MEDIUM) | Wait: 1023ms, Turnaround: 1076ms, Thread: pool-6-thread-2
Processed Task 23 (HIGH) | Wait: 1076ms, Turnaround: 1131ms, Thread: pool-6-thread-1
Processed Task 40 (MEDIUM) | Wait: 1076ms, Turnaround: 1131ms, Thread: pool-6-thread-2
Processed Task 76 (LOW) | Wait: 1076ms, Turnaround: 1131ms, Thread: pool-6-thread-3
Processed Task 43 (MEDIUM) | Wait: 1131ms, Turnaround: 1184ms, Thread: pool-6-thread-2
Processed Task 78 (LOW) | Wait: 1131ms, Turnaround: 1184ms, Thread: pool-6-thread-3
Processed Task 18 (HIGH) | Wait: 1131ms, Turnaround: 1184ms, Thread: pool-6-thread-1
Processed Task 17 (HIGH) | Wait: 1184ms, Turnaround: 1240ms, Thread: pool-6-thread-1
Processed Task 79 (LOW) | Wait: 1184ms, Turnaround: 1240ms, Thread: pool-6-thread-3
Processed Task 48 (MEDIUM) | Wait: 1184ms, Turnaround: 1240ms, Thread: pool-6-thread-2
Processed Task 16 (HIGH) | Wait: 1240ms, Turnaround: 1293ms, Thread: pool-6-thread-1
Processed Task 82 (LOW) | Wait: 1240ms, Turnaround: 1293ms, Thread: pool-6-thread-3
Processed Task 51 (MEDIUM) | Wait: 1240ms, Turnaround: 1293ms, Thread: pool-6-thread-2
Processed Task 83 (LOW) | Wait: 1293ms, Turnaround: 1347ms, Thread: pool-6-thread-3
Processed Task 15 (HIGH) | Wait: 1293ms, Turnaround: 1347ms, Thread: pool-6-thread-1
Processed Task 54 (MEDIUM) | Wait: 1293ms, Turnaround: 1347ms, Thread: pool-6-thread-2
Processed Task 14 (HIGH) | Wait: 1347ms, Turnaround: 1401ms, Thread: pool-6-thread-1
Processed Task 57 (MEDIUM) | Wait: 1347ms, Turnaround: 1401ms, Thread: pool-6-thread-2
Processed Task 87 (LOW) | Wait: 1347ms, Turnaround: 1401ms, Thread: pool-6-thread-3
Processed Task 10 (HIGH) | Wait: 1401ms, Turnaround: 1455ms, Thread: pool-6-thread-1
Processed Task 88 (LOW) | Wait: 1401ms, Turnaround: 1455ms, Thread: pool-6-thread-3
Processed Task 64 (MEDIUM) | Wait: 1401ms, Turnaround: 1455ms, Thread: pool-6-thread-2
Processed Task 68 (MEDIUM) | Wait: 1455ms, Turnaround: 1509ms, Thread: pool-6-thread-2
Processed Task 7 (HIGH) | Wait: 1455ms, Turnaround: 1509ms, Thread: pool-6-thread-1
Processed Task 89 (LOW) | Wait: 1455ms, Turnaround: 1509ms, Thread: pool-6-thread-3
Processed Task 6 (HIGH) | Wait: 1509ms, Turnaround: 1564ms, Thread: pool-6-thread-1
Processed Task 70 (MEDIUM) | Wait: 1509ms, Turnaround: 1564ms, Thread: pool-6-thread-2
Processed Task 96 (LOW) | Wait: 1509ms, Turnaround: 1564ms, Thread: pool-6-thread-3
Processed Task 97 (LOW) | Wait: 1564ms, Turnaround: 1616ms, Thread: pool-6-thread-3
Processed Task 4 (HIGH) | Wait: 1564ms, Turnaround: 1616ms, Thread: pool-6-thread-1
Processed Task 72 (MEDIUM) | Wait: 1564ms, Turnaround: 1616ms, Thread: pool-6-thread-2
Processed Task 75 (MEDIUM) | Wait: 1616ms, Turnaround: 1672ms, Thread: pool-6-thread-2
Processed Task 98 (LOW) | Wait: 1616ms, Turnaround: 1672ms, Thread: pool-6-thread-3
Processed Task 100 (LOW) | Wait: 1672ms, Turnaround: 1725ms, Thread: pool-6-thread-3
Processed Task 77 (MEDIUM) | Wait: 1672ms, Turnaround: 1725ms, Thread: pool-6-thread-2
Processed Task 81 (MEDIUM) | Wait: 1725ms, Turnaround: 1779ms, Thread: pool-6-thread-2
Processed Task 84 (MEDIUM) | Wait: 1779ms, Turnaround: 1833ms, Thread: pool-6-thread-2
Processed Task 85 (MEDIUM) | Wait: 1833ms, Turnaround: 1887ms, Thread: pool-6-thread-2
Processed Task 86 (MEDIUM) | Wait: 1887ms, Turnaround: 1940ms, Thread: pool-6-thread-2
Processed Task 90 (MEDIUM) | Wait: 1940ms, Turnaround: 1996ms, Thread: pool-6-thread-2
Processed Task 91 (MEDIUM) | Wait: 1996ms, Turnaround: 2049ms, Thread: pool-6-thread-2

----- RESULTS FOR THIS RUN -----
Tasks processed: 100
Total elapsed: 2.05 s
Throughput: 48.80 tasks/s

Wait Time (ms):
  Min = 0
  Max = 1996
  Avg = 883.95
  StdDev = 531.93

Turnaround Time (ms):
  Min = 52
  Max = 2049
  Avg = 937.85
  StdDev = 531.61
------------------------------


All 5 runs have completed.
]]></system-out>
  </testcase>
</testsuite>