<?xml version="1.0" encoding="UTF-8"?>
<testsuite xmlns:xsi="http://www.w3.org/2001/XMLSchema-instance" xsi:noNamespaceSchemaLocation="https://maven.apache.org/surefire/maven-surefire-plugin/xsd/surefire-test-report-3.0.xsd" version="3.0" name="com.taskscheduler.SystemTest" time="106.058" tests="1" errors="0" skipped="0" failures="0">
  <properties>
[...]
</properties>
  <testcase name="testFullExperimentRun" classname="com.taskscheduler.SystemTest" time="106.01">
    <system-out><![CDATA[
=============================
Starting run 1 of 50
=============================
Processed Task 100 (HIGH) | Wait: 1ms, Turnaround: 62ms, Thread: pool-2-thread-1
Processed Task 3 (MEDIUM) | Wait: 1ms, Turnaround: 62ms, Thread: pool-2-thread-2
Processed Task 5 (LOW) | Wait: 1ms, Turnaround: 62ms, Thread: pool-2-thread-3
Processed Task 97 (HIGH) | Wait: 62ms, Turnaround: 123ms, Thread: pool-2-thread-1
Processed Task 6 (LOW) | Wait: 62ms, Turnaround: 123ms, Thread: pool-2-thread-3
Processed Task 11 (MEDIUM) | Wait: 62ms, Turnaround: 123ms, Thread: pool-2-thread-2
Processed Task 7 (LOW) | Wait: 123ms, Turnaround: 188ms, Thread: pool-2-thread-3
Processed Task 12 (MEDIUM) | Wait: 123ms, Turnaround: 188ms, Thread: pool-2-thread-2
Processed Task 93 (HIGH) | Wait: 123ms, Turnaround: 188ms, Thread: pool-2-thread-1
Processed Task 14 (MEDIUM) | Wait: 188ms, Turnaround: 241ms, Thread: pool-2-thread-2
Processed Task 91 (HIGH) | Wait: 188ms, Turnaround: 241ms, Thread: pool-2-thread-1
Processed Task 10 (LOW) | Wait: 188ms, Turnaround: 242ms, Thread: pool-2-thread-3
Processed Task 87 (HIGH) | Wait: 241ms, Turnaround: 306ms, Thread: pool-2-thread-1
Processed Task 17 (LOW) | Wait: 242ms, Turnaround: 306ms, Thread: pool-2-thread-3
Processed Task 20 (MEDIUM) | Wait: 241ms, Turnaround: 306ms, Thread: pool-2-thread-2
Processed Task 22 (MEDIUM) | Wait: 306ms, Turnaround: 364ms, Thread: pool-2-thread-2
Processed Task 24 (LOW) | Wait: 306ms, Turnaround: 364ms, Thread: pool-2-thread-3
Processed Task 79 (HIGH) | Wait: 306ms, Turnaround: 364ms, Thread: pool-2-thread-1
Processed Task 78 (HIGH) | Wait: 364ms, Turnaround: 415ms, Thread: pool-2-thread-1
Processed Task 25 (LOW) | Wait: 364ms, Turnaround: 415ms, Thread: pool-2-thread-3
Processed Task 23 (MEDIUM) | Wait: 364ms, Turnaround: 415ms, Thread: pool-2-thread-2
Processed Task 26 (LOW) | Wait: 415ms, Turnaround: 473ms, Thread: pool-2-thread-3
Processed Task 74 (HIGH) | Wait: 415ms, Turnaround: 473ms, Thread: pool-2-thread-1
Processed Task 30 (MEDIUM) | Wait: 415ms, Turnaround: 473ms, Thread: pool-2-thread-2
Processed Task 71 (HIGH) | Wait: 473ms, Turnaround: 536ms, Thread: pool-2-thread-1
Processed Task 27 (LOW) | Wait: 473ms, Turnaround: 536ms, Thread: pool-2-thread-3
Processed Task 34 (MEDIUM) | Wait: 473ms, Turnaround: 536ms, Thread: pool-2-thread-2
Processed Task 40 (MEDIUM) | Wait: 536ms, Turnaround: 589ms, Thread: pool-2-thread-2
Processed Task 69 (HIGH) | Wait: 536ms, Turnaround: 589ms, Thread: pool-2-thread-1
Processed Task 29 (LOW) | Wait: 536ms, Turnaround: 589ms, Thread: pool-2-thread-3
Processed Task 42 (MEDIUM) | Wait: 589ms, Turnaround: 644ms, Thread: pool-2-thread-2
Processed Task 62 (HIGH) | Wait: 589ms, Turnaround: 644ms, Thread: pool-2-thread-1
Processed Task 32 (LOW) | Wait: 589ms, Turnaround: 644ms, Thread: pool-2-thread-3
Processed Task 35 (LOW) | Wait: 644ms, Turnaround: 701ms, Thread: pool-2-thread-3
Processed Task 61 (HIGH) | Wait: 644ms, Turnaround: 701ms, Thread: pool-2-thread-1
Processed Task 44 (MEDIUM) | Wait: 644ms, Turnaround: 701ms, Thread: pool-2-thread-2
Processed Task 60 (HIGH) | Wait: 701ms, Turnaround: 755ms, Thread: pool-2-thread-1
Processed Task 45 (MEDIUM) | Wait: 701ms, Turnaround: 756ms, Thread: pool-2-thread-2
Processed Task 41 (LOW) | Wait: 701ms, Turnaround: 756ms, Thread: pool-2-thread-3
Processed Task 56 (HIGH) | Wait: 755ms, Turnaround: 811ms, Thread: pool-2-thread-1
Processed Task 52 (MEDIUM) | Wait: 756ms, Turnaround: 811ms, Thread: pool-2-thread-2
Processed Task 47 (LOW) | Wait: 756ms, Turnaround: 811ms, Thread: pool-2-thread-3
Processed Task 54 (MEDIUM) | Wait: 811ms, Turnaround: 868ms, Thread: pool-2-thread-2
Processed Task 49 (LOW) | Wait: 811ms, Turnaround: 868ms, Thread: pool-2-thread-3
Processed Task 55 (HIGH) | Wait: 811ms, Turnaround: 868ms, Thread: pool-2-thread-1
Processed Task 51 (HIGH) | Wait: 868ms, Turnaround: 924ms, Thread: pool-2-thread-1
Processed Task 57 (MEDIUM) | Wait: 868ms, Turnaround: 924ms, Thread: pool-2-thread-2
Processed Task 50 (LOW) | Wait: 868ms, Turnaround: 924ms, Thread: pool-2-thread-3
Processed Task 53 (LOW) | Wait: 924ms, Turnaround: 980ms, Thread: pool-2-thread-3
Processed Task 63 (MEDIUM) | Wait: 924ms, Turnaround: 980ms, Thread: pool-2-thread-2
Processed Task 48 (HIGH) | Wait: 924ms, Turnaround: 980ms, Thread: pool-2-thread-1
Processed Task 46 (HIGH) | Wait: 980ms, Turnaround: 1031ms, Thread: pool-2-thread-1
Processed Task 64 (MEDIUM) | Wait: 980ms, Turnaround: 1031ms, Thread: pool-2-thread-2
Processed Task 58 (LOW) | Wait: 980ms, Turnaround: 1031ms, Thread: pool-2-thread-3
Processed Task 59 (LOW) | Wait: 1031ms, Turnaround: 1092ms, Thread: pool-2-thread-3
Processed Task 43 (HIGH) | Wait: 1031ms, Turnaround: 1092ms, Thread: pool-2-thread-1
Processed Task 68 (MEDIUM) | Wait: 1031ms, Turnaround: 1092ms, Thread: pool-2-thread-2
Processed Task 39 (HIGH) | Wait: 1092ms, Turnaround: 1155ms, Thread: pool-2-thread-1
Processed Task 65 (LOW) | Wait: 1092ms, Turnaround: 1155ms, Thread: pool-2-thread-3
Processed Task 70 (MEDIUM) | Wait: 1092ms, Turnaround: 1155ms, Thread: pool-2-thread-2
Processed Task 66 (LOW) | Wait: 1155ms, Turnaround: 1208ms, Thread: pool-2-thread-3
Processed Task 72 (MEDIUM) | Wait: 1155ms, Turnaround: 1208ms, Thread: pool-2-thread-2
Processed Task 38 (HIGH) | Wait: 1155ms, Turnaround: 1208ms, Thread: pool-2-thread-1
Processed Task 73 (MEDIUM) | Wait: 1208ms, Turnaround: 1273ms, Thread: pool-2-thread-2
Processed Task 37 (HIGH) | Wait: 1208ms, Turnaround: 1273ms, Thread: pool-2-thread-1
Processed Task 67 (LOW) | Wait: 1208ms, Turnaround: 1273ms, Thread: pool-2-thread-3
Processed Task 36 (HIGH) | Wait: 1273ms, Turnaround: 1333ms, Thread: pool-2-thread-1
Processed Task 75 (LOW) | Wait: 1273ms, Turnaround: 1333ms, Thread: pool-2-thread-3
Processed Task 76 (MEDIUM) | Wait: 1273ms, Turnaround: 1333ms, Thread: pool-2-thread-2
Processed Task 33 (HIGH) | Wait: 1333ms, Turnaround: 1383ms, Thread: pool-2-thread-1
Processed Task 85 (LOW) | Wait: 1333ms, Turnaround: 1383ms, Thread: pool-2-thread-3
Processed Task 77 (MEDIUM) | Wait: 1333ms, Turnaround: 1383ms, Thread: pool-2-thread-2
Processed Task 80 (MEDIUM) | Wait: 1383ms, Turnaround: 1438ms, Thread: pool-2-thread-2
Processed Task 86 (LOW) | Wait: 1383ms, Turnaround: 1438ms, Thread: pool-2-thread-3
Processed Task 31 (HIGH) | Wait: 1383ms, Turnaround: 1438ms, Thread: pool-2-thread-1
Processed Task 90 (LOW) | Wait: 1438ms, Turnaround: 1491ms, Thread: pool-2-thread-3
Processed Task 28 (HIGH) | Wait: 1438ms, Turnaround: 1491ms, Thread: pool-2-thread-1
Processed Task 81 (MEDIUM) | Wait: 1438ms, Turnaround: 1491ms, Thread: pool-2-thread-2
Processed Task 82 (MEDIUM) | Wait: 1491ms, Turnaround: 1566ms, Thread: pool-2-thread-2
Processed Task 98 (LOW) | Wait: 1491ms, Turnaround: 1566ms, Thread: pool-2-thread-3
Processed Task 21 (HIGH) | Wait: 1491ms, Turnaround: 1566ms, Thread: pool-2-thread-1
Processed Task 19 (HIGH) | Wait: 1566ms, Turnaround: 1623ms, Thread: pool-2-thread-1
Processed Task 83 (MEDIUM) | Wait: 1566ms, Turnaround: 1623ms, Thread: pool-2-thread-2
Processed Task 84 (MEDIUM) | Wait: 1623ms, Turnaround: 1677ms, Thread: pool-2-thread-2
Processed Task 18 (HIGH) | Wait: 1623ms, Turnaround: 1677ms, Thread: pool-2-thread-1
Processed Task 16 (HIGH) | Wait: 1677ms, Turnaround: 1731ms, Thread: pool-2-thread-1
Processed Task 88 (MEDIUM) | Wait: 1677ms, Turnaround: 1731ms, Thread: pool-2-thread-2
Processed Task 15 (HIGH) | Wait: 1731ms, Turnaround: 1790ms, Thread: pool-2-thread-1
Processed Task 89 (MEDIUM) | Wait: 1731ms, Turnaround: 1790ms, Thread: pool-2-thread-2
Processed Task 13 (HIGH) | Wait: 1790ms, Turnaround: 1841ms, Thread: pool-2-thread-1
Processed Task 92 (MEDIUM) | Wait: 1790ms, Turnaround: 1841ms, Thread: pool-2-thread-2
Processed Task 94 (MEDIUM) | Wait: 1841ms, Turnaround: 1895ms, Thread: pool-2-thread-2
Processed Task 9 (HIGH) | Wait: 1841ms, Turnaround: 1895ms, Thread: pool-2-thread-1
Processed Task 8 (HIGH) | Wait: 1895ms, Turnaround: 1950ms, Thread: pool-2-thread-1
Processed Task 95 (MEDIUM) | Wait: 1895ms, Turnaround: 1950ms, Thread: pool-2-thread-2
Processed Task 96 (MEDIUM) | Wait: 1950ms, Turnaround: 2016ms, Thread: pool-2-thread-2
Processed Task 4 (HIGH) | Wait: 1950ms, Turnaround: 2016ms, Thread: pool-2-thread-1
Processed Task 99 (MEDIUM) | Wait: 2016ms, Turnaround: 2069ms, Thread: pool-2-thread-2
Processed Task 2 (HIGH) | Wait: 2016ms, Turnaround: 2069ms, Thread: pool-2-thread-1
Processed Task 1 (HIGH) | Wait: 2070ms, Turnaround: 2124ms, Thread: pool-2-thread-1

----- RESULTS FOR THIS RUN -----
Tasks processed: 100
Total elapsed: 2.13 s
Throughput: 47.06 tasks/s

Wait Time (ms):
  Min = 1
  Max = 2070
  Avg = 954.06
  StdDev = 577.22

Turnaround Time (ms):
  Min = 62
  Max = 2124
  Avg = 1011.61
  StdDev = 576.59
------------------------------


=============================
Starting run 2 of 50
=============================
Processed Task 1 (MEDIUM) | Wait: 0ms, Turnaround: 57ms, Thread: pool-3-thread-2
Processed Task 100 (HIGH) | Wait: 0ms, Turnaround: 57ms, Thread: pool-3-thread-1
Processed Task 18 (LOW) | Wait: 0ms, Turnaround: 57ms, Thread: pool-3-thread-3
Processed Task 20 (LOW) | Wait: 57ms, Turnaround: 119ms, Thread: pool-3-thread-3
Processed Task 6 (MEDIUM) | Wait: 57ms, Turnaround: 119ms, Thread: pool-3-thread-2
Processed Task 97 (HIGH) | Wait: 57ms, Turnaround: 119ms, Thread: pool-3-thread-1
Processed Task 8 (MEDIUM) | Wait: 119ms, Turnaround: 187ms, Thread: pool-3-thread-2
Processed Task 22 (LOW) | Wait: 119ms, Turnaround: 187ms, Thread: pool-3-thread-3
Processed Task 96 (HIGH) | Wait: 119ms, Turnaround: 187ms, Thread: pool-3-thread-1
Processed Task 9 (MEDIUM) | Wait: 187ms, Turnaround: 248ms, Thread: pool-3-thread-2
Processed Task 23 (LOW) | Wait: 187ms, Turnaround: 248ms, Thread: pool-3-thread-3
Processed Task 89 (HIGH) | Wait: 187ms, Turnaround: 248ms, Thread: pool-3-thread-1
Processed Task 88 (HIGH) | Wait: 248ms, Turnaround: 304ms, Thread: pool-3-thread-1
Processed Task 28 (LOW) | Wait: 248ms, Turnaround: 304ms, Thread: pool-3-thread-3
Processed Task 10 (MEDIUM) | Wait: 248ms, Turnaround: 304ms, Thread: pool-3-thread-2
Processed Task 33 (LOW) | Wait: 304ms, Turnaround: 356ms, Thread: pool-3-thread-3
Processed Task 11 (MEDIUM) | Wait: 304ms, Turnaround: 358ms, Thread: pool-3-thread-2
Processed Task 86 (HIGH) | Wait: 304ms, Turnaround: 358ms, Thread: pool-3-thread-1
Processed Task 12 (MEDIUM) | Wait: 358ms, Turnaround: 409ms, Thread: pool-3-thread-2
Processed Task 80 (HIGH) | Wait: 358ms, Turnaround: 409ms, Thread: pool-3-thread-1
Processed Task 34 (LOW) | Wait: 356ms, Turnaround: 409ms, Thread: pool-3-thread-3
Processed Task 78 (HIGH) | Wait: 409ms, Turnaround: 471ms, Thread: pool-3-thread-1
Processed Task 39 (LOW) | Wait: 409ms, Turnaround: 471ms, Thread: pool-3-thread-3
Processed Task 14 (MEDIUM) | Wait: 409ms, Turnaround: 471ms, Thread: pool-3-thread-2
Processed Task 47 (LOW) | Wait: 471ms, Turnaround: 532ms, Thread: pool-3-thread-3
Processed Task 76 (HIGH) | Wait: 471ms, Turnaround: 532ms, Thread: pool-3-thread-1
Processed Task 16 (MEDIUM) | Wait: 471ms, Turnaround: 532ms, Thread: pool-3-thread-2
Processed Task 48 (LOW) | Wait: 532ms, Turnaround: 587ms, Thread: pool-3-thread-3
Processed Task 21 (MEDIUM) | Wait: 532ms, Turnaround: 587ms, Thread: pool-3-thread-2
Processed Task 66 (HIGH) | Wait: 532ms, Turnaround: 587ms, Thread: pool-3-thread-1
Processed Task 49 (LOW) | Wait: 587ms, Turnaround: 651ms, Thread: pool-3-thread-3
Processed Task 65 (HIGH) | Wait: 587ms, Turnaround: 651ms, Thread: pool-3-thread-1
Processed Task 26 (MEDIUM) | Wait: 587ms, Turnaround: 651ms, Thread: pool-3-thread-2
Processed Task 55 (LOW) | Wait: 651ms, Turnaround: 704ms, Thread: pool-3-thread-3
Processed Task 64 (HIGH) | Wait: 651ms, Turnaround: 704ms, Thread: pool-3-thread-1
Processed Task 27 (MEDIUM) | Wait: 651ms, Turnaround: 714ms, Thread: pool-3-thread-2
Processed Task 57 (LOW) | Wait: 704ms, Turnaround: 766ms, Thread: pool-3-thread-3
Processed Task 63 (HIGH) | Wait: 704ms, Turnaround: 766ms, Thread: pool-3-thread-1
Processed Task 29 (MEDIUM) | Wait: 714ms, Turnaround: 766ms, Thread: pool-3-thread-2
Processed Task 58 (LOW) | Wait: 766ms, Turnaround: 825ms, Thread: pool-3-thread-3
Processed Task 32 (MEDIUM) | Wait: 766ms, Turnaround: 825ms, Thread: pool-3-thread-2
Processed Task 59 (HIGH) | Wait: 766ms, Turnaround: 825ms, Thread: pool-3-thread-1
Processed Task 60 (LOW) | Wait: 825ms, Turnaround: 891ms, Thread: pool-3-thread-3
Processed Task 36 (MEDIUM) | Wait: 825ms, Turnaround: 891ms, Thread: pool-3-thread-2
Processed Task 54 (HIGH) | Wait: 825ms, Turnaround: 891ms, Thread: pool-3-thread-1
Processed Task 37 (MEDIUM) | Wait: 891ms, Turnaround: 956ms, Thread: pool-3-thread-2
Processed Task 69 (LOW) | Wait: 891ms, Turnaround: 956ms, Thread: pool-3-thread-3
Processed Task 53 (HIGH) | Wait: 891ms, Turnaround: 956ms, Thread: pool-3-thread-1
Processed Task 51 (HIGH) | Wait: 956ms, Turnaround: 1008ms, Thread: pool-3-thread-1
Processed Task 38 (MEDIUM) | Wait: 956ms, Turnaround: 1008ms, Thread: pool-3-thread-2
Processed Task 73 (LOW) | Wait: 956ms, Turnaround: 1008ms, Thread: pool-3-thread-3
Processed Task 50 (HIGH) | Wait: 1008ms, Turnaround: 1064ms, Thread: pool-3-thread-1
Processed Task 79 (LOW) | Wait: 1008ms, Turnaround: 1064ms, Thread: pool-3-thread-3
Processed Task 40 (MEDIUM) | Wait: 1008ms, Turnaround: 1064ms, Thread: pool-3-thread-2
Processed Task 44 (HIGH) | Wait: 1064ms, Turnaround: 1115ms, Thread: pool-3-thread-1
Processed Task 82 (LOW) | Wait: 1064ms, Turnaround: 1115ms, Thread: pool-3-thread-3
Processed Task 41 (MEDIUM) | Wait: 1064ms, Turnaround: 1115ms, Thread: pool-3-thread-2
Processed Task 90 (LOW) | Wait: 1115ms, Turnaround: 1171ms, Thread: pool-3-thread-3
Processed Task 43 (MEDIUM) | Wait: 1115ms, Turnaround: 1171ms, Thread: pool-3-thread-2
Processed Task 42 (HIGH) | Wait: 1115ms, Turnaround: 1171ms, Thread: pool-3-thread-1
Processed Task 45 (MEDIUM) | Wait: 1171ms, Turnaround: 1221ms, Thread: pool-3-thread-2
Processed Task 35 (HIGH) | Wait: 1171ms, Turnaround: 1222ms, Thread: pool-3-thread-1
Processed Task 93 (LOW) | Wait: 1171ms, Turnaround: 1222ms, Thread: pool-3-thread-3
Processed Task 31 (HIGH) | Wait: 1222ms, Turnaround: 1279ms, Thread: pool-3-thread-1
Processed Task 46 (MEDIUM) | Wait: 1221ms, Turnaround: 1279ms, Thread: pool-3-thread-2
Processed Task 94 (LOW) | Wait: 1222ms, Turnaround: 1279ms, Thread: pool-3-thread-3
Processed Task 52 (MEDIUM) | Wait: 1279ms, Turnaround: 1337ms, Thread: pool-3-thread-2
Processed Task 30 (HIGH) | Wait: 1279ms, Turnaround: 1337ms, Thread: pool-3-thread-1
Processed Task 95 (LOW) | Wait: 1279ms, Turnaround: 1337ms, Thread: pool-3-thread-3
Processed Task 25 (HIGH) | Wait: 1337ms, Turnaround: 1388ms, Thread: pool-3-thread-1
Processed Task 56 (MEDIUM) | Wait: 1337ms, Turnaround: 1388ms, Thread: pool-3-thread-2
Processed Task 98 (LOW) | Wait: 1337ms, Turnaround: 1388ms, Thread: pool-3-thread-3
Processed Task 24 (HIGH) | Wait: 1388ms, Turnaround: 1438ms, Thread: pool-3-thread-1
Processed Task 61 (MEDIUM) | Wait: 1388ms, Turnaround: 1438ms, Thread: pool-3-thread-2
Processed Task 99 (LOW) | Wait: 1388ms, Turnaround: 1442ms, Thread: pool-3-thread-3
Processed Task 62 (MEDIUM) | Wait: 1438ms, Turnaround: 1493ms, Thread: pool-3-thread-2
Processed Task 19 (HIGH) | Wait: 1438ms, Turnaround: 1493ms, Thread: pool-3-thread-1
Processed Task 67 (MEDIUM) | Wait: 1493ms, Turnaround: 1544ms, Thread: pool-3-thread-2
Processed Task 17 (HIGH) | Wait: 1493ms, Turnaround: 1544ms, Thread: pool-3-thread-1
Processed Task 15 (HIGH) | Wait: 1544ms, Turnaround: 1602ms, Thread: pool-3-thread-1
Processed Task 68 (MEDIUM) | Wait: 1544ms, Turnaround: 1602ms, Thread: pool-3-thread-2
Processed Task 13 (HIGH) | Wait: 1602ms, Turnaround: 1655ms, Thread: pool-3-thread-1
Processed Task 70 (MEDIUM) | Wait: 1602ms, Turnaround: 1655ms, Thread: pool-3-thread-2
Processed Task 71 (MEDIUM) | Wait: 1655ms, Turnaround: 1707ms, Thread: pool-3-thread-2
Processed Task 7 (HIGH) | Wait: 1655ms, Turnaround: 1707ms, Thread: pool-3-thread-1
Processed Task 5 (HIGH) | Wait: 1707ms, Turnaround: 1758ms, Thread: pool-3-thread-1
Processed Task 72 (MEDIUM) | Wait: 1707ms, Turnaround: 1758ms, Thread: pool-3-thread-2
Processed Task 4 (HIGH) | Wait: 1758ms, Turnaround: 1815ms, Thread: pool-3-thread-1
Processed Task 74 (MEDIUM) | Wait: 1758ms, Turnaround: 1815ms, Thread: pool-3-thread-2
Processed Task 75 (MEDIUM) | Wait: 1815ms, Turnaround: 1866ms, Thread: pool-3-thread-2
Processed Task 3 (HIGH) | Wait: 1815ms, Turnaround: 1866ms, Thread: pool-3-thread-1
Processed Task 2 (HIGH) | Wait: 1866ms, Turnaround: 1923ms, Thread: pool-3-thread-1
Processed Task 77 (MEDIUM) | Wait: 1866ms, Turnaround: 1923ms, Thread: pool-3-thread-2
Processed Task 81 (MEDIUM) | Wait: 1923ms, Turnaround: 1974ms, Thread: pool-3-thread-2
Processed Task 83 (MEDIUM) | Wait: 1974ms, Turnaround: 2034ms, Thread: pool-3-thread-2
Processed Task 84 (MEDIUM) | Wait: 2034ms, Turnaround: 2085ms, Thread: pool-3-thread-2
Processed Task 85 (MEDIUM) | Wait: 2085ms, Turnaround: 2142ms, Thread: pool-3-thread-2
Processed Task 87 (MEDIUM) | Wait: 2142ms, Turnaround: 2196ms, Thread: pool-3-thread-2
Processed Task 91 (MEDIUM) | Wait: 2196ms, Turnaround: 2247ms, Thread: pool-3-thread-2
Processed Task 92 (MEDIUM) | Wait: 2247ms, Turnaround: 2298ms, Thread: pool-3-thread-2

----- RESULTS FOR THIS RUN -----
Tasks processed: 100
Total elapsed: 2.30 s
Throughput: 43.52 tasks/s

Wait Time (ms):
  Min = 0
  Max = 2247
  Avg = 973.11
  StdDev = 599.53

Turnaround Time (ms):
  Min = 57
  Max = 2298
  Avg = 1029.74
  StdDev = 597.15
------------------------------


=============================
Starting run 3 of 50
=============================
Processed Task 98 (HIGH) | Wait: 0ms, Turnaround: 52ms, Thread: pool-4-thread-1
Processed Task 1 (MEDIUM) | Wait: 0ms, Turnaround: 52ms, Thread: pool-4-thread-2
Processed Task 4 (LOW) | Wait: 0ms, Turnaround: 52ms, Thread: pool-4-thread-3
Processed Task 6 (LOW) | Wait: 52ms, Turnaround: 106ms, Thread: pool-4-thread-3
Processed Task 96 (HIGH) | Wait: 52ms, Turnaround: 106ms, Thread: pool-4-thread-1
Processed Task 8 (MEDIUM) | Wait: 52ms, Turnaround: 106ms, Thread: pool-4-thread-2
Processed Task 86 (HIGH) | Wait: 106ms, Turnaround: 175ms, Thread: pool-4-thread-1
Processed Task 9 (LOW) | Wait: 106ms, Turnaround: 175ms, Thread: pool-4-thread-3
Processed Task 12 (MEDIUM) | Wait: 106ms, Turnaround: 175ms, Thread: pool-4-thread-2
Processed Task 19 (LOW) | Wait: 175ms, Turnaround: 230ms, Thread: pool-4-thread-3
Processed Task 13 (MEDIUM) | Wait: 175ms, Turnaround: 230ms, Thread: pool-4-thread-2
Processed Task 72 (HIGH) | Wait: 175ms, Turnaround: 230ms, Thread: pool-4-thread-1
Processed Task 21 (LOW) | Wait: 230ms, Turnaround: 284ms, Thread: pool-4-thread-3
Processed Task 63 (HIGH) | Wait: 230ms, Turnaround: 284ms, Thread: pool-4-thread-1
Processed Task 16 (MEDIUM) | Wait: 230ms, Turnaround: 284ms, Thread: pool-4-thread-2
Processed Task 62 (HIGH) | Wait: 284ms, Turnaround: 346ms, Thread: pool-4-thread-1
Processed Task 23 (LOW) | Wait: 284ms, Turnaround: 346ms, Thread: pool-4-thread-3
Processed Task 18 (MEDIUM) | Wait: 284ms, Turnaround: 346ms, Thread: pool-4-thread-2
Processed Task 34 (LOW) | Wait: 346ms, Turnaround: 403ms, Thread: pool-4-thread-3
Processed Task 25 (MEDIUM) | Wait: 346ms, Turnaround: 403ms, Thread: pool-4-thread-2
Processed Task 55 (HIGH) | Wait: 346ms, Turnaround: 403ms, Thread: pool-4-thread-1
Processed Task 53 (HIGH) | Wait: 403ms, Turnaround: 455ms, Thread: pool-4-thread-1
Processed Task 27 (MEDIUM) | Wait: 403ms, Turnaround: 455ms, Thread: pool-4-thread-2
Processed Task 36 (LOW) | Wait: 403ms, Turnaround: 455ms, Thread: pool-4-thread-3
Processed Task 49 (HIGH) | Wait: 455ms, Turnaround: 519ms, Thread: pool-4-thread-1
Processed Task 28 (MEDIUM) | Wait: 455ms, Turnaround: 519ms, Thread: pool-4-thread-2
Processed Task 38 (LOW) | Wait: 455ms, Turnaround: 519ms, Thread: pool-4-thread-3
Processed Task 30 (MEDIUM) | Wait: 519ms, Turnaround: 571ms, Thread: pool-4-thread-2
Processed Task 39 (LOW) | Wait: 519ms, Turnaround: 571ms, Thread: pool-4-thread-3
Processed Task 48 (HIGH) | Wait: 519ms, Turnaround: 571ms, Thread: pool-4-thread-1
Processed Task 43 (HIGH) | Wait: 571ms, Turnaround: 628ms, Thread: pool-4-thread-1
Processed Task 42 (LOW) | Wait: 571ms, Turnaround: 628ms, Thread: pool-4-thread-3
Processed Task 31 (MEDIUM) | Wait: 571ms, Turnaround: 628ms, Thread: pool-4-thread-2
Processed Task 44 (LOW) | Wait: 628ms, Turnaround: 700ms, Thread: pool-4-thread-3
Processed Task 41 (HIGH) | Wait: 628ms, Turnaround: 700ms, Thread: pool-4-thread-1
Processed Task 35 (MEDIUM) | Wait: 628ms, Turnaround: 700ms, Thread: pool-4-thread-2
Processed Task 40 (MEDIUM) | Wait: 700ms, Turnaround: 751ms, Thread: pool-4-thread-2
Processed Task 37 (HIGH) | Wait: 700ms, Turnaround: 751ms, Thread: pool-4-thread-1
Processed Task 45 (LOW) | Wait: 700ms, Turnaround: 751ms, Thread: pool-4-thread-3
Processed Task 47 (MEDIUM) | Wait: 751ms, Turnaround: 808ms, Thread: pool-4-thread-2
Processed Task 33 (HIGH) | Wait: 751ms, Turnaround: 808ms, Thread: pool-4-thread-1
Processed Task 46 (LOW) | Wait: 751ms, Turnaround: 808ms, Thread: pool-4-thread-3
Processed Task 50 (MEDIUM) | Wait: 808ms, Turnaround: 859ms, Thread: pool-4-thread-2
Processed Task 51 (LOW) | Wait: 808ms, Turnaround: 859ms, Thread: pool-4-thread-3
Processed Task 32 (HIGH) | Wait: 808ms, Turnaround: 859ms, Thread: pool-4-thread-1
Processed Task 54 (LOW) | Wait: 859ms, Turnaround: 916ms, Thread: pool-4-thread-3
Processed Task 29 (HIGH) | Wait: 859ms, Turnaround: 916ms, Thread: pool-4-thread-1
Processed Task 52 (MEDIUM) | Wait: 859ms, Turnaround: 916ms, Thread: pool-4-thread-2
Processed Task 56 (LOW) | Wait: 916ms, Turnaround: 966ms, Thread: pool-4-thread-3
Processed Task 57 (MEDIUM) | Wait: 916ms, Turnaround: 966ms, Thread: pool-4-thread-2
Processed Task 26 (HIGH) | Wait: 916ms, Turnaround: 966ms, Thread: pool-4-thread-1
Processed Task 60 (MEDIUM) | Wait: 966ms, Turnaround: 1021ms, Thread: pool-4-thread-2
Processed Task 24 (HIGH) | Wait: 966ms, Turnaround: 1021ms, Thread: pool-4-thread-1
Processed Task 58 (LOW) | Wait: 966ms, Turnaround: 1021ms, Thread: pool-4-thread-3
Processed Task 59 (LOW) | Wait: 1021ms, Turnaround: 1072ms, Thread: pool-4-thread-3
Processed Task 64 (MEDIUM) | Wait: 1021ms, Turnaround: 1072ms, Thread: pool-4-thread-2
Processed Task 22 (HIGH) | Wait: 1021ms, Turnaround: 1072ms, Thread: pool-4-thread-1
Processed Task 20 (HIGH) | Wait: 1072ms, Turnaround: 1128ms, Thread: pool-4-thread-1
Processed Task 61 (LOW) | Wait: 1072ms, Turnaround: 1128ms, Thread: pool-4-thread-3
Processed Task 66 (MEDIUM) | Wait: 1072ms, Turnaround: 1128ms, Thread: pool-4-thread-2
Processed Task 67 (MEDIUM) | Wait: 1128ms, Turnaround: 1189ms, Thread: pool-4-thread-2
Processed Task 65 (LOW) | Wait: 1128ms, Turnaround: 1189ms, Thread: pool-4-thread-3
Processed Task 17 (HIGH) | Wait: 1128ms, Turnaround: 1189ms, Thread: pool-4-thread-1
Processed Task 68 (MEDIUM) | Wait: 1189ms, Turnaround: 1240ms, Thread: pool-4-thread-2
Processed Task 70 (LOW) | Wait: 1189ms, Turnaround: 1240ms, Thread: pool-4-thread-3
Processed Task 15 (HIGH) | Wait: 1189ms, Turnaround: 1240ms, Thread: pool-4-thread-1
Processed Task 14 (HIGH) | Wait: 1240ms, Turnaround: 1295ms, Thread: pool-4-thread-1
Processed Task 69 (MEDIUM) | Wait: 1240ms, Turnaround: 1295ms, Thread: pool-4-thread-2
Processed Task 71 (LOW) | Wait: 1240ms, Turnaround: 1295ms, Thread: pool-4-thread-3
Processed Task 74 (MEDIUM) | Wait: 1295ms, Turnaround: 1347ms, Thread: pool-4-thread-2
Processed Task 11 (HIGH) | Wait: 1295ms, Turnaround: 1347ms, Thread: pool-4-thread-1
Processed Task 73 (LOW) | Wait: 1295ms, Turnaround: 1347ms, Thread: pool-4-thread-3
Processed Task 10 (HIGH) | Wait: 1347ms, Turnaround: 1402ms, Thread: pool-4-thread-1
Processed Task 76 (LOW) | Wait: 1347ms, Turnaround: 1402ms, Thread: pool-4-thread-3
Processed Task 75 (MEDIUM) | Wait: 1347ms, Turnaround: 1402ms, Thread: pool-4-thread-2
Processed Task 77 (MEDIUM) | Wait: 1402ms, Turnaround: 1455ms, Thread: pool-4-thread-2
Processed Task 7 (HIGH) | Wait: 1402ms, Turnaround: 1455ms, Thread: pool-4-thread-1
Processed Task 78 (LOW) | Wait: 1402ms, Turnaround: 1455ms, Thread: pool-4-thread-3
Processed Task 5 (HIGH) | Wait: 1455ms, Turnaround: 1506ms, Thread: pool-4-thread-1
Processed Task 79 (LOW) | Wait: 1455ms, Turnaround: 1506ms, Thread: pool-4-thread-3
Processed Task 80 (MEDIUM) | Wait: 1455ms, Turnaround: 1506ms, Thread: pool-4-thread-2
Processed Task 3 (HIGH) | Wait: 1506ms, Turnaround: 1559ms, Thread: pool-4-thread-1
Processed Task 81 (LOW) | Wait: 1506ms, Turnaround: 1559ms, Thread: pool-4-thread-3
Processed Task 82 (MEDIUM) | Wait: 1506ms, Turnaround: 1559ms, Thread: pool-4-thread-2
Processed Task 2 (HIGH) | Wait: 1559ms, Turnaround: 1614ms, Thread: pool-4-thread-1
Processed Task 84 (MEDIUM) | Wait: 1559ms, Turnaround: 1614ms, Thread: pool-4-thread-2
Processed Task 83 (LOW) | Wait: 1559ms, Turnaround: 1614ms, Thread: pool-4-thread-3
Processed Task 87 (MEDIUM) | Wait: 1614ms, Turnaround: 1674ms, Thread: pool-4-thread-2
Processed Task 85 (LOW) | Wait: 1614ms, Turnaround: 1674ms, Thread: pool-4-thread-3
Processed Task 88 (MEDIUM) | Wait: 1674ms, Turnaround: 1729ms, Thread: pool-4-thread-2
Processed Task 89 (LOW) | Wait: 1674ms, Turnaround: 1729ms, Thread: pool-4-thread-3
Processed Task 90 (LOW) | Wait: 1729ms, Turnaround: 1783ms, Thread: pool-4-thread-3
Processed Task 91 (MEDIUM) | Wait: 1729ms, Turnaround: 1783ms, Thread: pool-4-thread-2
Processed Task 93 (MEDIUM) | Wait: 1783ms, Turnaround: 1837ms, Thread: pool-4-thread-2
Processed Task 92 (LOW) | Wait: 1783ms, Turnaround: 1837ms, Thread: pool-4-thread-3
Processed Task 94 (LOW) | Wait: 1837ms, Turnaround: 1889ms, Thread: pool-4-thread-3
Processed Task 99 (MEDIUM) | Wait: 1837ms, Turnaround: 1889ms, Thread: pool-4-thread-2
Processed Task 95 (LOW) | Wait: 1889ms, Turnaround: 1943ms, Thread: pool-4-thread-3
Processed Task 97 (LOW) | Wait: 1943ms, Turnaround: 2007ms, Thread: pool-4-thread-3
Processed Task 100 (LOW) | Wait: 2007ms, Turnaround: 2084ms, Thread: pool-4-thread-3

----- RESULTS FOR THIS RUN -----
Tasks processed: 100
Total elapsed: 2.08 s
Throughput: 47.98 tasks/s

Wait Time (ms):
  Min = 0
  Max = 2007
  Avg = 920.62
  StdDev = 549.58

Turnaround Time (ms):
  Min = 52
  Max = 2084
  Avg = 976.49
  StdDev = 548.83
------------------------------


=============================
Starting run 4 of 50
=============================
Processed Task 6 (MEDIUM) | Wait: 0ms, Turnaround: 52ms, Thread: pool-5-thread-2
Processed Task 1 (LOW) | Wait: 0ms, Turnaround: 52ms, Thread: pool-5-thread-3
Processed Task 97 (HIGH) | Wait: 0ms, Turnaround: 52ms, Thread: pool-5-thread-1
Processed Task 93 (HIGH) | Wait: 52ms, Turnaround: 112ms, Thread: pool-5-thread-1
Processed Task 7 (MEDIUM) | Wait: 52ms, Turnaround: 112ms, Thread: pool-5-thread-2
Processed Task 2 (LOW) | Wait: 52ms, Turnaround: 112ms, Thread: pool-5-thread-3
Processed Task 90 (HIGH) | Wait: 112ms, Turnaround: 163ms, Thread: pool-5-thread-1
Processed Task 10 (LOW) | Wait: 112ms, Turnaround: 163ms, Thread: pool-5-thread-3
Processed Task 8 (MEDIUM) | Wait: 112ms, Turnaround: 163ms, Thread: pool-5-thread-2
Processed Task 17 (LOW) | Wait: 163ms, Turnaround: 213ms, Thread: pool-5-thread-3
Processed Task 13 (MEDIUM) | Wait: 163ms, Turnaround: 213ms, Thread: pool-5-thread-2
Processed Task 89 (HIGH) | Wait: 163ms, Turnaround: 213ms, Thread: pool-5-thread-1
Processed Task 85 (HIGH) | Wait: 213ms, Turnaround: 264ms, Thread: pool-5-thread-1
Processed Task 18 (LOW) | Wait: 213ms, Turnaround: 264ms, Thread: pool-5-thread-3
Processed Task 16 (MEDIUM) | Wait: 213ms, Turnaround: 264ms, Thread: pool-5-thread-2
Processed Task 21 (MEDIUM) | Wait: 264ms, Turnaround: 321ms, Thread: pool-5-thread-2
Processed Task 20 (LOW) | Wait: 264ms, Turnaround: 321ms, Thread: pool-5-thread-3
Processed Task 83 (HIGH) | Wait: 264ms, Turnaround: 321ms, Thread: pool-5-thread-1
Processed Task 24 (MEDIUM) | Wait: 321ms, Turnaround: 377ms, Thread: pool-5-thread-2
Processed Task 27 (LOW) | Wait: 321ms, Turnaround: 377ms, Thread: pool-5-thread-3
Processed Task 81 (HIGH) | Wait: 321ms, Turnaround: 377ms, Thread: pool-5-thread-1
Processed Task 34 (LOW) | Wait: 377ms, Turnaround: 429ms, Thread: pool-5-thread-3
Processed Task 80 (HIGH) | Wait: 377ms, Turnaround: 429ms, Thread: pool-5-thread-1
Processed Task 26 (MEDIUM) | Wait: 377ms, Turnaround: 429ms, Thread: pool-5-thread-2
Processed Task 28 (MEDIUM) | Wait: 429ms, Turnaround: 485ms, Thread: pool-5-thread-2
Processed Task 41 (LOW) | Wait: 429ms, Turnaround: 485ms, Thread: pool-5-thread-3
Processed Task 77 (HIGH) | Wait: 429ms, Turnaround: 485ms, Thread: pool-5-thread-1
Processed Task 48 (LOW) | Wait: 485ms, Turnaround: 536ms, Thread: pool-5-thread-3
Processed Task 32 (MEDIUM) | Wait: 485ms, Turnaround: 536ms, Thread: pool-5-thread-2
Processed Task 74 (HIGH) | Wait: 485ms, Turnaround: 536ms, Thread: pool-5-thread-1
Processed Task 73 (HIGH) | Wait: 536ms, Turnaround: 586ms, Thread: pool-5-thread-1
Processed Task 33 (MEDIUM) | Wait: 536ms, Turnaround: 586ms, Thread: pool-5-thread-2
Processed Task 50 (LOW) | Wait: 536ms, Turnaround: 586ms, Thread: pool-5-thread-3
Processed Task 35 (MEDIUM) | Wait: 586ms, Turnaround: 639ms, Thread: pool-5-thread-2
Processed Task 71 (HIGH) | Wait: 586ms, Turnaround: 639ms, Thread: pool-5-thread-1
Processed Task 53 (LOW) | Wait: 586ms, Turnaround: 639ms, Thread: pool-5-thread-3
Processed Task 66 (HIGH) | Wait: 639ms, Turnaround: 689ms, Thread: pool-5-thread-1
Processed Task 36 (MEDIUM) | Wait: 639ms, Turnaround: 689ms, Thread: pool-5-thread-2
Processed Task 57 (LOW) | Wait: 639ms, Turnaround: 689ms, Thread: pool-5-thread-3
Processed Task 37 (MEDIUM) | Wait: 689ms, Turnaround: 747ms, Thread: pool-5-thread-2
Processed Task 63 (HIGH) | Wait: 689ms, Turnaround: 747ms, Thread: pool-5-thread-1
Processed Task 64 (LOW) | Wait: 689ms, Turnaround: 747ms, Thread: pool-5-thread-3
Processed Task 39 (MEDIUM) | Wait: 747ms, Turnaround: 798ms, Thread: pool-5-thread-2
Processed Task 61 (HIGH) | Wait: 747ms, Turnaround: 798ms, Thread: pool-5-thread-1
Processed Task 68 (LOW) | Wait: 747ms, Turnaround: 798ms, Thread: pool-5-thread-3
Processed Task 75 (LOW) | Wait: 798ms, Turnaround: 855ms, Thread: pool-5-thread-3
Processed Task 60 (HIGH) | Wait: 798ms, Turnaround: 855ms, Thread: pool-5-thread-1
Processed Task 43 (MEDIUM) | Wait: 798ms, Turnaround: 855ms, Thread: pool-5-thread-2
Processed Task 78 (LOW) | Wait: 855ms, Turnaround: 905ms, Thread: pool-5-thread-3
Processed Task 59 (HIGH) | Wait: 855ms, Turnaround: 905ms, Thread: pool-5-thread-1
Processed Task 45 (MEDIUM) | Wait: 855ms, Turnaround: 905ms, Thread: pool-5-thread-2
Processed Task 46 (MEDIUM) | Wait: 905ms, Turnaround: 962ms, Thread: pool-5-thread-2
Processed Task 54 (HIGH) | Wait: 905ms, Turnaround: 962ms, Thread: pool-5-thread-1
Processed Task 79 (LOW) | Wait: 905ms, Turnaround: 962ms, Thread: pool-5-thread-3
Processed Task 47 (MEDIUM) | Wait: 962ms, Turnaround: 1022ms, Thread: pool-5-thread-2
Processed Task 88 (LOW) | Wait: 962ms, Turnaround: 1022ms, Thread: pool-5-thread-3
Processed Task 49 (HIGH) | Wait: 962ms, Turnaround: 1022ms, Thread: pool-5-thread-1
Processed Task 44 (HIGH) | Wait: 1022ms, Turnaround: 1075ms, Thread: pool-5-thread-1
Processed Task 51 (MEDIUM) | Wait: 1022ms, Turnaround: 1075ms, Thread: pool-5-thread-2
Processed Task 92 (LOW) | Wait: 1022ms, Turnaround: 1075ms, Thread: pool-5-thread-3
Processed Task 94 (LOW) | Wait: 1075ms, Turnaround: 1129ms, Thread: pool-5-thread-3
Processed Task 52 (MEDIUM) | Wait: 1075ms, Turnaround: 1129ms, Thread: pool-5-thread-2
Processed Task 42 (HIGH) | Wait: 1075ms, Turnaround: 1129ms, Thread: pool-5-thread-1
Processed Task 55 (MEDIUM) | Wait: 1129ms, Turnaround: 1182ms, Thread: pool-5-thread-2
Processed Task 40 (HIGH) | Wait: 1129ms, Turnaround: 1182ms, Thread: pool-5-thread-1
Processed Task 96 (LOW) | Wait: 1129ms, Turnaround: 1182ms, Thread: pool-5-thread-3
Processed Task 38 (HIGH) | Wait: 1182ms, Turnaround: 1237ms, Thread: pool-5-thread-1
Processed Task 56 (MEDIUM) | Wait: 1182ms, Turnaround: 1237ms, Thread: pool-5-thread-2
Processed Task 31 (HIGH) | Wait: 1237ms, Turnaround: 1289ms, Thread: pool-5-thread-1
Processed Task 58 (MEDIUM) | Wait: 1237ms, Turnaround: 1289ms, Thread: pool-5-thread-2
Processed Task 30 (HIGH) | Wait: 1289ms, Turnaround: 1345ms, Thread: pool-5-thread-1
Processed Task 62 (MEDIUM) | Wait: 1289ms, Turnaround: 1345ms, Thread: pool-5-thread-2
Processed Task 65 (MEDIUM) | Wait: 1345ms, Turnaround: 1398ms, Thread: pool-5-thread-2
Processed Task 29 (HIGH) | Wait: 1345ms, Turnaround: 1398ms, Thread: pool-5-thread-1
Processed Task 67 (MEDIUM) | Wait: 1398ms, Turnaround: 1453ms, Thread: pool-5-thread-2
Processed Task 25 (HIGH) | Wait: 1398ms, Turnaround: 1453ms, Thread: pool-5-thread-1
Processed Task 69 (MEDIUM) | Wait: 1453ms, Turnaround: 1517ms, Thread: pool-5-thread-2
Processed Task 23 (HIGH) | Wait: 1453ms, Turnaround: 1517ms, Thread: pool-5-thread-1
Processed Task 70 (MEDIUM) | Wait: 1517ms, Turnaround: 1570ms, Thread: pool-5-thread-2
Processed Task 22 (HIGH) | Wait: 1522ms, Turnaround: 1600ms, Thread: pool-5-thread-1
Processed Task 72 (MEDIUM) | Wait: 1570ms, Turnaround: 1633ms, Thread: pool-5-thread-2
Processed Task 19 (HIGH) | Wait: 1600ms, Turnaround: 1652ms, Thread: pool-5-thread-1
Processed Task 76 (MEDIUM) | Wait: 1633ms, Turnaround: 1685ms, Thread: pool-5-thread-2
Processed Task 15 (HIGH) | Wait: 1652ms, Turnaround: 1708ms, Thread: pool-5-thread-1
Processed Task 82 (MEDIUM) | Wait: 1685ms, Turnaround: 1741ms, Thread: pool-5-thread-2
Processed Task 14 (HIGH) | Wait: 1708ms, Turnaround: 1759ms, Thread: pool-5-thread-1
Processed Task 84 (MEDIUM) | Wait: 1741ms, Turnaround: 1795ms, Thread: pool-5-thread-2
Processed Task 12 (HIGH) | Wait: 1759ms, Turnaround: 1817ms, Thread: pool-5-thread-1
Processed Task 86 (MEDIUM) | Wait: 1795ms, Turnaround: 1850ms, Thread: pool-5-thread-2
Processed Task 11 (HIGH) | Wait: 1817ms, Turnaround: 1868ms, Thread: pool-5-thread-1
Processed Task 87 (MEDIUM) | Wait: 1850ms, Turnaround: 1909ms, Thread: pool-5-thread-2
Processed Task 9 (HIGH) | Wait: 1868ms, Turnaround: 1933ms, Thread: pool-5-thread-1
Processed Task 91 (MEDIUM) | Wait: 1909ms, Turnaround: 1965ms, Thread: pool-5-thread-2
Processed Task 5 (HIGH) | Wait: 1933ms, Turnaround: 1984ms, Thread: pool-5-thread-1
Processed Task 95 (MEDIUM) | Wait: 1965ms, Turnaround: 2020ms, Thread: pool-5-thread-2
Processed Task 4 (HIGH) | Wait: 1984ms, Turnaround: 2040ms, Thread: pool-5-thread-1
Processed Task 98 (MEDIUM) | Wait: 2020ms, Turnaround: 2075ms, Thread: pool-5-thread-2
Processed Task 3 (HIGH) | Wait: 2040ms, Turnaround: 2091ms, Thread: pool-5-thread-1
Processed Task 99 (MEDIUM) | Wait: 2075ms, Turnaround: 2135ms, Thread: pool-5-thread-2
Processed Task 100 (MEDIUM) | Wait: 2135ms, Turnaround: 2192ms, Thread: pool-5-thread-2

----- RESULTS FOR THIS RUN -----
Tasks processed: 100
Total elapsed: 2.19 s
Throughput: 45.62 tasks/s

Wait Time (ms):
  Min = 0
  Max = 2135
  Avg = 926.63
  StdDev = 601.19

Turnaround Time (ms):
  Min = 52
  Max = 2192
  Avg = 981.23
  StdDev = 602.37
------------------------------


=============================
Starting run 5 of 50
=============================
Processed Task 100 (HIGH) | Wait: 0ms, Turnaround: 54ms, Thread: pool-6-thread-1
Processed Task 1 (LOW) | Wait: 0ms, Turnaround: 54ms, Thread: pool-6-thread-3
Processed Task 6 (MEDIUM) | Wait: 0ms, Turnaround: 54ms, Thread: pool-6-thread-2
Processed Task 7 (MEDIUM) | Wait: 54ms, Turnaround: 108ms, Thread: pool-6-thread-2
Processed Task 97 (HIGH) | Wait: 54ms, Turnaround: 108ms, Thread: pool-6-thread-1
Processed Task 2 (LOW) | Wait: 54ms, Turnaround: 108ms, Thread: pool-6-thread-3
Processed Task 10 (MEDIUM) | Wait: 108ms, Turnaround: 161ms, Thread: pool-6-thread-2
Processed Task 5 (LOW) | Wait: 108ms, Turnaround: 161ms, Thread: pool-6-thread-3
Processed Task 94 (HIGH) | Wait: 108ms, Turnaround: 161ms, Thread: pool-6-thread-1
Processed Task 93 (HIGH) | Wait: 161ms, Turnaround: 217ms, Thread: pool-6-thread-1
Processed Task 12 (MEDIUM) | Wait: 161ms, Turnaround: 217ms, Thread: pool-6-thread-2
Processed Task 8 (LOW) | Wait: 161ms, Turnaround: 217ms, Thread: pool-6-thread-3
Processed Task 92 (HIGH) | Wait: 217ms, Turnaround: 272ms, Thread: pool-6-thread-1
Processed Task 15 (MEDIUM) | Wait: 217ms, Turnaround: 272ms, Thread: pool-6-thread-2
Processed Task 9 (LOW) | Wait: 217ms, Turnaround: 272ms, Thread: pool-6-thread-3
Processed Task 16 (MEDIUM) | Wait: 272ms, Turnaround: 331ms, Thread: pool-6-thread-2
Processed Task 90 (HIGH) | Wait: 272ms, Turnaround: 331ms, Thread: pool-6-thread-1
Processed Task 13 (LOW) | Wait: 272ms, Turnaround: 331ms, Thread: pool-6-thread-3
Processed Task 14 (LOW) | Wait: 331ms, Turnaround: 404ms, Thread: pool-6-thread-3
Processed Task 87 (HIGH) | Wait: 331ms, Turnaround: 404ms, Thread: pool-6-thread-1
Processed Task 17 (MEDIUM) | Wait: 331ms, Turnaround: 404ms, Thread: pool-6-thread-2
Processed Task 24 (LOW) | Wait: 404ms, Turnaround: 455ms, Thread: pool-6-thread-3
Processed Task 20 (MEDIUM) | Wait: 404ms, Turnaround: 455ms, Thread: pool-6-thread-2
Processed Task 84 (HIGH) | Wait: 404ms, Turnaround: 455ms, Thread: pool-6-thread-1
Processed Task 27 (LOW) | Wait: 455ms, Turnaround: 512ms, Thread: pool-6-thread-3
Processed Task 26 (MEDIUM) | Wait: 455ms, Turnaround: 512ms, Thread: pool-6-thread-2
Processed Task 83 (HIGH) | Wait: 455ms, Turnaround: 512ms, Thread: pool-6-thread-1
Processed Task 29 (LOW) | Wait: 512ms, Turnaround: 563ms, Thread: pool-6-thread-3
Processed Task 82 (HIGH) | Wait: 512ms, Turnaround: 563ms, Thread: pool-6-thread-1
Processed Task 30 (MEDIUM) | Wait: 512ms, Turnaround: 563ms, Thread: pool-6-thread-2
Processed Task 77 (HIGH) | Wait: 563ms, Turnaround: 620ms, Thread: pool-6-thread-1
Processed Task 31 (LOW) | Wait: 563ms, Turnaround: 620ms, Thread: pool-6-thread-3
Processed Task 33 (MEDIUM) | Wait: 563ms, Turnaround: 620ms, Thread: pool-6-thread-2
Processed Task 37 (MEDIUM) | Wait: 620ms, Turnaround: 671ms, Thread: pool-6-thread-2
Processed Task 76 (HIGH) | Wait: 620ms, Turnaround: 671ms, Thread: pool-6-thread-1
Processed Task 32 (LOW) | Wait: 620ms, Turnaround: 671ms, Thread: pool-6-thread-3
Processed Task 35 (LOW) | Wait: 671ms, Turnaround: 728ms, Thread: pool-6-thread-3
Processed Task 38 (MEDIUM) | Wait: 671ms, Turnaround: 728ms, Thread: pool-6-thread-2
Processed Task 75 (HIGH) | Wait: 671ms, Turnaround: 728ms, Thread: pool-6-thread-1
Processed Task 36 (LOW) | Wait: 728ms, Turnaround: 779ms, Thread: pool-6-thread-3
Processed Task 71 (HIGH) | Wait: 728ms, Turnaround: 779ms, Thread: pool-6-thread-1
Processed Task 43 (MEDIUM) | Wait: 728ms, Turnaround: 779ms, Thread: pool-6-thread-2
Processed Task 65 (HIGH) | Wait: 779ms, Turnaround: 836ms, Thread: pool-6-thread-1
Processed Task 40 (LOW) | Wait: 779ms, Turnaround: 836ms, Thread: pool-6-thread-3
Processed Task 45 (MEDIUM) | Wait: 779ms, Turnaround: 836ms, Thread: pool-6-thread-2
Processed Task 48 (MEDIUM) | Wait: 836ms, Turnaround: 898ms, Thread: pool-6-thread-2
Processed Task 60 (HIGH) | Wait: 836ms, Turnaround: 898ms, Thread: pool-6-thread-1
Processed Task 41 (LOW) | Wait: 836ms, Turnaround: 898ms, Thread: pool-6-thread-3
Processed Task 50 (MEDIUM) | Wait: 898ms, Turnaround: 954ms, Thread: pool-6-thread-2
Processed Task 57 (HIGH) | Wait: 898ms, Turnaround: 954ms, Thread: pool-6-thread-1
Processed Task 44 (LOW) | Wait: 898ms, Turnaround: 954ms, Thread: pool-6-thread-3
Processed Task 46 (LOW) | Wait: 954ms, Turnaround: 1009ms, Thread: pool-6-thread-3
Processed Task 54 (HIGH) | Wait: 954ms, Turnaround: 1009ms, Thread: pool-6-thread-1
Processed Task 56 (MEDIUM) | Wait: 954ms, Turnaround: 1009ms, Thread: pool-6-thread-2
Processed Task 58 (MEDIUM) | Wait: 1009ms, Turnaround: 1061ms, Thread: pool-6-thread-2
Processed Task 53 (LOW) | Wait: 1009ms, Turnaround: 1061ms, Thread: pool-6-thread-3
Processed Task 52 (HIGH) | Wait: 1009ms, Turnaround: 1061ms, Thread: pool-6-thread-1
Processed Task 55 (LOW) | Wait: 1061ms, Turnaround: 1116ms, Thread: pool-6-thread-3
Processed Task 61 (MEDIUM) | Wait: 1061ms, Turnaround: 1116ms, Thread: pool-6-thread-2
Processed Task 51 (HIGH) | Wait: 1061ms, Turnaround: 1116ms, Thread: pool-6-thread-1
Processed Task 49 (HIGH) | Wait: 1116ms, Turnaround: 1169ms, Thread: pool-6-thread-1
Processed Task 59 (LOW) | Wait: 1116ms, Turnaround: 1169ms, Thread: pool-6-thread-3
Processed Task 62 (MEDIUM) | Wait: 1116ms, Turnaround: 1169ms, Thread: pool-6-thread-2
Processed Task 66 (LOW) | Wait: 1169ms, Turnaround: 1224ms, Thread: pool-6-thread-3
Processed Task 47 (HIGH) | Wait: 1169ms, Turnaround: 1224ms, Thread: pool-6-thread-1
Processed Task 63 (MEDIUM) | Wait: 1169ms, Turnaround: 1224ms, Thread: pool-6-thread-2
Processed Task 64 (MEDIUM) | Wait: 1224ms, Turnaround: 1277ms, Thread: pool-6-thread-2
Processed Task 67 (LOW) | Wait: 1224ms, Turnaround: 1277ms, Thread: pool-6-thread-3
Processed Task 42 (HIGH) | Wait: 1224ms, Turnaround: 1277ms, Thread: pool-6-thread-1
Processed Task 73 (MEDIUM) | Wait: 1277ms, Turnaround: 1332ms, Thread: pool-6-thread-2
Processed Task 39 (HIGH) | Wait: 1277ms, Turnaround: 1332ms, Thread: pool-6-thread-1
Processed Task 68 (LOW) | Wait: 1277ms, Turnaround: 1332ms, Thread: pool-6-thread-3
Processed Task 74 (MEDIUM) | Wait: 1332ms, Turnaround: 1392ms, Thread: pool-6-thread-2
Processed Task 34 (HIGH) | Wait: 1332ms, Turnaround: 1392ms, Thread: pool-6-thread-1
Processed Task 69 (LOW) | Wait: 1332ms, Turnaround: 1392ms, Thread: pool-6-thread-3
Processed Task 79 (MEDIUM) | Wait: 1392ms, Turnaround: 1446ms, Thread: pool-6-thread-2
Processed Task 28 (HIGH) | Wait: 1392ms, Turnaround: 1446ms, Thread: pool-6-thread-1
Processed Task 70 (LOW) | Wait: 1392ms, Turnaround: 1446ms, Thread: pool-6-thread-3
Processed Task 85 (MEDIUM) | Wait: 1446ms, Turnaround: 1499ms, Thread: pool-6-thread-2
Processed Task 25 (HIGH) | Wait: 1446ms, Turnaround: 1499ms, Thread: pool-6-thread-1
Processed Task 72 (LOW) | Wait: 1446ms, Turnaround: 1499ms, Thread: pool-6-thread-3
Processed Task 78 (LOW) | Wait: 1499ms, Turnaround: 1554ms, Thread: pool-6-thread-3
Processed Task 86 (MEDIUM) | Wait: 1499ms, Turnaround: 1554ms, Thread: pool-6-thread-2
Processed Task 23 (HIGH) | Wait: 1499ms, Turnaround: 1554ms, Thread: pool-6-thread-1
Processed Task 80 (LOW) | Wait: 1554ms, Turnaround: 1607ms, Thread: pool-6-thread-3
Processed Task 91 (MEDIUM) | Wait: 1554ms, Turnaround: 1607ms, Thread: pool-6-thread-2
Processed Task 22 (HIGH) | Wait: 1554ms, Turnaround: 1607ms, Thread: pool-6-thread-1
Processed Task 81 (LOW) | Wait: 1607ms, Turnaround: 1662ms, Thread: pool-6-thread-3
Processed Task 21 (HIGH) | Wait: 1607ms, Turnaround: 1662ms, Thread: pool-6-thread-1
Processed Task 96 (MEDIUM) | Wait: 1607ms, Turnaround: 1662ms, Thread: pool-6-thread-2
Processed Task 98 (MEDIUM) | Wait: 1662ms, Turnaround: 1715ms, Thread: pool-6-thread-2
Processed Task 88 (LOW) | Wait: 1662ms, Turnaround: 1715ms, Thread: pool-6-thread-3
Processed Task 19 (HIGH) | Wait: 1662ms, Turnaround: 1715ms, Thread: pool-6-thread-1
Processed Task 89 (LOW) | Wait: 1715ms, Turnaround: 1769ms, Thread: pool-6-thread-3
Processed Task 18 (HIGH) | Wait: 1715ms, Turnaround: 1769ms, Thread: pool-6-thread-1
Processed Task 11 (HIGH) | Wait: 1769ms, Turnaround: 1824ms, Thread: pool-6-thread-1
Processed Task 95 (LOW) | Wait: 1769ms, Turnaround: 1824ms, Thread: pool-6-thread-3
Processed Task 99 (LOW) | Wait: 1824ms, Turnaround: 1876ms, Thread: pool-6-thread-3
Processed Task 4 (HIGH) | Wait: 1824ms, Turnaround: 1876ms, Thread: pool-6-thread-1
Processed Task 3 (HIGH) | Wait: 1876ms, Turnaround: 1936ms, Thread: pool-6-thread-1

----- RESULTS FOR THIS RUN -----
Tasks processed: 100
Total elapsed: 1.94 s
Throughput: 51.65 tasks/s

Wait Time (ms):
  Min = 0
  Max = 1876
  Avg = 902.25
  StdDev = 536.78

Turnaround Time (ms):
  Min = 54
  Max = 1936
  Avg = 957.52
  StdDev = 536.13
------------------------------


=============================
Starting run 6 of 50
=============================
Processed Task 94 (HIGH) | Wait: 0ms, Turnaround: 52ms, Thread: pool-7-thread-1
Processed Task 1 (MEDIUM) | Wait: 0ms, Turnaround: 52ms, Thread: pool-7-thread-2
Processed Task 4 (LOW) | Wait: 0ms, Turnaround: 54ms, Thread: pool-7-thread-3
Processed Task 93 (HIGH) | Wait: 52ms, Turnaround: 103ms, Thread: pool-7-thread-1
Processed Task 2 (MEDIUM) | Wait: 52ms, Turnaround: 103ms, Thread: pool-7-thread-2
Processed Task 9 (LOW) | Wait: 54ms, Turnaround: 104ms, Thread: pool-7-thread-3
Processed Task 6 (MEDIUM) | Wait: 103ms, Turnaround: 157ms, Thread: pool-7-thread-2
Processed Task 92 (HIGH) | Wait: 103ms, Turnaround: 157ms, Thread: pool-7-thread-1
Processed Task 11 (LOW) | Wait: 104ms, Turnaround: 157ms, Thread: pool-7-thread-3
Processed Task 7 (MEDIUM) | Wait: 157ms, Turnaround: 209ms, Thread: pool-7-thread-2
Processed Task 87 (HIGH) | Wait: 157ms, Turnaround: 209ms, Thread: pool-7-thread-1
Processed Task 13 (LOW) | Wait: 157ms, Turnaround: 209ms, Thread: pool-7-thread-3
Processed Task 18 (LOW) | Wait: 209ms, Turnaround: 263ms, Thread: pool-7-thread-3
Processed Task 81 (HIGH) | Wait: 209ms, Turnaround: 263ms, Thread: pool-7-thread-1
Processed Task 14 (MEDIUM) | Wait: 209ms, Turnaround: 263ms, Thread: pool-7-thread-2
Processed Task 80 (HIGH) | Wait: 263ms, Turnaround: 316ms, Thread: pool-7-thread-1
Processed Task 21 (LOW) | Wait: 263ms, Turnaround: 316ms, Thread: pool-7-thread-3
Processed Task 15 (MEDIUM) | Wait: 263ms, Turnaround: 316ms, Thread: pool-7-thread-2
Processed Task 79 (HIGH) | Wait: 316ms, Turnaround: 377ms, Thread: pool-7-thread-1
Processed Task 26 (LOW) | Wait: 316ms, Turnaround: 377ms, Thread: pool-7-thread-3
Processed Task 19 (MEDIUM) | Wait: 316ms, Turnaround: 377ms, Thread: pool-7-thread-2
Processed Task 78 (HIGH) | Wait: 377ms, Turnaround: 427ms, Thread: pool-7-thread-1
Processed Task 24 (MEDIUM) | Wait: 377ms, Turnaround: 427ms, Thread: pool-7-thread-2
Processed Task 27 (LOW) | Wait: 377ms, Turnaround: 427ms, Thread: pool-7-thread-3
Processed Task 25 (MEDIUM) | Wait: 427ms, Turnaround: 480ms, Thread: pool-7-thread-2
Processed Task 33 (LOW) | Wait: 427ms, Turnaround: 480ms, Thread: pool-7-thread-3
Processed Task 75 (HIGH) | Wait: 427ms, Turnaround: 480ms, Thread: pool-7-thread-1
Processed Task 73 (HIGH) | Wait: 480ms, Turnaround: 540ms, Thread: pool-7-thread-1
Processed Task 30 (MEDIUM) | Wait: 480ms, Turnaround: 540ms, Thread: pool-7-thread-2
Processed Task 40 (LOW) | Wait: 480ms, Turnaround: 540ms, Thread: pool-7-thread-3
Processed Task 71 (HIGH) | Wait: 540ms, Turnaround: 590ms, Thread: pool-7-thread-1
Processed Task 41 (LOW) | Wait: 540ms, Turnaround: 590ms, Thread: pool-7-thread-3
Processed Task 32 (MEDIUM) | Wait: 540ms, Turnaround: 590ms, Thread: pool-7-thread-2
Processed Task 43 (LOW) | Wait: 590ms, Turnaround: 644ms, Thread: pool-7-thread-3
Processed Task 34 (MEDIUM) | Wait: 590ms, Turnaround: 644ms, Thread: pool-7-thread-2
Processed Task 70 (HIGH) | Wait: 590ms, Turnaround: 644ms, Thread: pool-7-thread-1
Processed Task 69 (HIGH) | Wait: 644ms, Turnaround: 699ms, Thread: pool-7-thread-1
Processed Task 36 (MEDIUM) | Wait: 644ms, Turnaround: 699ms, Thread: pool-7-thread-2
Processed Task 50 (LOW) | Wait: 644ms, Turnaround: 699ms, Thread: pool-7-thread-3
Processed Task 60 (LOW) | Wait: 699ms, Turnaround: 751ms, Thread: pool-7-thread-3
Processed Task 68 (HIGH) | Wait: 699ms, Turnaround: 751ms, Thread: pool-7-thread-1
Processed Task 37 (MEDIUM) | Wait: 699ms, Turnaround: 751ms, Thread: pool-7-thread-2
Processed Task 62 (HIGH) | Wait: 751ms, Turnaround: 804ms, Thread: pool-7-thread-1
Processed Task 38 (MEDIUM) | Wait: 751ms, Turnaround: 804ms, Thread: pool-7-thread-2
Processed Task 63 (LOW) | Wait: 751ms, Turnaround: 804ms, Thread: pool-7-thread-3
Processed Task 65 (LOW) | Wait: 804ms, Turnaround: 857ms, Thread: pool-7-thread-3
Processed Task 59 (HIGH) | Wait: 804ms, Turnaround: 857ms, Thread: pool-7-thread-1
Processed Task 39 (MEDIUM) | Wait: 804ms, Turnaround: 857ms, Thread: pool-7-thread-2
Processed Task 58 (HIGH) | Wait: 857ms, Turnaround: 914ms, Thread: pool-7-thread-1
Processed Task 67 (LOW) | Wait: 857ms, Turnaround: 914ms, Thread: pool-7-thread-3
Processed Task 42 (MEDIUM) | Wait: 857ms, Turnaround: 914ms, Thread: pool-7-thread-2
Processed Task 57 (HIGH) | Wait: 914ms, Turnaround: 980ms, Thread: pool-7-thread-1
Processed Task 72 (LOW) | Wait: 914ms, Turnaround: 980ms, Thread: pool-7-thread-3
Processed Task 44 (MEDIUM) | Wait: 914ms, Turnaround: 980ms, Thread: pool-7-thread-2
Processed Task 56 (HIGH) | Wait: 980ms, Turnaround: 1039ms, Thread: pool-7-thread-1
Processed Task 46 (MEDIUM) | Wait: 980ms, Turnaround: 1039ms, Thread: pool-7-thread-2
Processed Task 74 (LOW) | Wait: 980ms, Turnaround: 1039ms, Thread: pool-7-thread-3
Processed Task 77 (LOW) | Wait: 1039ms, Turnaround: 1089ms, Thread: pool-7-thread-3
Processed Task 55 (HIGH) | Wait: 1039ms, Turnaround: 1089ms, Thread: pool-7-thread-1
Processed Task 47 (MEDIUM) | Wait: 1039ms, Turnaround: 1089ms, Thread: pool-7-thread-2
Processed Task 53 (HIGH) | Wait: 1089ms, Turnaround: 1143ms, Thread: pool-7-thread-1
Processed Task 83 (LOW) | Wait: 1089ms, Turnaround: 1143ms, Thread: pool-7-thread-3
Processed Task 49 (MEDIUM) | Wait: 1089ms, Turnaround: 1143ms, Thread: pool-7-thread-2
Processed Task 51 (MEDIUM) | Wait: 1143ms, Turnaround: 1199ms, Thread: pool-7-thread-2
Processed Task 88 (LOW) | Wait: 1143ms, Turnaround: 1199ms, Thread: pool-7-thread-3
Processed Task 52 (HIGH) | Wait: 1143ms, Turnaround: 1199ms, Thread: pool-7-thread-1
Processed Task 48 (HIGH) | Wait: 1199ms, Turnaround: 1253ms, Thread: pool-7-thread-1
Processed Task 89 (LOW) | Wait: 1199ms, Turnaround: 1253ms, Thread: pool-7-thread-3
Processed Task 54 (MEDIUM) | Wait: 1199ms, Turnaround: 1253ms, Thread: pool-7-thread-2
Processed Task 96 (LOW) | Wait: 1253ms, Turnaround: 1307ms, Thread: pool-7-thread-3
Processed Task 45 (HIGH) | Wait: 1253ms, Turnaround: 1307ms, Thread: pool-7-thread-1
Processed Task 61 (MEDIUM) | Wait: 1253ms, Turnaround: 1307ms, Thread: pool-7-thread-2
Processed Task 64 (MEDIUM) | Wait: 1307ms, Turnaround: 1358ms, Thread: pool-7-thread-2
Processed Task 97 (LOW) | Wait: 1307ms, Turnaround: 1358ms, Thread: pool-7-thread-3
Processed Task 35 (HIGH) | Wait: 1307ms, Turnaround: 1358ms, Thread: pool-7-thread-1
Processed Task 31 (HIGH) | Wait: 1358ms, Turnaround: 1409ms, Thread: pool-7-thread-1
Processed Task 99 (LOW) | Wait: 1358ms, Turnaround: 1409ms, Thread: pool-7-thread-3
Processed Task 66 (MEDIUM) | Wait: 1358ms, Turnaround: 1409ms, Thread: pool-7-thread-2
Processed Task 76 (MEDIUM) | Wait: 1409ms, Turnaround: 1461ms, Thread: pool-7-thread-2
Processed Task 29 (HIGH) | Wait: 1409ms, Turnaround: 1461ms, Thread: pool-7-thread-1
Processed Task 28 (HIGH) | Wait: 1461ms, Turnaround: 1517ms, Thread: pool-7-thread-1
Processed Task 82 (MEDIUM) | Wait: 1461ms, Turnaround: 1517ms, Thread: pool-7-thread-2
Processed Task 23 (HIGH) | Wait: 1517ms, Turnaround: 1569ms, Thread: pool-7-thread-1
Processed Task 84 (MEDIUM) | Wait: 1517ms, Turnaround: 1569ms, Thread: pool-7-thread-2
Processed Task 85 (MEDIUM) | Wait: 1569ms, Turnaround: 1633ms, Thread: pool-7-thread-2
Processed Task 22 (HIGH) | Wait: 1569ms, Turnaround: 1633ms, Thread: pool-7-thread-1
Processed Task 86 (MEDIUM) | Wait: 1633ms, Turnaround: 1688ms, Thread: pool-7-thread-2
Processed Task 20 (HIGH) | Wait: 1633ms, Turnaround: 1688ms, Thread: pool-7-thread-1
Processed Task 17 (HIGH) | Wait: 1688ms, Turnaround: 1750ms, Thread: pool-7-thread-1
Processed Task 90 (MEDIUM) | Wait: 1688ms, Turnaround: 1750ms, Thread: pool-7-thread-2
Processed Task 16 (HIGH) | Wait: 1750ms, Turnaround: 1802ms, Thread: pool-7-thread-1
Processed Task 91 (MEDIUM) | Wait: 1750ms, Turnaround: 1802ms, Thread: pool-7-thread-2
Processed Task 12 (HIGH) | Wait: 1802ms, Turnaround: 1858ms, Thread: pool-7-thread-1
Processed Task 95 (MEDIUM) | Wait: 1802ms, Turnaround: 1858ms, Thread: pool-7-thread-2
Processed Task 10 (HIGH) | Wait: 1858ms, Turnaround: 1917ms, Thread: pool-7-thread-1
Processed Task 98 (MEDIUM) | Wait: 1858ms, Turnaround: 1917ms, Thread: pool-7-thread-2
Processed Task 100 (MEDIUM) | Wait: 1917ms, Turnaround: 1973ms, Thread: pool-7-thread-2
Processed Task 8 (HIGH) | Wait: 1917ms, Turnaround: 1973ms, Thread: pool-7-thread-1
Processed Task 5 (HIGH) | Wait: 1973ms, Turnaround: 2025ms, Thread: pool-7-thread-1
Processed Task 3 (HIGH) | Wait: 2025ms, Turnaround: 2081ms, Thread: pool-7-thread-1

----- RESULTS FOR THIS RUN -----
Tasks processed: 100
Total elapsed: 2.08 s
Throughput: 48.05 tasks/s

Wait Time (ms):
  Min = 0
  Max = 2025
  Avg = 898.62
  StdDev = 561.93

Turnaround Time (ms):
  Min = 52
  Max = 2081
  Avg = 953.25
  StdDev = 562.75
------------------------------


=============================
Starting run 7 of 50
=============================
Processed Task 100 (HIGH) | Wait: 0ms, Turnaround: 53ms, Thread: pool-8-thread-1
Processed Task 1 (MEDIUM) | Wait: 0ms, Turnaround: 53ms, Thread: pool-8-thread-2
Processed Task 4 (LOW) | Wait: 0ms, Turnaround: 53ms, Thread: pool-8-thread-3
Processed Task 2 (MEDIUM) | Wait: 53ms, Turnaround: 116ms, Thread: pool-8-thread-2
Processed Task 14 (LOW) | Wait: 53ms, Turnaround: 116ms, Thread: pool-8-thread-3
Processed Task 96 (HIGH) | Wait: 53ms, Turnaround: 116ms, Thread: pool-8-thread-1
Processed Task 94 (HIGH) | Wait: 116ms, Turnaround: 171ms, Thread: pool-8-thread-1
Processed Task 18 (LOW) | Wait: 116ms, Turnaround: 171ms, Thread: pool-8-thread-3
Processed Task 6 (MEDIUM) | Wait: 116ms, Turnaround: 171ms, Thread: pool-8-thread-2
Processed Task 9 (MEDIUM) | Wait: 171ms, Turnaround: 222ms, Thread: pool-8-thread-2
Processed Task 21 (LOW) | Wait: 171ms, Turnaround: 222ms, Thread: pool-8-thread-3
Processed Task 93 (HIGH) | Wait: 171ms, Turnaround: 222ms, Thread: pool-8-thread-1
Processed Task 10 (MEDIUM) | Wait: 222ms, Turnaround: 279ms, Thread: pool-8-thread-2
Processed Task 89 (HIGH) | Wait: 222ms, Turnaround: 279ms, Thread: pool-8-thread-1
Processed Task 26 (LOW) | Wait: 222ms, Turnaround: 279ms, Thread: pool-8-thread-3
Processed Task 30 (LOW) | Wait: 279ms, Turnaround: 331ms, Thread: pool-8-thread-3
Processed Task 70 (HIGH) | Wait: 279ms, Turnaround: 331ms, Thread: pool-8-thread-1
Processed Task 11 (MEDIUM) | Wait: 279ms, Turnaround: 331ms, Thread: pool-8-thread-2
Processed Task 31 (LOW) | Wait: 331ms, Turnaround: 388ms, Thread: pool-8-thread-3
Processed Task 64 (HIGH) | Wait: 331ms, Turnaround: 388ms, Thread: pool-8-thread-1
Processed Task 13 (MEDIUM) | Wait: 331ms, Turnaround: 388ms, Thread: pool-8-thread-2
Processed Task 63 (HIGH) | Wait: 388ms, Turnaround: 440ms, Thread: pool-8-thread-1
Processed Task 15 (MEDIUM) | Wait: 388ms, Turnaround: 440ms, Thread: pool-8-thread-2
Processed Task 34 (LOW) | Wait: 388ms, Turnaround: 440ms, Thread: pool-8-thread-3
Processed Task 45 (LOW) | Wait: 440ms, Turnaround: 496ms, Thread: pool-8-thread-3
Processed Task 19 (MEDIUM) | Wait: 440ms, Turnaround: 496ms, Thread: pool-8-thread-2
Processed Task 59 (HIGH) | Wait: 440ms, Turnaround: 496ms, Thread: pool-8-thread-1
Processed Task 56 (HIGH) | Wait: 496ms, Turnaround: 547ms, Thread: pool-8-thread-1
Processed Task 50 (LOW) | Wait: 496ms, Turnaround: 547ms, Thread: pool-8-thread-3
Processed Task 22 (MEDIUM) | Wait: 496ms, Turnaround: 547ms, Thread: pool-8-thread-2
Processed Task 55 (HIGH) | Wait: 547ms, Turnaround: 602ms, Thread: pool-8-thread-1
Processed Task 23 (MEDIUM) | Wait: 547ms, Turnaround: 602ms, Thread: pool-8-thread-2
Processed Task 51 (LOW) | Wait: 547ms, Turnaround: 602ms, Thread: pool-8-thread-3
Processed Task 54 (LOW) | Wait: 602ms, Turnaround: 652ms, Thread: pool-8-thread-3
Processed Task 24 (MEDIUM) | Wait: 602ms, Turnaround: 652ms, Thread: pool-8-thread-2
Processed Task 52 (HIGH) | Wait: 602ms, Turnaround: 652ms, Thread: pool-8-thread-1
Processed Task 48 (HIGH) | Wait: 652ms, Turnaround: 703ms, Thread: pool-8-thread-1
Processed Task 58 (LOW) | Wait: 652ms, Turnaround: 703ms, Thread: pool-8-thread-3
Processed Task 25 (MEDIUM) | Wait: 652ms, Turnaround: 703ms, Thread: pool-8-thread-2
Processed Task 28 (MEDIUM) | Wait: 703ms, Turnaround: 761ms, Thread: pool-8-thread-2
Processed Task 61 (LOW) | Wait: 703ms, Turnaround: 761ms, Thread: pool-8-thread-3
Processed Task 46 (HIGH) | Wait: 703ms, Turnaround: 761ms, Thread: pool-8-thread-1
Processed Task 43 (HIGH) | Wait: 761ms, Turnaround: 812ms, Thread: pool-8-thread-1
Processed Task 32 (MEDIUM) | Wait: 761ms, Turnaround: 812ms, Thread: pool-8-thread-2
Processed Task 62 (LOW) | Wait: 761ms, Turnaround: 812ms, Thread: pool-8-thread-3
Processed Task 42 (HIGH) | Wait: 812ms, Turnaround: 866ms, Thread: pool-8-thread-1
Processed Task 65 (LOW) | Wait: 812ms, Turnaround: 866ms, Thread: pool-8-thread-3
Processed Task 38 (MEDIUM) | Wait: 812ms, Turnaround: 866ms, Thread: pool-8-thread-2
Processed Task 41 (HIGH) | Wait: 866ms, Turnaround: 917ms, Thread: pool-8-thread-1
Processed Task 44 (MEDIUM) | Wait: 866ms, Turnaround: 917ms, Thread: pool-8-thread-2
Processed Task 66 (LOW) | Wait: 866ms, Turnaround: 917ms, Thread: pool-8-thread-3
Processed Task 47 (MEDIUM) | Wait: 917ms, Turnaround: 968ms, Thread: pool-8-thread-2
Processed Task 67 (LOW) | Wait: 917ms, Turnaround: 968ms, Thread: pool-8-thread-3
Processed Task 40 (HIGH) | Wait: 917ms, Turnaround: 968ms, Thread: pool-8-thread-1
Processed Task 49 (MEDIUM) | Wait: 968ms, Turnaround: 1025ms, Thread: pool-8-thread-2
Processed Task 39 (HIGH) | Wait: 968ms, Turnaround: 1025ms, Thread: pool-8-thread-1
Processed Task 69 (LOW) | Wait: 968ms, Turnaround: 1025ms, Thread: pool-8-thread-3
Processed Task 37 (HIGH) | Wait: 1025ms, Turnaround: 1076ms, Thread: pool-8-thread-1
Processed Task 71 (LOW) | Wait: 1025ms, Turnaround: 1076ms, Thread: pool-8-thread-3
Processed Task 53 (MEDIUM) | Wait: 1025ms, Turnaround: 1076ms, Thread: pool-8-thread-2
Processed Task 72 (LOW) | Wait: 1076ms, Turnaround: 1133ms, Thread: pool-8-thread-3
Processed Task 36 (HIGH) | Wait: 1076ms, Turnaround: 1133ms, Thread: pool-8-thread-1
Processed Task 57 (MEDIUM) | Wait: 1076ms, Turnaround: 1133ms, Thread: pool-8-thread-2
Processed Task 60 (MEDIUM) | Wait: 1133ms, Turnaround: 1184ms, Thread: pool-8-thread-2
Processed Task 35 (HIGH) | Wait: 1133ms, Turnaround: 1184ms, Thread: pool-8-thread-1
Processed Task 76 (LOW) | Wait: 1133ms, Turnaround: 1184ms, Thread: pool-8-thread-3
Processed Task 68 (MEDIUM) | Wait: 1184ms, Turnaround: 1241ms, Thread: pool-8-thread-2
Processed Task 33 (HIGH) | Wait: 1184ms, Turnaround: 1241ms, Thread: pool-8-thread-1
Processed Task 77 (LOW) | Wait: 1184ms, Turnaround: 1241ms, Thread: pool-8-thread-3
Processed Task 78 (LOW) | Wait: 1241ms, Turnaround: 1292ms, Thread: pool-8-thread-3
Processed Task 29 (HIGH) | Wait: 1241ms, Turnaround: 1292ms, Thread: pool-8-thread-1
Processed Task 73 (MEDIUM) | Wait: 1241ms, Turnaround: 1292ms, Thread: pool-8-thread-2
Processed Task 74 (MEDIUM) | Wait: 1292ms, Turnaround: 1355ms, Thread: pool-8-thread-2
Processed Task 79 (LOW) | Wait: 1292ms, Turnaround: 1355ms, Thread: pool-8-thread-3
Processed Task 27 (HIGH) | Wait: 1292ms, Turnaround: 1355ms, Thread: pool-8-thread-1
Processed Task 75 (MEDIUM) | Wait: 1355ms, Turnaround: 1406ms, Thread: pool-8-thread-2
Processed Task 82 (LOW) | Wait: 1355ms, Turnaround: 1406ms, Thread: pool-8-thread-3
Processed Task 20 (HIGH) | Wait: 1355ms, Turnaround: 1406ms, Thread: pool-8-thread-1
Processed Task 80 (MEDIUM) | Wait: 1406ms, Turnaround: 1463ms, Thread: pool-8-thread-2
Processed Task 83 (LOW) | Wait: 1406ms, Turnaround: 1463ms, Thread: pool-8-thread-3
Processed Task 17 (HIGH) | Wait: 1406ms, Turnaround: 1463ms, Thread: pool-8-thread-1
Processed Task 86 (LOW) | Wait: 1463ms, Turnaround: 1515ms, Thread: pool-8-thread-3
Processed Task 16 (HIGH) | Wait: 1463ms, Turnaround: 1515ms, Thread: pool-8-thread-1
Processed Task 81 (MEDIUM) | Wait: 1463ms, Turnaround: 1515ms, Thread: pool-8-thread-2
Processed Task 84 (MEDIUM) | Wait: 1515ms, Turnaround: 1572ms, Thread: pool-8-thread-2
Processed Task 97 (LOW) | Wait: 1515ms, Turnaround: 1572ms, Thread: pool-8-thread-3
Processed Task 12 (HIGH) | Wait: 1515ms, Turnaround: 1572ms, Thread: pool-8-thread-1
Processed Task 85 (MEDIUM) | Wait: 1572ms, Turnaround: 1623ms, Thread: pool-8-thread-2
Processed Task 8 (HIGH) | Wait: 1572ms, Turnaround: 1623ms, Thread: pool-8-thread-1
Processed Task 87 (MEDIUM) | Wait: 1623ms, Turnaround: 1680ms, Thread: pool-8-thread-2
Processed Task 7 (HIGH) | Wait: 1623ms, Turnaround: 1680ms, Thread: pool-8-thread-1
Processed Task 5 (HIGH) | Wait: 1680ms, Turnaround: 1731ms, Thread: pool-8-thread-1
Processed Task 88 (MEDIUM) | Wait: 1680ms, Turnaround: 1731ms, Thread: pool-8-thread-2
Processed Task 3 (HIGH) | Wait: 1731ms, Turnaround: 1788ms, Thread: pool-8-thread-1
Processed Task 90 (MEDIUM) | Wait: 1731ms, Turnaround: 1788ms, Thread: pool-8-thread-2
Processed Task 91 (MEDIUM) | Wait: 1788ms, Turnaround: 1839ms, Thread: pool-8-thread-2
Processed Task 92 (MEDIUM) | Wait: 1839ms, Turnaround: 1895ms, Thread: pool-8-thread-2
Processed Task 95 (MEDIUM) | Wait: 1895ms, Turnaround: 1946ms, Thread: pool-8-thread-2
Processed Task 98 (MEDIUM) | Wait: 1946ms, Turnaround: 2002ms, Thread: pool-8-thread-2
Processed Task 99 (MEDIUM) | Wait: 2002ms, Turnaround: 2054ms, Thread: pool-8-thread-2

----- RESULTS FOR THIS RUN -----
Tasks processed: 100
Total elapsed: 2.05 s
Throughput: 48.69 tasks/s

Wait Time (ms):
  Min = 0
  Max = 2002
  Avg = 887.24
  StdDev = 536.73

Turnaround Time (ms):
  Min = 53
  Max = 2054
  Avg = 941.38
  StdDev = 536.60
------------------------------


=============================
Starting run 8 of 50
=============================
Processed Task 2 (LOW) | Wait: 0ms, Turnaround: 56ms, Thread: pool-9-thread-3
Processed Task 5 (MEDIUM) | Wait: 0ms, Turnaround: 56ms, Thread: pool-9-thread-2
Processed Task 99 (HIGH) | Wait: 0ms, Turnaround: 56ms, Thread: pool-9-thread-1
Processed Task 93 (HIGH) | Wait: 56ms, Turnaround: 123ms, Thread: pool-9-thread-1
Processed Task 6 (LOW) | Wait: 56ms, Turnaround: 123ms, Thread: pool-9-thread-3
Processed Task 8 (MEDIUM) | Wait: 56ms, Turnaround: 123ms, Thread: pool-9-thread-2
Processed Task 10 (LOW) | Wait: 123ms, Turnaround: 186ms, Thread: pool-9-thread-3
Processed Task 92 (HIGH) | Wait: 123ms, Turnaround: 186ms, Thread: pool-9-thread-1
Processed Task 9 (MEDIUM) | Wait: 123ms, Turnaround: 186ms, Thread: pool-9-thread-2
Processed Task 91 (HIGH) | Wait: 186ms, Turnaround: 241ms, Thread: pool-9-thread-1
Processed Task 11 (LOW) | Wait: 186ms, Turnaround: 241ms, Thread: pool-9-thread-3
Processed Task 13 (MEDIUM) | Wait: 186ms, Turnaround: 241ms, Thread: pool-9-thread-2
Processed Task 15 (LOW) | Wait: 241ms, Turnaround: 301ms, Thread: pool-9-thread-3
Processed Task 14 (MEDIUM) | Wait: 241ms, Turnaround: 301ms, Thread: pool-9-thread-2
Processed Task 89 (HIGH) | Wait: 241ms, Turnaround: 301ms, Thread: pool-9-thread-1
Processed Task 87 (HIGH) | Wait: 301ms, Turnaround: 351ms, Thread: pool-9-thread-1
Processed Task 18 (MEDIUM) | Wait: 301ms, Turnaround: 351ms, Thread: pool-9-thread-2
Processed Task 16 (LOW) | Wait: 301ms, Turnaround: 351ms, Thread: pool-9-thread-3
Processed Task 85 (HIGH) | Wait: 351ms, Turnaround: 401ms, Thread: pool-9-thread-1
Processed Task 22 (MEDIUM) | Wait: 351ms, Turnaround: 401ms, Thread: pool-9-thread-2
Processed Task 21 (LOW) | Wait: 351ms, Turnaround: 401ms, Thread: pool-9-thread-3
Processed Task 84 (HIGH) | Wait: 401ms, Turnaround: 456ms, Thread: pool-9-thread-1
Processed Task 28 (MEDIUM) | Wait: 401ms, Turnaround: 456ms, Thread: pool-9-thread-2
Processed Task 23 (LOW) | Wait: 401ms, Turnaround: 456ms, Thread: pool-9-thread-3
Processed Task 81 (HIGH) | Wait: 456ms, Turnaround: 519ms, Thread: pool-9-thread-1
Processed Task 25 (LOW) | Wait: 456ms, Turnaround: 519ms, Thread: pool-9-thread-3
Processed Task 32 (MEDIUM) | Wait: 456ms, Turnaround: 519ms, Thread: pool-9-thread-2
Processed Task 78 (HIGH) | Wait: 519ms, Turnaround: 573ms, Thread: pool-9-thread-1
Processed Task 26 (LOW) | Wait: 519ms, Turnaround: 573ms, Thread: pool-9-thread-3
Processed Task 35 (MEDIUM) | Wait: 519ms, Turnaround: 573ms, Thread: pool-9-thread-2
Processed Task 77 (HIGH) | Wait: 573ms, Turnaround: 637ms, Thread: pool-9-thread-1
Processed Task 27 (LOW) | Wait: 573ms, Turnaround: 637ms, Thread: pool-9-thread-3
Processed Task 36 (MEDIUM) | Wait: 573ms, Turnaround: 637ms, Thread: pool-9-thread-2
Processed Task 40 (MEDIUM) | Wait: 637ms, Turnaround: 696ms, Thread: pool-9-thread-2
Processed Task 33 (LOW) | Wait: 637ms, Turnaround: 696ms, Thread: pool-9-thread-3
Processed Task 75 (HIGH) | Wait: 637ms, Turnaround: 696ms, Thread: pool-9-thread-1
Processed Task 34 (LOW) | Wait: 696ms, Turnaround: 746ms, Thread: pool-9-thread-3
Processed Task 73 (HIGH) | Wait: 696ms, Turnaround: 746ms, Thread: pool-9-thread-1
Processed Task 41 (MEDIUM) | Wait: 696ms, Turnaround: 746ms, Thread: pool-9-thread-2
Processed Task 44 (MEDIUM) | Wait: 746ms, Turnaround: 810ms, Thread: pool-9-thread-2
Processed Task 70 (HIGH) | Wait: 746ms, Turnaround: 810ms, Thread: pool-9-thread-1
Processed Task 38 (LOW) | Wait: 746ms, Turnaround: 810ms, Thread: pool-9-thread-3
Processed Task 43 (LOW) | Wait: 810ms, Turnaround: 861ms, Thread: pool-9-thread-3
Processed Task 55 (MEDIUM) | Wait: 810ms, Turnaround: 861ms, Thread: pool-9-thread-2
Processed Task 68 (HIGH) | Wait: 810ms, Turnaround: 861ms, Thread: pool-9-thread-1
Processed Task 45 (LOW) | Wait: 861ms, Turnaround: 918ms, Thread: pool-9-thread-3
Processed Task 67 (HIGH) | Wait: 861ms, Turnaround: 918ms, Thread: pool-9-thread-1
Processed Task 57 (MEDIUM) | Wait: 861ms, Turnaround: 918ms, Thread: pool-9-thread-2
Processed Task 63 (HIGH) | Wait: 918ms, Turnaround: 969ms, Thread: pool-9-thread-1
Processed Task 69 (MEDIUM) | Wait: 918ms, Turnaround: 969ms, Thread: pool-9-thread-2
Processed Task 47 (LOW) | Wait: 918ms, Turnaround: 969ms, Thread: pool-9-thread-3
Processed Task 71 (MEDIUM) | Wait: 969ms, Turnaround: 1026ms, Thread: pool-9-thread-2
Processed Task 62 (HIGH) | Wait: 969ms, Turnaround: 1026ms, Thread: pool-9-thread-1
Processed Task 48 (LOW) | Wait: 969ms, Turnaround: 1026ms, Thread: pool-9-thread-3
Processed Task 49 (LOW) | Wait: 1026ms, Turnaround: 1077ms, Thread: pool-9-thread-3
Processed Task 76 (MEDIUM) | Wait: 1026ms, Turnaround: 1077ms, Thread: pool-9-thread-2
Processed Task 61 (HIGH) | Wait: 1026ms, Turnaround: 1077ms, Thread: pool-9-thread-1
Processed Task 60 (HIGH) | Wait: 1077ms, Turnaround: 1134ms, Thread: pool-9-thread-1
Processed Task 82 (MEDIUM) | Wait: 1077ms, Turnaround: 1134ms, Thread: pool-9-thread-2
Processed Task 53 (LOW) | Wait: 1077ms, Turnaround: 1134ms, Thread: pool-9-thread-3
Processed Task 86 (MEDIUM) | Wait: 1134ms, Turnaround: 1188ms, Thread: pool-9-thread-2
Processed Task 58 (HIGH) | Wait: 1134ms, Turnaround: 1188ms, Thread: pool-9-thread-1
Processed Task 54 (LOW) | Wait: 1134ms, Turnaround: 1188ms, Thread: pool-9-thread-3
Processed Task 94 (MEDIUM) | Wait: 1188ms, Turnaround: 1239ms, Thread: pool-9-thread-2
Processed Task 56 (LOW) | Wait: 1188ms, Turnaround: 1239ms, Thread: pool-9-thread-3
Processed Task 52 (HIGH) | Wait: 1188ms, Turnaround: 1239ms, Thread: pool-9-thread-1
Processed Task 51 (HIGH) | Wait: 1239ms, Turnaround: 1291ms, Thread: pool-9-thread-1
Processed Task 59 (LOW) | Wait: 1239ms, Turnaround: 1291ms, Thread: pool-9-thread-3
Processed Task 95 (MEDIUM) | Wait: 1239ms, Turnaround: 1291ms, Thread: pool-9-thread-2
Processed Task 98 (MEDIUM) | Wait: 1291ms, Turnaround: 1351ms, Thread: pool-9-thread-2
Processed Task 50 (HIGH) | Wait: 1291ms, Turnaround: 1351ms, Thread: pool-9-thread-1
Processed Task 64 (LOW) | Wait: 1291ms, Turnaround: 1351ms, Thread: pool-9-thread-3
Processed Task 100 (MEDIUM) | Wait: 1351ms, Turnaround: 1401ms, Thread: pool-9-thread-2
Processed Task 46 (HIGH) | Wait: 1351ms, Turnaround: 1401ms, Thread: pool-9-thread-1
Processed Task 65 (LOW) | Wait: 1351ms, Turnaround: 1401ms, Thread: pool-9-thread-3
Processed Task 42 (HIGH) | Wait: 1401ms, Turnaround: 1459ms, Thread: pool-9-thread-1
Processed Task 66 (LOW) | Wait: 1401ms, Turnaround: 1459ms, Thread: pool-9-thread-3
Processed Task 72 (LOW) | Wait: 1459ms, Turnaround: 1510ms, Thread: pool-9-thread-3
Processed Task 39 (HIGH) | Wait: 1459ms, Turnaround: 1510ms, Thread: pool-9-thread-1
Processed Task 37 (HIGH) | Wait: 1510ms, Turnaround: 1568ms, Thread: pool-9-thread-1
Processed Task 74 (LOW) | Wait: 1510ms, Turnaround: 1568ms, Thread: pool-9-thread-3
Processed Task 79 (LOW) | Wait: 1568ms, Turnaround: 1619ms, Thread: pool-9-thread-3
Processed Task 31 (HIGH) | Wait: 1568ms, Turnaround: 1619ms, Thread: pool-9-thread-1
Processed Task 80 (LOW) | Wait: 1619ms, Turnaround: 1676ms, Thread: pool-9-thread-3
Processed Task 30 (HIGH) | Wait: 1619ms, Turnaround: 1676ms, Thread: pool-9-thread-1
Processed Task 29 (HIGH) | Wait: 1676ms, Turnaround: 1729ms, Thread: pool-9-thread-1
Processed Task 83 (LOW) | Wait: 1676ms, Turnaround: 1729ms, Thread: pool-9-thread-3
Processed Task 88 (LOW) | Wait: 1729ms, Turnaround: 1779ms, Thread: pool-9-thread-3
Processed Task 24 (HIGH) | Wait: 1729ms, Turnaround: 1779ms, Thread: pool-9-thread-1
Processed Task 90 (LOW) | Wait: 1779ms, Turnaround: 1830ms, Thread: pool-9-thread-3
Processed Task 20 (HIGH) | Wait: 1779ms, Turnaround: 1830ms, Thread: pool-9-thread-1
Processed Task 96 (LOW) | Wait: 1830ms, Turnaround: 1898ms, Thread: pool-9-thread-3
Processed Task 19 (HIGH) | Wait: 1830ms, Turnaround: 1898ms, Thread: pool-9-thread-1
Processed Task 97 (LOW) | Wait: 1898ms, Turnaround: 1952ms, Thread: pool-9-thread-3
Processed Task 17 (HIGH) | Wait: 1898ms, Turnaround: 1952ms, Thread: pool-9-thread-1
Processed Task 12 (HIGH) | Wait: 1952ms, Turnaround: 2005ms, Thread: pool-9-thread-1
Processed Task 7 (HIGH) | Wait: 2005ms, Turnaround: 2056ms, Thread: pool-9-thread-1
Processed Task 4 (HIGH) | Wait: 2056ms, Turnaround: 2109ms, Thread: pool-9-thread-1
Processed Task 3 (HIGH) | Wait: 2109ms, Turnaround: 2161ms, Thread: pool-9-thread-1
Processed Task 1 (HIGH) | Wait: 2161ms, Turnaround: 2219ms, Thread: pool-9-thread-1

----- RESULTS FOR THIS RUN -----
Tasks processed: 100
Total elapsed: 2.22 s
Throughput: 45.07 tasks/s

Wait Time (ms):
  Min = 0
  Max = 2161
  Avg = 946.71
  StdDev = 581.75

Turnaround Time (ms):
  Min = 56
  Max = 2219
  Avg = 1002.43
  StdDev = 580.34
------------------------------


=============================
Starting run 9 of 50
=============================
Processed Task 100 (HIGH) | Wait: 0ms, Turnaround: 53ms, Thread: pool-10-thread-1
Processed Task 1 (MEDIUM) | Wait: 0ms, Turnaround: 53ms, Thread: pool-10-thread-2
Processed Task 7 (LOW) | Wait: 0ms, Turnaround: 53ms, Thread: pool-10-thread-3
Processed Task 99 (HIGH) | Wait: 53ms, Turnaround: 117ms, Thread: pool-10-thread-1
Processed Task 2 (MEDIUM) | Wait: 53ms, Turnaround: 117ms, Thread: pool-10-thread-2
Processed Task 9 (LOW) | Wait: 53ms, Turnaround: 117ms, Thread: pool-10-thread-3
Processed Task 10 (LOW) | Wait: 117ms, Turnaround: 168ms, Thread: pool-10-thread-3
Processed Task 95 (HIGH) | Wait: 117ms, Turnaround: 168ms, Thread: pool-10-thread-1
Processed Task 3 (MEDIUM) | Wait: 117ms, Turnaround: 168ms, Thread: pool-10-thread-2
Processed Task 93 (HIGH) | Wait: 168ms, Turnaround: 225ms, Thread: pool-10-thread-1
Processed Task 15 (LOW) | Wait: 168ms, Turnaround: 225ms, Thread: pool-10-thread-3
Processed Task 5 (MEDIUM) | Wait: 168ms, Turnaround: 225ms, Thread: pool-10-thread-2
Processed Task 17 (LOW) | Wait: 225ms, Turnaround: 277ms, Thread: pool-10-thread-3
Processed Task 6 (MEDIUM) | Wait: 225ms, Turnaround: 277ms, Thread: pool-10-thread-2
Processed Task 88 (HIGH) | Wait: 225ms, Turnaround: 277ms, Thread: pool-10-thread-1
Processed Task 19 (LOW) | Wait: 277ms, Turnaround: 333ms, Thread: pool-10-thread-3
Processed Task 13 (MEDIUM) | Wait: 277ms, Turnaround: 333ms, Thread: pool-10-thread-2
Processed Task 87 (HIGH) | Wait: 277ms, Turnaround: 333ms, Thread: pool-10-thread-1
Processed Task 14 (MEDIUM) | Wait: 333ms, Turnaround: 398ms, Thread: pool-10-thread-2
Processed Task 85 (HIGH) | Wait: 333ms, Turnaround: 398ms, Thread: pool-10-thread-1
Processed Task 25 (LOW) | Wait: 333ms, Turnaround: 398ms, Thread: pool-10-thread-3
Processed Task 16 (MEDIUM) | Wait: 398ms, Turnaround: 448ms, Thread: pool-10-thread-2
Processed Task 83 (HIGH) | Wait: 398ms, Turnaround: 448ms, Thread: pool-10-thread-1
Processed Task 28 (LOW) | Wait: 398ms, Turnaround: 448ms, Thread: pool-10-thread-3
Processed Task 21 (MEDIUM) | Wait: 448ms, Turnaround: 503ms, Thread: pool-10-thread-2
Processed Task 40 (LOW) | Wait: 448ms, Turnaround: 503ms, Thread: pool-10-thread-3
Processed Task 76 (HIGH) | Wait: 448ms, Turnaround: 503ms, Thread: pool-10-thread-1
Processed Task 41 (LOW) | Wait: 503ms, Turnaround: 555ms, Thread: pool-10-thread-3
Processed Task 68 (HIGH) | Wait: 503ms, Turnaround: 555ms, Thread: pool-10-thread-1
Processed Task 22 (MEDIUM) | Wait: 503ms, Turnaround: 555ms, Thread: pool-10-thread-2
Processed Task 45 (LOW) | Wait: 555ms, Turnaround: 611ms, Thread: pool-10-thread-3
Processed Task 24 (MEDIUM) | Wait: 555ms, Turnaround: 611ms, Thread: pool-10-thread-2
Processed Task 66 (HIGH) | Wait: 555ms, Turnaround: 611ms, Thread: pool-10-thread-1
Processed Task 47 (LOW) | Wait: 611ms, Turnaround: 662ms, Thread: pool-10-thread-3
Processed Task 31 (MEDIUM) | Wait: 611ms, Turnaround: 662ms, Thread: pool-10-thread-2
Processed Task 63 (HIGH) | Wait: 611ms, Turnaround: 662ms, Thread: pool-10-thread-1
Processed Task 48 (LOW) | Wait: 662ms, Turnaround: 719ms, Thread: pool-10-thread-3
Processed Task 62 (HIGH) | Wait: 662ms, Turnaround: 719ms, Thread: pool-10-thread-1
Processed Task 32 (MEDIUM) | Wait: 662ms, Turnaround: 719ms, Thread: pool-10-thread-2
Processed Task 61 (HIGH) | Wait: 719ms, Turnaround: 770ms, Thread: pool-10-thread-1
Processed Task 49 (LOW) | Wait: 719ms, Turnaround: 770ms, Thread: pool-10-thread-3
Processed Task 34 (MEDIUM) | Wait: 719ms, Turnaround: 770ms, Thread: pool-10-thread-2
Processed Task 37 (MEDIUM) | Wait: 770ms, Turnaround: 827ms, Thread: pool-10-thread-2
Processed Task 58 (HIGH) | Wait: 770ms, Turnaround: 827ms, Thread: pool-10-thread-1
Processed Task 53 (LOW) | Wait: 770ms, Turnaround: 827ms, Thread: pool-10-thread-3
Processed Task 56 (LOW) | Wait: 827ms, Turnaround: 879ms, Thread: pool-10-thread-3
Processed Task 57 (HIGH) | Wait: 827ms, Turnaround: 879ms, Thread: pool-10-thread-1
Processed Task 38 (MEDIUM) | Wait: 827ms, Turnaround: 879ms, Thread: pool-10-thread-2
Processed Task 50 (HIGH) | Wait: 879ms, Turnaround: 936ms, Thread: pool-10-thread-1
Processed Task 39 (MEDIUM) | Wait: 879ms, Turnaround: 936ms, Thread: pool-10-thread-2
Processed Task 60 (LOW) | Wait: 879ms, Turnaround: 936ms, Thread: pool-10-thread-3
Processed Task 65 (LOW) | Wait: 936ms, Turnaround: 987ms, Thread: pool-10-thread-3
Processed Task 43 (MEDIUM) | Wait: 936ms, Turnaround: 987ms, Thread: pool-10-thread-2
Processed Task 46 (HIGH) | Wait: 936ms, Turnaround: 987ms, Thread: pool-10-thread-1
Processed Task 70 (LOW) | Wait: 987ms, Turnaround: 1044ms, Thread: pool-10-thread-3
Processed Task 51 (MEDIUM) | Wait: 987ms, Turnaround: 1044ms, Thread: pool-10-thread-2
Processed Task 44 (HIGH) | Wait: 987ms, Turnaround: 1044ms, Thread: pool-10-thread-1
Processed Task 42 (HIGH) | Wait: 1044ms, Turnaround: 1105ms, Thread: pool-10-thread-1
Processed Task 52 (MEDIUM) | Wait: 1044ms, Turnaround: 1105ms, Thread: pool-10-thread-2
Processed Task 72 (LOW) | Wait: 1044ms, Turnaround: 1105ms, Thread: pool-10-thread-3
Processed Task 74 (LOW) | Wait: 1105ms, Turnaround: 1162ms, Thread: pool-10-thread-3
Processed Task 54 (MEDIUM) | Wait: 1105ms, Turnaround: 1162ms, Thread: pool-10-thread-2
Processed Task 36 (HIGH) | Wait: 1105ms, Turnaround: 1162ms, Thread: pool-10-thread-1
Processed Task 55 (MEDIUM) | Wait: 1162ms, Turnaround: 1217ms, Thread: pool-10-thread-2
Processed Task 35 (HIGH) | Wait: 1162ms, Turnaround: 1217ms, Thread: pool-10-thread-1
Processed Task 75 (LOW) | Wait: 1162ms, Turnaround: 1217ms, Thread: pool-10-thread-3
Processed Task 33 (HIGH) | Wait: 1217ms, Turnaround: 1270ms, Thread: pool-10-thread-1
Processed Task 80 (LOW) | Wait: 1217ms, Turnaround: 1270ms, Thread: pool-10-thread-3
Processed Task 59 (MEDIUM) | Wait: 1217ms, Turnaround: 1270ms, Thread: pool-10-thread-2
Processed Task 64 (MEDIUM) | Wait: 1270ms, Turnaround: 1323ms, Thread: pool-10-thread-2
Processed Task 81 (LOW) | Wait: 1270ms, Turnaround: 1323ms, Thread: pool-10-thread-3
Processed Task 30 (HIGH) | Wait: 1270ms, Turnaround: 1323ms, Thread: pool-10-thread-1
Processed Task 82 (LOW) | Wait: 1323ms, Turnaround: 1377ms, Thread: pool-10-thread-3
Processed Task 29 (HIGH) | Wait: 1323ms, Turnaround: 1377ms, Thread: pool-10-thread-1
Processed Task 67 (MEDIUM) | Wait: 1323ms, Turnaround: 1377ms, Thread: pool-10-thread-2
Processed Task 86 (LOW) | Wait: 1377ms, Turnaround: 1432ms, Thread: pool-10-thread-3
Processed Task 27 (HIGH) | Wait: 1377ms, Turnaround: 1432ms, Thread: pool-10-thread-1
Processed Task 69 (MEDIUM) | Wait: 1377ms, Turnaround: 1432ms, Thread: pool-10-thread-2
Processed Task 90 (LOW) | Wait: 1432ms, Turnaround: 1485ms, Thread: pool-10-thread-3
Processed Task 71 (MEDIUM) | Wait: 1432ms, Turnaround: 1485ms, Thread: pool-10-thread-2
Processed Task 26 (HIGH) | Wait: 1432ms, Turnaround: 1485ms, Thread: pool-10-thread-1
Processed Task 73 (MEDIUM) | Wait: 1485ms, Turnaround: 1540ms, Thread: pool-10-thread-2
Processed Task 92 (LOW) | Wait: 1485ms, Turnaround: 1540ms, Thread: pool-10-thread-3
Processed Task 23 (HIGH) | Wait: 1485ms, Turnaround: 1540ms, Thread: pool-10-thread-1
Processed Task 77 (MEDIUM) | Wait: 1540ms, Turnaround: 1592ms, Thread: pool-10-thread-2
Processed Task 96 (LOW) | Wait: 1540ms, Turnaround: 1592ms, Thread: pool-10-thread-3
Processed Task 20 (HIGH) | Wait: 1540ms, Turnaround: 1592ms, Thread: pool-10-thread-1
Processed Task 78 (MEDIUM) | Wait: 1592ms, Turnaround: 1648ms, Thread: pool-10-thread-2
Processed Task 18 (HIGH) | Wait: 1592ms, Turnaround: 1648ms, Thread: pool-10-thread-1
Processed Task 97 (LOW) | Wait: 1592ms, Turnaround: 1649ms, Thread: pool-10-thread-3
Processed Task 12 (HIGH) | Wait: 1649ms, Turnaround: 1700ms, Thread: pool-10-thread-1
Processed Task 98 (LOW) | Wait: 1649ms, Turnaround: 1700ms, Thread: pool-10-thread-3
Processed Task 79 (MEDIUM) | Wait: 1649ms, Turnaround: 1700ms, Thread: pool-10-thread-2
Processed Task 11 (HIGH) | Wait: 1700ms, Turnaround: 1756ms, Thread: pool-10-thread-1
Processed Task 84 (MEDIUM) | Wait: 1700ms, Turnaround: 1756ms, Thread: pool-10-thread-2
Processed Task 8 (HIGH) | Wait: 1756ms, Turnaround: 1809ms, Thread: pool-10-thread-1
Processed Task 89 (MEDIUM) | Wait: 1756ms, Turnaround: 1809ms, Thread: pool-10-thread-2
Processed Task 91 (MEDIUM) | Wait: 1809ms, Turnaround: 1865ms, Thread: pool-10-thread-2
Processed Task 4 (HIGH) | Wait: 1809ms, Turnaround: 1865ms, Thread: pool-10-thread-1
Processed Task 94 (MEDIUM) | Wait: 1865ms, Turnaround: 1924ms, Thread: pool-10-thread-2

----- RESULTS FOR THIS RUN -----
Tasks processed: 100
Total elapsed: 1.92 s
Throughput: 51.98 tasks/s

Wait Time (ms):
  Min = 0
  Max = 1865
  Avg = 893.87
  StdDev = 531.15

Turnaround Time (ms):
  Min = 53
  Max = 1924
  Avg = 948.74
  StdDev = 530.71
------------------------------


=============================
Starting run 10 of 50
=============================
Processed Task 8 (MEDIUM) | Wait: 0ms, Turnaround: 54ms, Thread: pool-11-thread-2
Processed Task 3 (LOW) | Wait: 0ms, Turnaround: 54ms, Thread: pool-11-thread-3
Processed Task 98 (HIGH) | Wait: 0ms, Turnaround: 54ms, Thread: pool-11-thread-1
[...]
Processed Task 22 (HIGH) | Wait: 1436ms, Turnaround: 1489ms, Thread: pool-49-thread-1
Processed Task 97 (LOW) | Wait: 1436ms, Turnaround: 1489ms, Thread: pool-49-thread-3
Processed Task 98 (LOW) | Wait: 1489ms, Turnaround: 1544ms, Thread: pool-49-thread-3
Processed Task 70 (MEDIUM) | Wait: 1489ms, Turnaround: 1544ms, Thread: pool-49-thread-2
Processed Task 21 (HIGH) | Wait: 1489ms, Turnaround: 1544ms, Thread: pool-49-thread-1
Processed Task 71 (MEDIUM) | Wait: 1544ms, Turnaround: 1597ms, Thread: pool-49-thread-2
Processed Task 18 (HIGH) | Wait: 1544ms, Turnaround: 1597ms, Thread: pool-49-thread-1
Processed Task 73 (MEDIUM) | Wait: 1597ms, Turnaround: 1652ms, Thread: pool-49-thread-2
Processed Task 17 (HIGH) | Wait: 1597ms, Turnaround: 1652ms, Thread: pool-49-thread-1
Processed Task 75 (MEDIUM) | Wait: 1652ms, Turnaround: 1706ms, Thread: pool-49-thread-2
Processed Task 15 (HIGH) | Wait: 1652ms, Turnaround: 1706ms, Thread: pool-49-thread-1
Processed Task 12 (HIGH) | Wait: 1706ms, Turnaround: 1761ms, Thread: pool-49-thread-1
Processed Task 80 (MEDIUM) | Wait: 1706ms, Turnaround: 1761ms, Thread: pool-49-thread-2
Processed Task 11 (HIGH) | Wait: 1761ms, Turnaround: 1814ms, Thread: pool-49-thread-1
Processed Task 84 (MEDIUM) | Wait: 1761ms, Turnaround: 1814ms, Thread: pool-49-thread-2
Processed Task 8 (HIGH) | Wait: 1814ms, Turnaround: 1869ms, Thread: pool-49-thread-1
Processed Task 85 (MEDIUM) | Wait: 1814ms, Turnaround: 1869ms, Thread: pool-49-thread-2
Processed Task 88 (MEDIUM) | Wait: 1869ms, Turnaround: 1922ms, Thread: pool-49-thread-2
Processed Task 92 (MEDIUM) | Wait: 1922ms, Turnaround: 1976ms, Thread: pool-49-thread-2
Processed Task 95 (MEDIUM) | Wait: 1976ms, Turnaround: 2031ms, Thread: pool-49-thread-2
Processed Task 96 (MEDIUM) | Wait: 2031ms, Turnaround: 2085ms, Thread: pool-49-thread-2

----- RESULTS FOR THIS RUN -----
Tasks processed: 100
Total elapsed: 2.09 s
Throughput: 47.96 tasks/s

Wait Time (ms):
  Min = 0
  Max = 2031
  Avg = 913.90
  StdDev = 547.77

Turnaround Time (ms):
  Min = 56
  Max = 2085
  Avg = 968.88
  StdDev = 546.60
------------------------------


=============================
Starting run 49 of 50
=============================
Processed Task 3 (MEDIUM) | Wait: 1ms, Turnaround: 60ms, Thread: pool-50-thread-2
Processed Task 1 (LOW) | Wait: 1ms, Turnaround: 60ms, Thread: pool-50-thread-3
Processed Task 99 (HIGH) | Wait: 0ms, Turnaround: 60ms, Thread: pool-50-thread-1
Processed Task 6 (MEDIUM) | Wait: 60ms, Turnaround: 122ms, Thread: pool-50-thread-2
Processed Task 97 (HIGH) | Wait: 60ms, Turnaround: 122ms, Thread: pool-50-thread-1
Processed Task 2 (LOW) | Wait: 60ms, Turnaround: 122ms, Thread: pool-50-thread-3
Processed Task 95 (HIGH) | Wait: 122ms, Turnaround: 175ms, Thread: pool-50-thread-1
Processed Task 7 (MEDIUM) | Wait: 122ms, Turnaround: 175ms, Thread: pool-50-thread-2
Processed Task 5 (LOW) | Wait: 122ms, Turnaround: 175ms, Thread: pool-50-thread-3
Processed Task 8 (LOW) | Wait: 175ms, Turnaround: 234ms, Thread: pool-50-thread-3
Processed Task 93 (HIGH) | Wait: 175ms, Turnaround: 234ms, Thread: pool-50-thread-1
Processed Task 10 (MEDIUM) | Wait: 175ms, Turnaround: 234ms, Thread: pool-50-thread-2
Processed Task 11 (MEDIUM) | Wait: 234ms, Turnaround: 289ms, Thread: pool-50-thread-2
Processed Task 9 (LOW) | Wait: 234ms, Turnaround: 289ms, Thread: pool-50-thread-3
Processed Task 91 (HIGH) | Wait: 234ms, Turnaround: 289ms, Thread: pool-50-thread-1
Processed Task 13 (LOW) | Wait: 289ms, Turnaround: 341ms, Thread: pool-50-thread-3
Processed Task 89 (HIGH) | Wait: 289ms, Turnaround: 341ms, Thread: pool-50-thread-1
Processed Task 12 (MEDIUM) | Wait: 289ms, Turnaround: 341ms, Thread: pool-50-thread-2
Processed Task 15 (LOW) | Wait: 341ms, Turnaround: 397ms, Thread: pool-50-thread-3
Processed Task 87 (HIGH) | Wait: 341ms, Turnaround: 397ms, Thread: pool-50-thread-1
Processed Task 24 (MEDIUM) | Wait: 341ms, Turnaround: 397ms, Thread: pool-50-thread-2
Processed Task 82 (HIGH) | Wait: 397ms, Turnaround: 448ms, Thread: pool-50-thread-1
Processed Task 16 (LOW) | Wait: 397ms, Turnaround: 448ms, Thread: pool-50-thread-3
Processed Task 27 (MEDIUM) | Wait: 397ms, Turnaround: 449ms, Thread: pool-50-thread-2
Processed Task 17 (LOW) | Wait: 448ms, Turnaround: 499ms, Thread: pool-50-thread-3
Processed Task 29 (MEDIUM) | Wait: 449ms, Turnaround: 499ms, Thread: pool-50-thread-2
Processed Task 80 (HIGH) | Wait: 448ms, Turnaround: 499ms, Thread: pool-50-thread-1
Processed Task 79 (HIGH) | Wait: 499ms, Turnaround: 553ms, Thread: pool-50-thread-1
Processed Task 37 (MEDIUM) | Wait: 499ms, Turnaround: 553ms, Thread: pool-50-thread-2
Processed Task 19 (LOW) | Wait: 499ms, Turnaround: 553ms, Thread: pool-50-thread-3
Processed Task 77 (HIGH) | Wait: 553ms, Turnaround: 609ms, Thread: pool-50-thread-1
Processed Task 21 (LOW) | Wait: 553ms, Turnaround: 609ms, Thread: pool-50-thread-3
Processed Task 39 (MEDIUM) | Wait: 553ms, Turnaround: 609ms, Thread: pool-50-thread-2
Processed Task 23 (LOW) | Wait: 609ms, Turnaround: 660ms, Thread: pool-50-thread-3
Processed Task 41 (MEDIUM) | Wait: 609ms, Turnaround: 662ms, Thread: pool-50-thread-2
Processed Task 73 (HIGH) | Wait: 609ms, Turnaround: 662ms, Thread: pool-50-thread-1
Processed Task 44 (MEDIUM) | Wait: 662ms, Turnaround: 716ms, Thread: pool-50-thread-2
Processed Task 25 (LOW) | Wait: 660ms, Turnaround: 716ms, Thread: pool-50-thread-3
Processed Task 70 (HIGH) | Wait: 662ms, Turnaround: 716ms, Thread: pool-50-thread-1
Processed Task 30 (LOW) | Wait: 716ms, Turnaround: 768ms, Thread: pool-50-thread-3
Processed Task 45 (MEDIUM) | Wait: 716ms, Turnaround: 768ms, Thread: pool-50-thread-2
Processed Task 68 (HIGH) | Wait: 716ms, Turnaround: 768ms, Thread: pool-50-thread-1
Processed Task 63 (HIGH) | Wait: 768ms, Turnaround: 821ms, Thread: pool-50-thread-1
Processed Task 50 (MEDIUM) | Wait: 768ms, Turnaround: 821ms, Thread: pool-50-thread-2
Processed Task 31 (LOW) | Wait: 768ms, Turnaround: 821ms, Thread: pool-50-thread-3
Processed Task 32 (LOW) | Wait: 821ms, Turnaround: 872ms, Thread: pool-50-thread-3
Processed Task 51 (MEDIUM) | Wait: 821ms, Turnaround: 872ms, Thread: pool-50-thread-2
Processed Task 61 (HIGH) | Wait: 821ms, Turnaround: 872ms, Thread: pool-50-thread-1
Processed Task 33 (LOW) | Wait: 872ms, Turnaround: 923ms, Thread: pool-50-thread-3
Processed Task 53 (MEDIUM) | Wait: 872ms, Turnaround: 923ms, Thread: pool-50-thread-2
Processed Task 57 (HIGH) | Wait: 872ms, Turnaround: 923ms, Thread: pool-50-thread-1
Processed Task 34 (LOW) | Wait: 923ms, Turnaround: 977ms, Thread: pool-50-thread-3
Processed Task 60 (MEDIUM) | Wait: 923ms, Turnaround: 977ms, Thread: pool-50-thread-2
Processed Task 56 (HIGH) | Wait: 923ms, Turnaround: 977ms, Thread: pool-50-thread-1
Processed Task 65 (MEDIUM) | Wait: 977ms, Turnaround: 1042ms, Thread: pool-50-thread-2
Processed Task 54 (HIGH) | Wait: 977ms, Turnaround: 1042ms, Thread: pool-50-thread-1
Processed Task 35 (LOW) | Wait: 977ms, Turnaround: 1042ms, Thread: pool-50-thread-3
Processed Task 36 (LOW) | Wait: 1042ms, Turnaround: 1103ms, Thread: pool-50-thread-3
Processed Task 66 (MEDIUM) | Wait: 1042ms, Turnaround: 1103ms, Thread: pool-50-thread-2
Processed Task 52 (HIGH) | Wait: 1042ms, Turnaround: 1103ms, Thread: pool-50-thread-1
Processed Task 47 (HIGH) | Wait: 1103ms, Turnaround: 1163ms, Thread: pool-50-thread-1
Processed Task 67 (MEDIUM) | Wait: 1103ms, Turnaround: 1163ms, Thread: pool-50-thread-2
Processed Task 46 (LOW) | Wait: 1103ms, Turnaround: 1163ms, Thread: pool-50-thread-3
Processed Task 48 (LOW) | Wait: 1163ms, Turnaround: 1222ms, Thread: pool-50-thread-3
Processed Task 43 (HIGH) | Wait: 1163ms, Turnaround: 1222ms, Thread: pool-50-thread-1
Processed Task 74 (MEDIUM) | Wait: 1163ms, Turnaround: 1222ms, Thread: pool-50-thread-2
Processed Task 42 (HIGH) | Wait: 1222ms, Turnaround: 1277ms, Thread: pool-50-thread-1
Processed Task 76 (MEDIUM) | Wait: 1222ms, Turnaround: 1277ms, Thread: pool-50-thread-2
Processed Task 49 (LOW) | Wait: 1222ms, Turnaround: 1277ms, Thread: pool-50-thread-3
Processed Task 55 (LOW) | Wait: 1277ms, Turnaround: 1348ms, Thread: pool-50-thread-3
Processed Task 78 (MEDIUM) | Wait: 1277ms, Turnaround: 1348ms, Thread: pool-50-thread-2
Processed Task 40 (HIGH) | Wait: 1277ms, Turnaround: 1348ms, Thread: pool-50-thread-1
Processed Task 81 (MEDIUM) | Wait: 1348ms, Turnaround: 1403ms, Thread: pool-50-thread-2
Processed Task 38 (HIGH) | Wait: 1348ms, Turnaround: 1403ms, Thread: pool-50-thread-1
Processed Task 58 (LOW) | Wait: 1348ms, Turnaround: 1403ms, Thread: pool-50-thread-3
Processed Task 59 (LOW) | Wait: 1403ms, Turnaround: 1456ms, Thread: pool-50-thread-3
Processed Task 85 (MEDIUM) | Wait: 1403ms, Turnaround: 1456ms, Thread: pool-50-thread-2
Processed Task 28 (HIGH) | Wait: 1403ms, Turnaround: 1456ms, Thread: pool-50-thread-1
Processed Task 62 (LOW) | Wait: 1456ms, Turnaround: 1511ms, Thread: pool-50-thread-3
Processed Task 26 (HIGH) | Wait: 1456ms, Turnaround: 1511ms, Thread: pool-50-thread-1
Processed Task 86 (MEDIUM) | Wait: 1456ms, Turnaround: 1511ms, Thread: pool-50-thread-2
Processed Task 22 (HIGH) | Wait: 1511ms, Turnaround: 1564ms, Thread: pool-50-thread-1
Processed Task 88 (MEDIUM) | Wait: 1511ms, Turnaround: 1564ms, Thread: pool-50-thread-2
Processed Task 64 (LOW) | Wait: 1511ms, Turnaround: 1564ms, Thread: pool-50-thread-3
Processed Task 20 (HIGH) | Wait: 1564ms, Turnaround: 1630ms, Thread: pool-50-thread-1
Processed Task 69 (LOW) | Wait: 1564ms, Turnaround: 1630ms, Thread: pool-50-thread-3
Processed Task 90 (MEDIUM) | Wait: 1564ms, Turnaround: 1630ms, Thread: pool-50-thread-2
Processed Task 18 (HIGH) | Wait: 1630ms, Turnaround: 1695ms, Thread: pool-50-thread-1
Processed Task 71 (LOW) | Wait: 1630ms, Turnaround: 1695ms, Thread: pool-50-thread-3
Processed Task 94 (MEDIUM) | Wait: 1630ms, Turnaround: 1695ms, Thread: pool-50-thread-2
Processed Task 14 (HIGH) | Wait: 1695ms, Turnaround: 1747ms, Thread: pool-50-thread-1
Processed Task 72 (LOW) | Wait: 1695ms, Turnaround: 1747ms, Thread: pool-50-thread-3
Processed Task 96 (MEDIUM) | Wait: 1695ms, Turnaround: 1747ms, Thread: pool-50-thread-2
Processed Task 4 (HIGH) | Wait: 1747ms, Turnaround: 1803ms, Thread: pool-50-thread-1
Processed Task 98 (MEDIUM) | Wait: 1747ms, Turnaround: 1803ms, Thread: pool-50-thread-2
Processed Task 75 (LOW) | Wait: 1747ms, Turnaround: 1803ms, Thread: pool-50-thread-3
Processed Task 83 (LOW) | Wait: 1803ms, Turnaround: 1854ms, Thread: pool-50-thread-3
Processed Task 84 (LOW) | Wait: 1854ms, Turnaround: 1911ms, Thread: pool-50-thread-3
Processed Task 92 (LOW) | Wait: 1911ms, Turnaround: 1963ms, Thread: pool-50-thread-3
Processed Task 100 (LOW) | Wait: 1963ms, Turnaround: 2019ms, Thread: pool-50-thread-3

----- RESULTS FOR THIS RUN -----
Tasks processed: 100
Total elapsed: 2.02 s
Throughput: 49.53 tasks/s

Wait Time (ms):
  Min = 0
  Max = 1963
  Avg = 904.13
  StdDev = 543.52

Turnaround Time (ms):
  Min = 60
  Max = 2019
  Avg = 960.36
  StdDev = 544.38
------------------------------


=============================
Starting run 50 of 50
=============================
Processed Task 98 (HIGH) | Wait: 0ms, Turnaround: 52ms, Thread: pool-51-thread-1
Processed Task 1 (MEDIUM) | Wait: 0ms, Turnaround: 53ms, Thread: pool-51-thread-2
Processed Task 6 (LOW) | Wait: 0ms, Turnaround: 53ms, Thread: pool-51-thread-3
Processed Task 97 (HIGH) | Wait: 52ms, Turnaround: 105ms, Thread: pool-51-thread-1
Processed Task 2 (MEDIUM) | Wait: 53ms, Turnaround: 105ms, Thread: pool-51-thread-2
Processed Task 9 (LOW) | Wait: 53ms, Turnaround: 108ms, Thread: pool-51-thread-3
Processed Task 90 (HIGH) | Wait: 105ms, Turnaround: 178ms, Thread: pool-51-thread-1
Processed Task 5 (MEDIUM) | Wait: 105ms, Turnaround: 178ms, Thread: pool-51-thread-2
Processed Task 11 (LOW) | Wait: 108ms, Turnaround: 178ms, Thread: pool-51-thread-3
Processed Task 89 (HIGH) | Wait: 178ms, Turnaround: 228ms, Thread: pool-51-thread-1
Processed Task 7 (MEDIUM) | Wait: 178ms, Turnaround: 228ms, Thread: pool-51-thread-2
Processed Task 12 (LOW) | Wait: 178ms, Turnaround: 228ms, Thread: pool-51-thread-3
Processed Task 13 (LOW) | Wait: 228ms, Turnaround: 285ms, Thread: pool-51-thread-3
Processed Task 86 (HIGH) | Wait: 228ms, Turnaround: 285ms, Thread: pool-51-thread-1
Processed Task 15 (MEDIUM) | Wait: 228ms, Turnaround: 285ms, Thread: pool-51-thread-2
Processed Task 18 (MEDIUM) | Wait: 285ms, Turnaround: 341ms, Thread: pool-51-thread-2
Processed Task 14 (LOW) | Wait: 285ms, Turnaround: 341ms, Thread: pool-51-thread-3
Processed Task 78 (HIGH) | Wait: 285ms, Turnaround: 341ms, Thread: pool-51-thread-1
Processed Task 20 (LOW) | Wait: 341ms, Turnaround: 392ms, Thread: pool-51-thread-3
Processed Task 19 (MEDIUM) | Wait: 341ms, Turnaround: 392ms, Thread: pool-51-thread-2
Processed Task 76 (HIGH) | Wait: 341ms, Turnaround: 392ms, Thread: pool-51-thread-1
Processed Task 75 (HIGH) | Wait: 392ms, Turnaround: 443ms, Thread: pool-51-thread-1
Processed Task 23 (LOW) | Wait: 392ms, Turnaround: 443ms, Thread: pool-51-thread-3
Processed Task 24 (MEDIUM) | Wait: 392ms, Turnaround: 443ms, Thread: pool-51-thread-2
Processed Task 26 (MEDIUM) | Wait: 443ms, Turnaround: 520ms, Thread: pool-51-thread-2
Processed Task 25 (LOW) | Wait: 443ms, Turnaround: 520ms, Thread: pool-51-thread-3
Processed Task 74 (HIGH) | Wait: 443ms, Turnaround: 520ms, Thread: pool-51-thread-1
Processed Task 28 (MEDIUM) | Wait: 520ms, Turnaround: 575ms, Thread: pool-51-thread-2
Processed Task 31 (LOW) | Wait: 520ms, Turnaround: 575ms, Thread: pool-51-thread-3
Processed Task 71 (HIGH) | Wait: 520ms, Turnaround: 575ms, Thread: pool-51-thread-1
Processed Task 32 (LOW) | Wait: 575ms, Turnaround: 628ms, Thread: pool-51-thread-3
Processed Task 34 (MEDIUM) | Wait: 575ms, Turnaround: 628ms, Thread: pool-51-thread-2
Processed Task 66 (HIGH) | Wait: 575ms, Turnaround: 628ms, Thread: pool-51-thread-1
Processed Task 33 (LOW) | Wait: 628ms, Turnaround: 683ms, Thread: pool-51-thread-3
Processed Task 35 (MEDIUM) | Wait: 628ms, Turnaround: 683ms, Thread: pool-51-thread-2
Processed Task 65 (HIGH) | Wait: 628ms, Turnaround: 683ms, Thread: pool-51-thread-1
Processed Task 64 (HIGH) | Wait: 683ms, Turnaround: 736ms, Thread: pool-51-thread-1
Processed Task 37 (MEDIUM) | Wait: 683ms, Turnaround: 736ms, Thread: pool-51-thread-2
Processed Task 36 (LOW) | Wait: 683ms, Turnaround: 736ms, Thread: pool-51-thread-3
Processed Task 38 (MEDIUM) | Wait: 736ms, Turnaround: 791ms, Thread: pool-51-thread-2
Processed Task 63 (HIGH) | Wait: 736ms, Turnaround: 791ms, Thread: pool-51-thread-1
Processed Task 40 (LOW) | Wait: 736ms, Turnaround: 791ms, Thread: pool-51-thread-3
Processed Task 41 (LOW) | Wait: 791ms, Turnaround: 844ms, Thread: pool-51-thread-3
Processed Task 61 (HIGH) | Wait: 791ms, Turnaround: 844ms, Thread: pool-51-thread-1
Processed Task 45 (MEDIUM) | Wait: 791ms, Turnaround: 844ms, Thread: pool-51-thread-2
Processed Task 49 (MEDIUM) | Wait: 844ms, Turnaround: 900ms, Thread: pool-51-thread-2
Processed Task 44 (LOW) | Wait: 844ms, Turnaround: 900ms, Thread: pool-51-thread-3
Processed Task 59 (HIGH) | Wait: 844ms, Turnaround: 900ms, Thread: pool-51-thread-1
Processed Task 48 (LOW) | Wait: 900ms, Turnaround: 952ms, Thread: pool-51-thread-3
Processed Task 57 (HIGH) | Wait: 900ms, Turnaround: 952ms, Thread: pool-51-thread-1
Processed Task 52 (MEDIUM) | Wait: 900ms, Turnaround: 952ms, Thread: pool-51-thread-2
Processed Task 50 (LOW) | Wait: 952ms, Turnaround: 1009ms, Thread: pool-51-thread-3
Processed Task 56 (HIGH) | Wait: 952ms, Turnaround: 1009ms, Thread: pool-51-thread-1
Processed Task 58 (MEDIUM) | Wait: 952ms, Turnaround: 1009ms, Thread: pool-51-thread-2
Processed Task 67 (MEDIUM) | Wait: 1009ms, Turnaround: 1069ms, Thread: pool-51-thread-2
Processed Task 51 (LOW) | Wait: 1009ms, Turnaround: 1069ms, Thread: pool-51-thread-3
Processed Task 55 (HIGH) | Wait: 1009ms, Turnaround: 1069ms, Thread: pool-51-thread-1
Processed Task 68 (MEDIUM) | Wait: 1069ms, Turnaround: 1124ms, Thread: pool-51-thread-2
Processed Task 54 (HIGH) | Wait: 1069ms, Turnaround: 1124ms, Thread: pool-51-thread-1
Processed Task 60 (LOW) | Wait: 1069ms, Turnaround: 1124ms, Thread: pool-51-thread-3
Processed Task 53 (HIGH) | Wait: 1124ms, Turnaround: 1177ms, Thread: pool-51-thread-1
Processed Task 62 (LOW) | Wait: 1124ms, Turnaround: 1177ms, Thread: pool-51-thread-3
Processed Task 70 (MEDIUM) | Wait: 1124ms, Turnaround: 1177ms, Thread: pool-51-thread-2
Processed Task 47 (HIGH) | Wait: 1177ms, Turnaround: 1232ms, Thread: pool-51-thread-1
Processed Task 72 (MEDIUM) | Wait: 1177ms, Turnaround: 1232ms, Thread: pool-51-thread-2
Processed Task 69 (LOW) | Wait: 1177ms, Turnaround: 1232ms, Thread: pool-51-thread-3
Processed Task 73 (MEDIUM) | Wait: 1232ms, Turnaround: 1285ms, Thread: pool-51-thread-2
Processed Task 79 (LOW) | Wait: 1232ms, Turnaround: 1285ms, Thread: pool-51-thread-3
Processed Task 46 (HIGH) | Wait: 1232ms, Turnaround: 1285ms, Thread: pool-51-thread-1
Processed Task 83 (LOW) | Wait: 1285ms, Turnaround: 1340ms, Thread: pool-51-thread-3
Processed Task 43 (HIGH) | Wait: 1285ms, Turnaround: 1340ms, Thread: pool-51-thread-1
Processed Task 77 (MEDIUM) | Wait: 1285ms, Turnaround: 1340ms, Thread: pool-51-thread-2
Processed Task 42 (HIGH) | Wait: 1340ms, Turnaround: 1394ms, Thread: pool-51-thread-1
Processed Task 87 (LOW) | Wait: 1340ms, Turnaround: 1394ms, Thread: pool-51-thread-3
Processed Task 80 (MEDIUM) | Wait: 1340ms, Turnaround: 1394ms, Thread: pool-51-thread-2
Processed Task 39 (HIGH) | Wait: 1394ms, Turnaround: 1449ms, Thread: pool-51-thread-1
Processed Task 91 (LOW) | Wait: 1394ms, Turnaround: 1449ms, Thread: pool-51-thread-3
Processed Task 81 (MEDIUM) | Wait: 1394ms, Turnaround: 1449ms, Thread: pool-51-thread-2
Processed Task 92 (LOW) | Wait: 1449ms, Turnaround: 1502ms, Thread: pool-51-thread-3
Processed Task 82 (MEDIUM) | Wait: 1449ms, Turnaround: 1502ms, Thread: pool-51-thread-2
Processed Task 30 (HIGH) | Wait: 1449ms, Turnaround: 1502ms, Thread: pool-51-thread-1
Processed Task 84 (MEDIUM) | Wait: 1502ms, Turnaround: 1557ms, Thread: pool-51-thread-2
Processed Task 29 (HIGH) | Wait: 1502ms, Turnaround: 1557ms, Thread: pool-51-thread-1
Processed Task 85 (MEDIUM) | Wait: 1557ms, Turnaround: 1610ms, Thread: pool-51-thread-2
Processed Task 27 (HIGH) | Wait: 1557ms, Turnaround: 1610ms, Thread: pool-51-thread-1
Processed Task 88 (MEDIUM) | Wait: 1610ms, Turnaround: 1666ms, Thread: pool-51-thread-2
Processed Task 22 (HIGH) | Wait: 1610ms, Turnaround: 1666ms, Thread: pool-51-thread-1
Processed Task 93 (MEDIUM) | Wait: 1666ms, Turnaround: 1718ms, Thread: pool-51-thread-2
Processed Task 21 (HIGH) | Wait: 1666ms, Turnaround: 1718ms, Thread: pool-51-thread-1
Processed Task 94 (MEDIUM) | Wait: 1718ms, Turnaround: 1774ms, Thread: pool-51-thread-2
Processed Task 17 (HIGH) | Wait: 1718ms, Turnaround: 1774ms, Thread: pool-51-thread-1
Processed Task 95 (MEDIUM) | Wait: 1774ms, Turnaround: 1827ms, Thread: pool-51-thread-2
Processed Task 16 (HIGH) | Wait: 1774ms, Turnaround: 1827ms, Thread: pool-51-thread-1
Processed Task 96 (MEDIUM) | Wait: 1827ms, Turnaround: 1881ms, Thread: pool-51-thread-2
Processed Task 10 (HIGH) | Wait: 1827ms, Turnaround: 1881ms, Thread: pool-51-thread-1
Processed Task 8 (HIGH) | Wait: 1881ms, Turnaround: 1935ms, Thread: pool-51-thread-1
Processed Task 99 (MEDIUM) | Wait: 1881ms, Turnaround: 1935ms, Thread: pool-51-thread-2
Processed Task 4 (HIGH) | Wait: 1935ms, Turnaround: 1989ms, Thread: pool-51-thread-1
Processed Task 100 (MEDIUM) | Wait: 1935ms, Turnaround: 1989ms, Thread: pool-51-thread-2
Processed Task 3 (HIGH) | Wait: 1989ms, Turnaround: 2043ms, Thread: pool-51-thread-1

----- RESULTS FOR THIS RUN -----
Tasks processed: 100
Total elapsed: 2.04 s
Throughput: 48.95 tasks/s

Wait Time (ms):
  Min = 0
  Max = 1989
  Avg = 921.30
  StdDev = 558.31

Turnaround Time (ms):
  Min = 52
  Max = 2043
  Avg = 976.64
  StdDev = 557.26
------------------------------


All 50 runs have completed.
]]></system-out>
  </testcase>
</testsuite>